#
# There is insufficient memory for the Java Runtime Environment to continue.
# Native memory allocation (mmap) failed to map 32505856 bytes for Failed to commit area from 0x0000000089a00000 to 0x000000008b900000 of length 32505856.
# Possible reasons:
#   The system is out of physical RAM or swap space
#   The process is running with CompressedOops enabled, and the Java Heap may be blocking the growth of the native heap
# Possible solutions:
#   Reduce memory load on the system
#   Increase physical memory or swap space
#   Check if swap backing store is full
#   Decrease Java heap size (-Xmx/-Xms)
#   Decrease number of Java threads
#   Decrease Java thread stack sizes (-Xss)
#   Set larger code cache with -XX:ReservedCodeCacheSize=
#   JVM is running with Unscaled Compressed Oops mode in which the Java heap is
#     placed in the first 4GB address space. The Java Heap base address is the
#     maximum limit for the native heap growth. Please use -XX:HeapBaseMinAddress
#     to set the Java Heap base and to place the Java Heap above 4GB virtual address.
# This output file may be truncated or incomplete.
#
#  Out of Memory Error (./src/hotspot/os/windows/os_windows.cpp:3521), pid=1232, tid=13944
#
# JRE version: OpenJDK Runtime Environment (11.0.12+7) (build 11.0.12+7-b1504.28-7817840)
# Java VM: OpenJDK 64-Bit Server VM (11.0.12+7-b1504.28-7817840, mixed mode, tiered, compressed oops, g1 gc, windows-amd64)
# No core dump will be written. Minidumps are not enabled by default on client versions of Windows
#

---------------  S U M M A R Y ------------

Command Line: --add-opens=java.base/java.util=ALL-UNNAMED --add-opens=java.base/java.lang=ALL-UNNAMED --add-opens=java.base/java.lang.invoke=ALL-UNNAMED --add-opens=java.base/java.util=ALL-UNNAMED --add-opens=java.prefs/java.util.prefs=ALL-UNNAMED --add-opens=java.prefs/java.util.prefs=ALL-UNNAMED --add-opens=java.base/java.nio.charset=ALL-UNNAMED --add-opens=java.base/java.net=ALL-UNNAMED --add-opens=java.base/java.util.concurrent.atomic=ALL-UNNAMED -Xmx2048m -Dfile.encoding=UTF-8 -Duser.country=US -Duser.language=en -Duser.variant org.gradle.launcher.daemon.bootstrap.GradleDaemon 7.3.3

Host: Intel(R) Core(TM) i5-8250U CPU @ 1.60GHz, 8 cores, 7G,  Windows 10 , 64 bit Build 19041 (10.0.19041.1806)
Time: Fri Aug  5 16:01:16 2022 Bangladesh Standard Time elapsed time: 16.595362 seconds (0d 0h 0m 16s)

---------------  T H R E A D  ---------------

Current thread (0x0000024a1f67c000):  VMThread "VM Thread" [stack: 0x0000005714b00000,0x0000005714c00000] [id=13944]

Stack: [0x0000005714b00000,0x0000005714c00000]
[error occurred during error reporting (printing stack bounds), id 0xc0000005, EXCEPTION_ACCESS_VIOLATION (0xc0000005) at pc=0x0000024a0855112d]

Native frames: (J=compiled Java code, j=interpreted, Vv=VM code, C=native code)
V  [jvm.dll+0x5fbcea]
V  [jvm.dll+0x731905]
V  [jvm.dll+0x732f1d]
V  [jvm.dll+0x733535]
V  [jvm.dll+0x7334eb]
V  [jvm.dll+0x5fb080]
V  [jvm.dll+0x5fb818]
C  [ntdll.dll+0xa229f]
C  [ntdll.dll+0x51454]
C  [ntdll.dll+0xa0dce]
C  0x0000024a0855112d

VM_Operation (0x000000571dafe000): G1CollectForAllocation, mode: safepoint, requested by thread 0x0000024a28bc2000


---------------  P R O C E S S  ---------------

Threads class SMR info:
_java_thread_list=0x0000024a2cbf3b20, length=133, elements={
0x0000024a0323e800, 0x0000024a1f67e800, 0x0000024a1f682000, 0x0000024a1f69a800,
0x0000024a1f69c000, 0x0000024a1f69e000, 0x0000024a1f6ab000, 0x0000024a20024000,
0x0000024a1f6b8000, 0x0000024a20192000, 0x0000024a21827000, 0x0000024a21a34000,
0x0000024a23597000, 0x0000024a20536000, 0x0000024a22024000, 0x0000024a203be800,
0x0000024a22150000, 0x0000024a22655800, 0x0000024a2200c000, 0x0000024a22685800,
0x0000024a236dc000, 0x0000024a236d8000, 0x0000024a236d9000, 0x0000024a236d9800,
0x0000024a236da800, 0x0000024a236dd000, 0x0000024a236db800, 0x0000024a236d7800,
0x0000024a236de000, 0x0000024a2381e800, 0x0000024a2381f800, 0x0000024a2381b800,
0x0000024a2381e000, 0x0000024a23820000, 0x0000024a2381a800, 0x0000024a23822000,
0x0000024a2381c000, 0x0000024a23826000, 0x0000024a23825000, 0x0000024a23827000,
0x0000024a23827800, 0x0000024a23828800, 0x0000024a23822800, 0x0000024a23823800,
0x0000024a23824800, 0x0000024a234b8800, 0x0000024a234bd800, 0x0000024a234bc000,
0x0000024a234b9800, 0x0000024a234be800, 0x0000024a234bf000, 0x0000024a234ba000,
0x0000024a234bb000, 0x0000024a234bc800, 0x0000024a25ffb800, 0x0000024a25ff7800,
0x0000024a25ff9000, 0x0000024a25ff6800, 0x0000024a25ffb000, 0x0000024a25ffc800,
0x0000024a25ff8800, 0x0000024a25ffd000, 0x0000024a25ffe000, 0x0000024a25fff000,
0x0000024a25fff800, 0x0000024a25ffa000, 0x0000024a26000800, 0x0000024a26003000,
0x0000024a26001800, 0x0000024a26002000, 0x0000024a26003800, 0x0000024a26004800,
0x0000024a26005800, 0x0000024a25385800, 0x0000024a25384000, 0x0000024a25383000,
0x0000024a25384800, 0x0000024a25386800, 0x0000024a25380800, 0x0000024a25387000,
0x0000024a25381800, 0x0000024a25388000, 0x0000024a25382000, 0x0000024a2538c000,
0x0000024a2538e800, 0x0000024a2538d800, 0x0000024a2538d000, 0x0000024a25388800,
0x0000024a2538f000, 0x0000024a25389800, 0x0000024a2538b000, 0x0000024a2538a800,
0x0000024a26abf800, 0x0000024a26abd800, 0x0000024a26abe800, 0x0000024a26ac0000,
0x0000024a26ac1000, 0x0000024a26ac1800, 0x0000024a26ac2800, 0x0000024a26abd000,
0x0000024a26ac6800, 0x0000024a26ac9000, 0x0000024a26ac8800, 0x0000024a26ac3800,
0x0000024a26aca000, 0x0000024a26ac4000, 0x0000024a26ac6000, 0x0000024a26ac5000,
0x0000024a26aca800, 0x0000024a26acb800, 0x0000024a26ac7800, 0x0000024a27439000,
0x0000024a27436800, 0x0000024a27435000, 0x0000024a27437800, 0x0000024a2743a000,
0x0000024a27438800, 0x0000024a27434000, 0x0000024a27436000, 0x0000024a27440800,
0x0000024a2743b800, 0x0000024a2743a800, 0x0000024a229d9800, 0x0000024a2743d000,
0x0000024a2743f800, 0x0000024a27441800, 0x0000024a27442000, 0x0000024a2743c800,
0x0000024a27443000, 0x0000024a28bc5000, 0x0000024a28bc4000, 0x0000024a28bc6000,
0x0000024a28bc2000
}

Java Threads: ( => current thread )
  0x0000024a0323e800 JavaThread "main" [_thread_blocked, id=13792, stack(0x0000005714500000,0x0000005714600000)]
  0x0000024a1f67e800 JavaThread "Reference Handler" daemon [_thread_blocked, id=14296, stack(0x0000005714c00000,0x0000005714d00000)]
  0x0000024a1f682000 JavaThread "Finalizer" daemon [_thread_blocked, id=10420, stack(0x0000005714d00000,0x0000005714e00000)]
  0x0000024a1f69a800 JavaThread "Signal Dispatcher" daemon [_thread_blocked, id=11676, stack(0x0000005714e00000,0x0000005714f00000)]
  0x0000024a1f69c000 JavaThread "Attach Listener" daemon [_thread_blocked, id=10380, stack(0x0000005714f00000,0x0000005715000000)]
  0x0000024a1f69e000 JavaThread "Service Thread" daemon [_thread_blocked, id=8412, stack(0x0000005715000000,0x0000005715100000)]
  0x0000024a1f6ab000 JavaThread "C2 CompilerThread0" daemon [_thread_in_native, id=10908, stack(0x0000005715100000,0x0000005715200000)]
  0x0000024a20024000 JavaThread "C1 CompilerThread0" daemon [_thread_blocked, id=6272, stack(0x0000005715200000,0x0000005715300000)]
  0x0000024a1f6b8000 JavaThread "Sweeper thread" daemon [_thread_blocked, id=7964, stack(0x0000005715300000,0x0000005715400000)]
  0x0000024a20192000 JavaThread "Common-Cleaner" daemon [_thread_blocked, id=6816, stack(0x0000005715400000,0x0000005715500000)]
  0x0000024a21827000 JavaThread "Daemon health stats" [_thread_blocked, id=9864, stack(0x0000005715a00000,0x0000005715b00000)]
  0x0000024a21a34000 JavaThread "Incoming local TCP Connector on port 63595" [_thread_in_native, id=756, stack(0x0000005715600000,0x0000005715700000)]
  0x0000024a23597000 JavaThread "Daemon periodic checks" [_thread_blocked, id=436, stack(0x0000005715900000,0x0000005715a00000)]
  0x0000024a20536000 JavaThread "Daemon" [_thread_blocked, id=7160, stack(0x0000005715b00000,0x0000005715c00000)]
  0x0000024a22024000 JavaThread "Handler for socket connection from /127.0.0.1:63595 to /127.0.0.1:63596" [_thread_in_native, id=296, stack(0x0000005715c00000,0x0000005715d00000)]
  0x0000024a203be800 JavaThread "Cancel handler" [_thread_blocked, id=8008, stack(0x0000005715d00000,0x0000005715e00000)]
  0x0000024a22150000 JavaThread "Daemon worker" [_thread_blocked, id=6856, stack(0x0000005715e00000,0x0000005715f00000)]
  0x0000024a22655800 JavaThread "C2 CompilerThread1" daemon [_thread_blocked, id=10736, stack(0x0000005715f00000,0x0000005716000000)]
  0x0000024a2200c000 JavaThread "Asynchronous log dispatcher for DefaultDaemonConnection: socket connection from /127.0.0.1:63595 to /127.0.0.1:63596" [_thread_blocked, id=12484, stack(0x0000005716000000,0x0000005716100000)]
  0x0000024a22685800 JavaThread "Stdin handler" [_thread_blocked, id=12732, stack(0x0000005716100000,0x0000005716200000)]
  0x0000024a236dc000 JavaThread "Daemon client event forwarder" [_thread_blocked, id=11600, stack(0x0000005716200000,0x0000005716300000)]
  0x0000024a236d8000 JavaThread "Cache worker for journal cache (C:\Users\Rajesh\.gradle\caches\journal-1)" [_thread_blocked, id=11592, stack(0x0000005716800000,0x0000005716900000)]
  0x0000024a236d9000 JavaThread "File lock request listener" [_thread_in_native, id=1444, stack(0x0000005716900000,0x0000005716a00000)]
  0x0000024a236d9800 JavaThread "Cache worker for file hash cache (C:\Users\Rajesh\.gradle\caches\7.3.3\fileHashes)" [_thread_blocked, id=7616, stack(0x0000005716a00000,0x0000005716b00000)]
  0x0000024a236da800 JavaThread "Cache worker for file hash cache (F:\AndroidStudioProjects\MovieApp\.gradle\7.3.3\fileHashes)" [_thread_blocked, id=13900, stack(0x0000005716c00000,0x0000005716d00000)]
  0x0000024a236dd000 JavaThread "File watcher server" daemon [_thread_blocked, id=13860, stack(0x0000005716d00000,0x0000005716e00000)]
  0x0000024a236db800 JavaThread "File watcher consumer" daemon [_thread_blocked, id=10496, stack(0x0000005716e00000,0x0000005716f00000)]
  0x0000024a236d7800 JavaThread "Cache worker for checksums cache (F:\AndroidStudioProjects\MovieApp\.gradle\7.3.3\checksums)" [_thread_blocked, id=6648, stack(0x0000005717000000,0x0000005717100000)]
  0x0000024a236de000 JavaThread "Cache worker for cache directory md-supplier (C:\Users\Rajesh\.gradle\caches\7.3.3\md-supplier)" [_thread_blocked, id=14116, stack(0x0000005717100000,0x0000005717200000)]
  0x0000024a2381e800 JavaThread "Cache worker for cache directory md-rule (C:\Users\Rajesh\.gradle\caches\7.3.3\md-rule)" [_thread_blocked, id=13572, stack(0x0000005717200000,0x0000005717300000)]
  0x0000024a2381f800 JavaThread "Cache worker for execution history cache (C:\Users\Rajesh\.gradle\caches\7.3.3\executionHistory)" [_thread_blocked, id=688, stack(0x0000005717300000,0x0000005717400000)]
  0x0000024a2381b800 JavaThread "jar transforms" [_thread_blocked, id=6836, stack(0x0000005717400000,0x0000005717500000)]
  0x0000024a2381e000 JavaThread "Cache worker for file content cache (C:\Users\Rajesh\.gradle\caches\7.3.3\fileContent)" [_thread_blocked, id=9380, stack(0x0000005717500000,0x0000005717600000)]
  0x0000024a23820000 JavaThread "jar transforms Thread 2" [_thread_blocked, id=1488, stack(0x0000005717600000,0x0000005717700000)]
  0x0000024a2381a800 JavaThread "Cache worker for dependencies-accessors (F:\AndroidStudioProjects\MovieApp\.gradle\7.3.3\dependencies-accessors)" [_thread_blocked, id=9356, stack(0x0000005717700000,0x0000005717800000)]
  0x0000024a23822000 JavaThread "jar transforms Thread 3" [_thread_blocked, id=10876, stack(0x0000005717800000,0x0000005717900000)]
  0x0000024a2381c000 JavaThread "Cache worker for Build Output Cleanup Cache (F:\AndroidStudioProjects\MovieApp\.gradle\buildOutputCleanup)" [_thread_blocked, id=13728, stack(0x0000005717900000,0x0000005717a00000)]
  0x0000024a23826000 JavaThread "Unconstrained build operations" [_thread_blocked, id=9880, stack(0x0000005717a00000,0x0000005717b00000)]
  0x0000024a23825000 JavaThread "Unconstrained build operations Thread 2" [_thread_blocked, id=10768, stack(0x0000005717b00000,0x0000005717c00000)]
  0x0000024a23827000 JavaThread "Unconstrained build operations Thread 3" [_thread_blocked, id=13760, stack(0x0000005717c00000,0x0000005717d00000)]
  0x0000024a23827800 JavaThread "Unconstrained build operations Thread 4" [_thread_blocked, id=13204, stack(0x0000005717d00000,0x0000005717e00000)]
  0x0000024a23828800 JavaThread "Unconstrained build operations Thread 5" [_thread_blocked, id=7484, stack(0x0000005717e00000,0x0000005717f00000)]
  0x0000024a23822800 JavaThread "Unconstrained build operations Thread 6" [_thread_blocked, id=13408, stack(0x0000005717f00000,0x0000005718000000)]
  0x0000024a23823800 JavaThread "Unconstrained build operations Thread 7" [_thread_blocked, id=1860, stack(0x0000005718000000,0x0000005718100000)]
  0x0000024a23824800 JavaThread "Unconstrained build operations Thread 8" [_thread_blocked, id=2340, stack(0x0000005718100000,0x0000005718200000)]
  0x0000024a234b8800 JavaThread "Unconstrained build operations Thread 9" [_thread_blocked, id=11960, stack(0x0000005718200000,0x0000005718300000)]
  0x0000024a234bd800 JavaThread "Unconstrained build operations Thread 10" [_thread_blocked, id=5328, stack(0x0000005718300000,0x0000005718400000)]
  0x0000024a234bc000 JavaThread "Unconstrained build operations Thread 11" [_thread_blocked, id=12660, stack(0x0000005718400000,0x0000005718500000)]
  0x0000024a234b9800 JavaThread "Unconstrained build operations Thread 12" [_thread_blocked, id=7800, stack(0x0000005718500000,0x0000005718600000)]
  0x0000024a234be800 JavaThread "Unconstrained build operations Thread 13" [_thread_blocked, id=8508, stack(0x0000005718600000,0x0000005718700000)]
  0x0000024a234bf000 JavaThread "Unconstrained build operations Thread 14" [_thread_blocked, id=9016, stack(0x0000005718700000,0x0000005718800000)]
  0x0000024a234ba000 JavaThread "Unconstrained build operations Thread 15" [_thread_blocked, id=13476, stack(0x0000005718800000,0x0000005718900000)]
  0x0000024a234bb000 JavaThread "Unconstrained build operations Thread 16" [_thread_blocked, id=588, stack(0x0000005718900000,0x0000005718a00000)]
  0x0000024a234bc800 JavaThread "Unconstrained build operations Thread 17" [_thread_blocked, id=4340, stack(0x0000005718a00000,0x0000005718b00000)]
  0x0000024a25ffb800 JavaThread "Unconstrained build operations Thread 18" [_thread_blocked, id=508, stack(0x0000005718b00000,0x0000005718c00000)]
  0x0000024a25ff7800 JavaThread "Unconstrained build operations Thread 19" [_thread_blocked, id=13492, stack(0x0000005718c00000,0x0000005718d00000)]
  0x0000024a25ff9000 JavaThread "Unconstrained build operations Thread 20" [_thread_blocked, id=6696, stack(0x0000005718d00000,0x0000005718e00000)]
  0x0000024a25ff6800 JavaThread "Unconstrained build operations Thread 21" [_thread_blocked, id=10464, stack(0x0000005718e00000,0x0000005718f00000)]
  0x0000024a25ffb000 JavaThread "Unconstrained build operations Thread 22" [_thread_blocked, id=13896, stack(0x0000005718f00000,0x0000005719000000)]
  0x0000024a25ffc800 JavaThread "Unconstrained build operations Thread 23" [_thread_blocked, id=8992, stack(0x0000005719000000,0x0000005719100000)]
  0x0000024a25ff8800 JavaThread "Unconstrained build operations Thread 24" [_thread_blocked, id=1744, stack(0x0000005719100000,0x0000005719200000)]
  0x0000024a25ffd000 JavaThread "Unconstrained build operations Thread 25" [_thread_blocked, id=11208, stack(0x0000005719200000,0x0000005719300000)]
  0x0000024a25ffe000 JavaThread "Unconstrained build operations Thread 26" [_thread_blocked, id=12056, stack(0x0000005719300000,0x0000005719400000)]
  0x0000024a25fff000 JavaThread "Unconstrained build operations Thread 27" [_thread_blocked, id=7392, stack(0x0000005719400000,0x0000005719500000)]
  0x0000024a25fff800 JavaThread "Unconstrained build operations Thread 28" [_thread_blocked, id=8208, stack(0x0000005719500000,0x0000005719600000)]
  0x0000024a25ffa000 JavaThread "Unconstrained build operations Thread 29" [_thread_blocked, id=8364, stack(0x0000005719600000,0x0000005719700000)]
  0x0000024a26000800 JavaThread "Unconstrained build operations Thread 30" [_thread_blocked, id=8768, stack(0x0000005719700000,0x0000005719800000)]
  0x0000024a26003000 JavaThread "Unconstrained build operations Thread 31" [_thread_blocked, id=7632, stack(0x0000005719800000,0x0000005719900000)]
  0x0000024a26001800 JavaThread "Unconstrained build operations Thread 32" [_thread_blocked, id=8724, stack(0x0000005719900000,0x0000005719a00000)]
  0x0000024a26002000 JavaThread "Unconstrained build operations Thread 33" [_thread_blocked, id=10032, stack(0x0000005719a00000,0x0000005719b00000)]
  0x0000024a26003800 JavaThread "Unconstrained build operations Thread 34" [_thread_blocked, id=12292, stack(0x0000005719b00000,0x0000005719c00000)]
  0x0000024a26004800 JavaThread "Unconstrained build operations Thread 35" [_thread_blocked, id=12128, stack(0x0000005719c00000,0x0000005719d00000)]
  0x0000024a26005800 JavaThread "Unconstrained build operations Thread 36" [_thread_blocked, id=936, stack(0x0000005719d00000,0x0000005719e00000)]
  0x0000024a25385800 JavaThread "Unconstrained build operations Thread 37" [_thread_blocked, id=9472, stack(0x0000005719e00000,0x0000005719f00000)]
  0x0000024a25384000 JavaThread "Unconstrained build operations Thread 38" [_thread_blocked, id=5688, stack(0x0000005719f00000,0x000000571a000000)]
  0x0000024a25383000 JavaThread "Unconstrained build operations Thread 39" [_thread_blocked, id=12044, stack(0x000000571a000000,0x000000571a100000)]
  0x0000024a25384800 JavaThread "Unconstrained build operations Thread 40" [_thread_blocked, id=828, stack(0x000000571a100000,0x000000571a200000)]
  0x0000024a25386800 JavaThread "Unconstrained build operations Thread 41" [_thread_blocked, id=13568, stack(0x000000571a200000,0x000000571a300000)]
  0x0000024a25380800 JavaThread "Unconstrained build operations Thread 42" [_thread_blocked, id=10064, stack(0x000000571a300000,0x000000571a400000)]
  0x0000024a25387000 JavaThread "Unconstrained build operations Thread 43" [_thread_blocked, id=7480, stack(0x000000571a400000,0x000000571a500000)]
  0x0000024a25381800 JavaThread "Unconstrained build operations Thread 44" [_thread_blocked, id=4560, stack(0x000000571a500000,0x000000571a600000)]
  0x0000024a25388000 JavaThread "Unconstrained build operations Thread 45" [_thread_blocked, id=12036, stack(0x000000571a600000,0x000000571a700000)]
  0x0000024a25382000 JavaThread "Unconstrained build operations Thread 46" [_thread_blocked, id=964, stack(0x000000571a700000,0x000000571a800000)]
  0x0000024a2538c000 JavaThread "Unconstrained build operations Thread 47" [_thread_blocked, id=9248, stack(0x000000571a800000,0x000000571a900000)]
  0x0000024a2538e800 JavaThread "Unconstrained build operations Thread 48" [_thread_blocked, id=3128, stack(0x000000571a900000,0x000000571aa00000)]
  0x0000024a2538d800 JavaThread "Unconstrained build operations Thread 49" [_thread_blocked, id=9640, stack(0x000000571aa00000,0x000000571ab00000)]
  0x0000024a2538d000 JavaThread "Unconstrained build operations Thread 50" [_thread_blocked, id=8808, stack(0x000000571ab00000,0x000000571ac00000)]
  0x0000024a25388800 JavaThread "Unconstrained build operations Thread 51" [_thread_blocked, id=1040, stack(0x000000571ac00000,0x000000571ad00000)]
  0x0000024a2538f000 JavaThread "Unconstrained build operations Thread 52" [_thread_blocked, id=7904, stack(0x000000571ad00000,0x000000571ae00000)]
  0x0000024a25389800 JavaThread "Unconstrained build operations Thread 53" [_thread_blocked, id=10476, stack(0x000000571ae00000,0x000000571af00000)]
  0x0000024a2538b000 JavaThread "Unconstrained build operations Thread 54" [_thread_blocked, id=8064, stack(0x000000571af00000,0x000000571b000000)]
  0x0000024a2538a800 JavaThread "Unconstrained build operations Thread 55" [_thread_blocked, id=2844, stack(0x000000571b000000,0x000000571b100000)]
  0x0000024a26abf800 JavaThread "Unconstrained build operations Thread 56" [_thread_blocked, id=4408, stack(0x000000571b100000,0x000000571b200000)]
  0x0000024a26abd800 JavaThread "Unconstrained build operations Thread 57" [_thread_blocked, id=8236, stack(0x000000571b200000,0x000000571b300000)]
  0x0000024a26abe800 JavaThread "Unconstrained build operations Thread 58" [_thread_blocked, id=10896, stack(0x000000571b300000,0x000000571b400000)]
  0x0000024a26ac0000 JavaThread "Unconstrained build operations Thread 59" [_thread_blocked, id=9984, stack(0x000000571b400000,0x000000571b500000)]
  0x0000024a26ac1000 JavaThread "Unconstrained build operations Thread 60" [_thread_blocked, id=6184, stack(0x000000571b500000,0x000000571b600000)]
  0x0000024a26ac1800 JavaThread "Unconstrained build operations Thread 61" [_thread_blocked, id=13148, stack(0x000000571b600000,0x000000571b700000)]
  0x0000024a26ac2800 JavaThread "Unconstrained build operations Thread 62" [_thread_blocked, id=12328, stack(0x000000571b700000,0x000000571b800000)]
  0x0000024a26abd000 JavaThread "Unconstrained build operations Thread 63" [_thread_blocked, id=13764, stack(0x000000571b800000,0x000000571b900000)]
  0x0000024a26ac6800 JavaThread "Unconstrained build operations Thread 64" [_thread_blocked, id=14020, stack(0x000000571b900000,0x000000571ba00000)]
  0x0000024a26ac9000 JavaThread "Unconstrained build operations Thread 65" [_thread_blocked, id=2876, stack(0x000000571ba00000,0x000000571bb00000)]
  0x0000024a26ac8800 JavaThread "Unconstrained build operations Thread 66" [_thread_blocked, id=10016, stack(0x000000571bb00000,0x000000571bc00000)]
  0x0000024a26ac3800 JavaThread "Unconstrained build operations Thread 67" [_thread_blocked, id=3100, stack(0x000000571bc00000,0x000000571bd00000)]
  0x0000024a26aca000 JavaThread "Unconstrained build operations Thread 68" [_thread_blocked, id=7552, stack(0x000000571bd00000,0x000000571be00000)]
  0x0000024a26ac4000 JavaThread "Unconstrained build operations Thread 69" [_thread_blocked, id=10180, stack(0x000000571be00000,0x000000571bf00000)]
  0x0000024a26ac6000 JavaThread "Unconstrained build operations Thread 70" [_thread_blocked, id=13644, stack(0x000000571bf00000,0x000000571c000000)]
  0x0000024a26ac5000 JavaThread "Unconstrained build operations Thread 71" [_thread_blocked, id=12552, stack(0x000000571c000000,0x000000571c100000)]
  0x0000024a26aca800 JavaThread "Unconstrained build operations Thread 72" [_thread_blocked, id=12892, stack(0x000000571c100000,0x000000571c200000)]
  0x0000024a26acb800 JavaThread "Unconstrained build operations Thread 73" [_thread_blocked, id=13368, stack(0x000000571c200000,0x000000571c300000)]
  0x0000024a26ac7800 JavaThread "Unconstrained build operations Thread 74" [_thread_blocked, id=8912, stack(0x000000571c300000,0x000000571c400000)]
  0x0000024a27439000 JavaThread "Unconstrained build operations Thread 75" [_thread_blocked, id=12420, stack(0x000000571c400000,0x000000571c500000)]
  0x0000024a27436800 JavaThread "Unconstrained build operations Thread 76" [_thread_blocked, id=10440, stack(0x000000571c500000,0x000000571c600000)]
  0x0000024a27435000 JavaThread "Unconstrained build operations Thread 77" [_thread_blocked, id=8964, stack(0x000000571c600000,0x000000571c700000)]
  0x0000024a27437800 JavaThread "Unconstrained build operations Thread 78" [_thread_blocked, id=10728, stack(0x000000571c700000,0x000000571c800000)]
  0x0000024a2743a000 JavaThread "Unconstrained build operations Thread 79" [_thread_blocked, id=10748, stack(0x000000571c800000,0x000000571c900000)]
  0x0000024a27438800 JavaThread "Unconstrained build operations Thread 80" [_thread_blocked, id=10192, stack(0x000000571c900000,0x000000571ca00000)]
  0x0000024a27434000 JavaThread "jar transforms Thread 4" [_thread_blocked, id=256, stack(0x000000571ca00000,0x000000571cb00000)]
  0x0000024a27436000 JavaThread "jar transforms Thread 5" [_thread_blocked, id=11168, stack(0x000000571cb00000,0x000000571cc00000)]
  0x0000024a27440800 JavaThread "jar transforms Thread 6" [_thread_blocked, id=4192, stack(0x000000571cc00000,0x000000571cd00000)]
  0x0000024a2743b800 JavaThread "jar transforms Thread 7" [_thread_blocked, id=1668, stack(0x000000571cd00000,0x000000571ce00000)]
  0x0000024a2743a800 JavaThread "jar transforms Thread 8" [_thread_blocked, id=768, stack(0x000000571ce00000,0x000000571cf00000)]
  0x0000024a229d9800 JavaThread "C2 CompilerThread2" daemon [_thread_blocked, id=7192, stack(0x000000571d000000,0x000000571d100000)]
  0x0000024a2743d000 JavaThread "Memory manager" [_thread_blocked, id=2364, stack(0x000000571d100000,0x000000571d200000)]
  0x0000024a2743f800 JavaThread "build event listener" [_thread_blocked, id=5780, stack(0x000000571d200000,0x000000571d300000)]
  0x0000024a27441800 JavaThread "Execution worker for ':'" [_thread_blocked, id=4596, stack(0x000000571d300000,0x000000571d400000)]
  0x0000024a27442000 JavaThread "Execution worker for ':' Thread 2" [_thread_blocked, id=11708, stack(0x000000571d400000,0x000000571d500000)]
  0x0000024a2743c800 JavaThread "Execution worker for ':' Thread 3" [_thread_blocked, id=9752, stack(0x000000571d500000,0x000000571d600000)]
  0x0000024a27443000 JavaThread "Execution worker for ':' Thread 4" [_thread_blocked, id=6252, stack(0x000000571d600000,0x000000571d700000)]
  0x0000024a28bc5000 JavaThread "Execution worker for ':' Thread 5" [_thread_blocked, id=12980, stack(0x000000571d700000,0x000000571d800000)]
  0x0000024a28bc4000 JavaThread "Execution worker for ':' Thread 6" [_thread_blocked, id=4696, stack(0x000000571d800000,0x000000571d900000)]
  0x0000024a28bc6000 JavaThread "Execution worker for ':' Thread 7" [_thread_blocked, id=13544, stack(0x000000571d900000,0x000000571da00000)]
  0x0000024a28bc2000 JavaThread "Cache worker for execution history cache (F:\AndroidStudioProjects\MovieApp\.gradle\7.3.3\executionHistory)" [_thread_blocked, id=1584, stack(0x000000571da00000,0x000000571db00000)]

Other Threads:
=>0x0000024a1f67c000 VMThread "VM Thread" [stack: 0x0000005714b00000,0x0000005714c00000] [id=13944]
  0x0000024a2019b000 WatcherThread [stack: 0x0000005715500000,0x0000005715600000] [id=7452]
  0x0000024a03254000 GCTaskThread "GC Thread#0" [stack: 0x0000005714600000,0x0000005714700000] [id=14208]
  0x0000024a20f13000 GCTaskThread "GC Thread#1" [stack: 0x0000005715700000,0x0000005715800000] [id=13560]
  0x0000024a20bfe800 GCTaskThread "GC Thread#2" [stack: 0x0000005715800000,0x0000005715900000] [id=8916]
  0x0000024a226e2800 GCTaskThread "GC Thread#3" [stack: 0x0000005716300000,0x0000005716400000] [id=2112]
  0x0000024a2201d800 GCTaskThread "GC Thread#4" [stack: 0x0000005716400000,0x0000005716500000] [id=3524]
  0x0000024a2201e000 GCTaskThread "GC Thread#5" [stack: 0x0000005716500000,0x0000005716600000] [id=13276]
  0x0000024a235e4000 GCTaskThread "GC Thread#6" [stack: 0x0000005716600000,0x0000005716700000] [id=4876]
  0x0000024a235e4800 GCTaskThread "GC Thread#7" [stack: 0x0000005716700000,0x0000005716800000] [id=7728]
  0x0000024a03286000 ConcurrentGCThread "G1 Main Marker" [stack: 0x0000005714700000,0x0000005714800000] [id=6408]
  0x0000024a03287800 ConcurrentGCThread "G1 Conc#0" [stack: 0x0000005714800000,0x0000005714900000] [id=9468]
  0x0000024a235ea000 ConcurrentGCThread "G1 Conc#1" [stack: 0x0000005716b00000,0x0000005716c00000] [id=1800]
  0x0000024a1f4d0800 ConcurrentGCThread "G1 Refine#0" [stack: 0x0000005714900000,0x0000005714a00000] [id=11724]
  0x0000024a287ce800 ConcurrentGCThread "G1 Refine#1" [stack: 0x0000005716f00000,0x0000005717000000] [id=12692]
  0x0000024a233d3000 ConcurrentGCThread "G1 Refine#2" [stack: 0x000000571cf00000,0x000000571d000000] [id=13436]
  0x0000024a1f4d1800 ConcurrentGCThread "G1 Young RemSet Sampling" [stack: 0x0000005714a00000,0x0000005714b00000] [id=3872]

Threads with active compile tasks:
C2 CompilerThread0  16622 9322       4       org.gradle.cache.internal.btree.FreeListBlockStore::read (12 bytes)
C1 CompilerThread0  16622 9650       3       org.gradle.internal.snapshot.AbstractIncompleteFileSystemNode$2$$Lambda$385/0x0000000100534440::<init> (10 bytes)
C2 CompilerThread1  16622 9314   !   4       org.gradle.internal.serialize.kryo.KryoBackedDecoder::readBytes (23 bytes)
C2 CompilerThread2  16622 9638   !   4       java.util.concurrent.ConcurrentHashMap::putVal (432 bytes)

VM state:at safepoint (normal execution)

VM Mutex/Monitor currently owned by a thread:  ([mutex/lock_event])
[0x0000024a0323b050] Threads_lock - owner thread: 0x0000024a1f67c000
[0x0000024a0323a990] Heap_lock - owner thread: 0x0000024a28bc2000

Heap address: 0x0000000080000000, size: 2048 MB, Compressed Oops mode: 32-bit
Narrow klass base: 0x0000000000000000, Narrow klass shift: 3
Compressed class space size: 1073741824 Address: 0x0000000100000000

Heap:
 garbage-first heap   total 189440K, used 78317K [0x0000000080000000, 0x0000000100000000)
  region size 1024K, 7 young (7168K), 7 survivors (7168K)
 Metaspace       used 86180K, capacity 88522K, committed 88696K, reserved 1126400K
  class space    used 11337K, capacity 12218K, committed 12236K, reserved 1048576K
Heap Regions: E=young(eden), S=young(survivor), O=old, HS=humongous(starts), HC=humongous(continues), CS=collection set, F=free, A=archive, TAMS=top-at-mark-start (previous, next)
|   0|0x0000000080000000, 0x0000000080100000, 0x0000000080100000|100%| O|  |TAMS 0x0000000080100000, 0x0000000080100000| Untracked 
|   1|0x0000000080100000, 0x0000000080200000, 0x0000000080200000|100%| O|  |TAMS 0x0000000080200000, 0x0000000080200000| Untracked 
|   2|0x0000000080200000, 0x0000000080300000, 0x0000000080300000|100%| O|  |TAMS 0x0000000080300000, 0x0000000080300000| Untracked 
|   3|0x0000000080300000, 0x0000000080400000, 0x0000000080400000|100%|HS|  |TAMS 0x0000000080400000, 0x0000000080400000| Complete 
|   4|0x0000000080400000, 0x0000000080500000, 0x0000000080500000|100%|HC|  |TAMS 0x0000000080500000, 0x0000000080500000| Complete 
|   5|0x0000000080500000, 0x0000000080600000, 0x0000000080600000|100%|HC|  |TAMS 0x0000000080600000, 0x0000000080600000| Complete 
|   6|0x0000000080600000, 0x0000000080700000, 0x0000000080700000|100%| O|  |TAMS 0x0000000080700000, 0x0000000080700000| Untracked 
|   7|0x0000000080700000, 0x0000000080800000, 0x0000000080800000|100%| O|  |TAMS 0x0000000080800000, 0x0000000080800000| Untracked 
|   8|0x0000000080800000, 0x0000000080900000, 0x0000000080900000|100%| O|  |TAMS 0x0000000080900000, 0x0000000080900000| Untracked 
|   9|0x0000000080900000, 0x0000000080a00000, 0x0000000080a00000|100%| O|  |TAMS 0x0000000080a00000, 0x0000000080a00000| Untracked 
|  10|0x0000000080a00000, 0x0000000080b00000, 0x0000000080b00000|100%| O|  |TAMS 0x0000000080b00000, 0x0000000080b00000| Untracked 
|  11|0x0000000080b00000, 0x0000000080c00000, 0x0000000080c00000|100%| O|  |TAMS 0x0000000080c00000, 0x0000000080c00000| Untracked 
|  12|0x0000000080c00000, 0x0000000080d00000, 0x0000000080d00000|100%| O|  |TAMS 0x0000000080d00000, 0x0000000080d00000| Untracked 
|  13|0x0000000080d00000, 0x0000000080e00000, 0x0000000080e00000|100%| O|  |TAMS 0x0000000080e00000, 0x0000000080e00000| Untracked 
|  14|0x0000000080e00000, 0x0000000080f00000, 0x0000000080f00000|100%| O|  |TAMS 0x0000000080f00000, 0x0000000080f00000| Untracked 
|  15|0x0000000080f00000, 0x0000000081000000, 0x0000000081000000|100%| O|  |TAMS 0x0000000081000000, 0x0000000081000000| Untracked 
|  16|0x0000000081000000, 0x0000000081100000, 0x0000000081100000|100%|HS|  |TAMS 0x0000000081100000, 0x0000000081100000| Complete 
|  17|0x0000000081100000, 0x0000000081200000, 0x0000000081200000|100%| O|  |TAMS 0x0000000081200000, 0x0000000081200000| Untracked 
|  18|0x0000000081200000, 0x0000000081300000, 0x0000000081300000|100%| O|  |TAMS 0x0000000081300000, 0x0000000081300000| Untracked 
|  19|0x0000000081300000, 0x0000000081400000, 0x0000000081400000|100%| O|  |TAMS 0x0000000081400000, 0x0000000081400000| Untracked 
|  20|0x0000000081400000, 0x0000000081500000, 0x0000000081500000|100%| O|  |TAMS 0x0000000081500000, 0x0000000081500000| Untracked 
|  21|0x0000000081500000, 0x0000000081600000, 0x0000000081600000|100%| O|  |TAMS 0x0000000081600000, 0x0000000081600000| Untracked 
|  22|0x0000000081600000, 0x0000000081700000, 0x0000000081700000|100%| O|  |TAMS 0x0000000081700000, 0x0000000081700000| Untracked 
|  23|0x0000000081700000, 0x0000000081800000, 0x0000000081800000|100%| O|  |TAMS 0x0000000081800000, 0x0000000081800000| Untracked 
|  24|0x0000000081800000, 0x0000000081900000, 0x0000000081900000|100%| O|  |TAMS 0x0000000081900000, 0x0000000081900000| Untracked 
|  25|0x0000000081900000, 0x0000000081a00000, 0x0000000081a00000|100%| O|  |TAMS 0x0000000081a00000, 0x0000000081a00000| Untracked 
|  26|0x0000000081a00000, 0x0000000081b00000, 0x0000000081b00000|100%| O|  |TAMS 0x0000000081b00000, 0x0000000081b00000| Untracked 
|  27|0x0000000081b00000, 0x0000000081c00000, 0x0000000081c00000|100%|HS|  |TAMS 0x0000000081c00000, 0x0000000081c00000| Complete 
|  28|0x0000000081c00000, 0x0000000081d00000, 0x0000000081d00000|100%|HS|  |TAMS 0x0000000081d00000, 0x0000000081d00000| Complete 
|  29|0x0000000081d00000, 0x0000000081e00000, 0x0000000081e00000|100%|HS|  |TAMS 0x0000000081e00000, 0x0000000081e00000| Complete 
|  30|0x0000000081e00000, 0x0000000081f00000, 0x0000000081f00000|100%|HC|  |TAMS 0x0000000081f00000, 0x0000000081f00000| Complete 
|  31|0x0000000081f00000, 0x0000000082000000, 0x0000000082000000|100%|HC|  |TAMS 0x0000000082000000, 0x0000000082000000| Complete 
|  32|0x0000000082000000, 0x0000000082100000, 0x0000000082100000|100%|HS|  |TAMS 0x0000000082100000, 0x0000000082100000| Complete 
|  33|0x0000000082100000, 0x0000000082200000, 0x0000000082200000|100%|HC|  |TAMS 0x0000000082200000, 0x0000000082200000| Complete 
|  34|0x0000000082200000, 0x0000000082300000, 0x0000000082300000|100%| O|  |TAMS 0x0000000082300000, 0x0000000082300000| Untracked 
|  35|0x0000000082300000, 0x0000000082400000, 0x0000000082400000|100%| O|  |TAMS 0x0000000082400000, 0x0000000082400000| Untracked 
|  36|0x0000000082400000, 0x0000000082500000, 0x0000000082500000|100%| O|  |TAMS 0x0000000082500000, 0x0000000082500000| Untracked 
|  37|0x0000000082500000, 0x0000000082600000, 0x0000000082600000|100%| O|  |TAMS 0x0000000082600000, 0x0000000082600000| Untracked 
|  38|0x0000000082600000, 0x0000000082700000, 0x0000000082700000|100%| O|  |TAMS 0x0000000082700000, 0x0000000082700000| Untracked 
|  39|0x0000000082700000, 0x0000000082800000, 0x0000000082800000|100%| O|  |TAMS 0x0000000082800000, 0x0000000082800000| Untracked 
|  40|0x0000000082800000, 0x0000000082900000, 0x0000000082900000|100%| O|  |TAMS 0x0000000082900000, 0x0000000082900000| Untracked 
|  41|0x0000000082900000, 0x0000000082a00000, 0x0000000082a00000|100%| O|  |TAMS 0x0000000082a00000, 0x0000000082a00000| Untracked 
|  42|0x0000000082a00000, 0x0000000082b00000, 0x0000000082b00000|100%| O|  |TAMS 0x0000000082b00000, 0x0000000082b00000| Untracked 
|  43|0x0000000082b00000, 0x0000000082c00000, 0x0000000082c00000|100%| O|  |TAMS 0x0000000082c00000, 0x0000000082c00000| Untracked 
|  44|0x0000000082c00000, 0x0000000082d00000, 0x0000000082d00000|100%| O|  |TAMS 0x0000000082d00000, 0x0000000082d00000| Untracked 
|  45|0x0000000082d00000, 0x0000000082e00000, 0x0000000082e00000|100%| O|  |TAMS 0x0000000082e00000, 0x0000000082e00000| Untracked 
|  46|0x0000000082e00000, 0x0000000082f00000, 0x0000000082f00000|100%| O|  |TAMS 0x0000000082f00000, 0x0000000082f00000| Untracked 
|  47|0x0000000082f00000, 0x0000000083000000, 0x0000000083000000|100%| O|  |TAMS 0x0000000083000000, 0x0000000083000000| Untracked 
|  48|0x0000000083000000, 0x0000000083100000, 0x0000000083100000|100%| O|  |TAMS 0x000000008306f000, 0x0000000083100000| Untracked 
|  49|0x0000000083100000, 0x0000000083200000, 0x0000000083200000|100%| O|  |TAMS 0x0000000083100000, 0x0000000083200000| Untracked 
|  50|0x0000000083200000, 0x0000000083300000, 0x0000000083300000|100%| O|  |TAMS 0x0000000083200000, 0x0000000083300000| Untracked 
|  51|0x0000000083300000, 0x0000000083400000, 0x0000000083400000|100%| O|  |TAMS 0x0000000083300000, 0x0000000083400000| Untracked 
|  52|0x0000000083400000, 0x0000000083500000, 0x0000000083500000|100%| O|  |TAMS 0x0000000083400000, 0x0000000083500000| Untracked 
|  53|0x0000000083500000, 0x0000000083600000, 0x0000000083600000|100%| O|  |TAMS 0x0000000083500000, 0x0000000083600000| Untracked 
|  54|0x0000000083600000, 0x0000000083700000, 0x0000000083700000|100%| O|  |TAMS 0x0000000083600000, 0x0000000083700000| Untracked 
|  55|0x0000000083700000, 0x0000000083800000, 0x0000000083800000|100%| O|  |TAMS 0x0000000083700000, 0x0000000083800000| Untracked 
|  56|0x0000000083800000, 0x0000000083900000, 0x0000000083900000|100%| O|  |TAMS 0x0000000083800000, 0x0000000083900000| Untracked 
|  57|0x0000000083900000, 0x0000000083a00000, 0x0000000083a00000|100%| O|  |TAMS 0x0000000083900000, 0x0000000083a00000| Untracked 
|  58|0x0000000083a00000, 0x0000000083b00000, 0x0000000083b00000|100%| O|  |TAMS 0x0000000083a00000, 0x0000000083b00000| Untracked 
|  59|0x0000000083b00000, 0x0000000083c00000, 0x0000000083c00000|100%| O|  |TAMS 0x0000000083b00000, 0x0000000083c00000| Untracked 
|  60|0x0000000083c00000, 0x0000000083d00000, 0x0000000083d00000|100%| O|  |TAMS 0x0000000083c00000, 0x0000000083d00000| Untracked 
|  61|0x0000000083d00000, 0x0000000083e00000, 0x0000000083e00000|100%| O|  |TAMS 0x0000000083d00000, 0x0000000083e00000| Untracked 
|  62|0x0000000083e00000, 0x0000000083f00000, 0x0000000083f00000|100%| O|  |TAMS 0x0000000083e00000, 0x0000000083f00000| Untracked 
|  63|0x0000000083f00000, 0x0000000084000000, 0x0000000084000000|100%| O|  |TAMS 0x0000000083f00000, 0x0000000084000000| Untracked 
|  64|0x0000000084000000, 0x0000000084100000, 0x0000000084100000|100%| O|  |TAMS 0x0000000084000000, 0x0000000084100000| Untracked 
|  65|0x0000000084100000, 0x0000000084200000, 0x0000000084200000|100%| O|  |TAMS 0x0000000084100000, 0x0000000084200000| Untracked 
|  66|0x0000000084200000, 0x0000000084300000, 0x0000000084300000|100%| O|  |TAMS 0x0000000084200000, 0x0000000084300000| Untracked 
|  67|0x0000000084300000, 0x0000000084400000, 0x0000000084400000|100%| O|  |TAMS 0x0000000084300000, 0x0000000084400000| Untracked 
|  68|0x0000000084400000, 0x0000000084500000, 0x0000000084500000|100%| O|  |TAMS 0x0000000084400000, 0x0000000084500000| Untracked 
|  69|0x0000000084500000, 0x000000008457b400, 0x0000000084600000| 48%| O|  |TAMS 0x0000000084500000, 0x000000008457b400| Untracked 
|  70|0x0000000084600000, 0x0000000084600000, 0x0000000084700000|  0%| F|  |TAMS 0x0000000084600000, 0x0000000084600000| Untracked 
|  71|0x0000000084700000, 0x0000000084700000, 0x0000000084800000|  0%| F|  |TAMS 0x0000000084700000, 0x0000000084700000| Untracked 
|  72|0x0000000084800000, 0x0000000084800000, 0x0000000084900000|  0%| F|  |TAMS 0x0000000084800000, 0x0000000084800000| Untracked 
|  73|0x0000000084900000, 0x0000000084900000, 0x0000000084a00000|  0%| F|  |TAMS 0x0000000084900000, 0x0000000084900000| Untracked 
|  74|0x0000000084a00000, 0x0000000084a00000, 0x0000000084b00000|  0%| F|  |TAMS 0x0000000084a00000, 0x0000000084a00000| Untracked 
|  75|0x0000000084b00000, 0x0000000084b00000, 0x0000000084c00000|  0%| F|  |TAMS 0x0000000084b00000, 0x0000000084b00000| Untracked 
|  76|0x0000000084c00000, 0x0000000084c00000, 0x0000000084d00000|  0%| F|  |TAMS 0x0000000084c00000, 0x0000000084c00000| Untracked 
|  77|0x0000000084d00000, 0x0000000084d00000, 0x0000000084e00000|  0%| F|  |TAMS 0x0000000084d00000, 0x0000000084d00000| Untracked 
|  78|0x0000000084e00000, 0x0000000084e00000, 0x0000000084f00000|  0%| F|  |TAMS 0x0000000084e00000, 0x0000000084e00000| Untracked 
|  79|0x0000000084f00000, 0x0000000084f00000, 0x0000000085000000|  0%| F|  |TAMS 0x0000000084f00000, 0x0000000084f00000| Untracked 
|  80|0x0000000085000000, 0x0000000085000000, 0x0000000085100000|  0%| F|  |TAMS 0x0000000085000000, 0x0000000085000000| Untracked 
|  81|0x0000000085100000, 0x0000000085100000, 0x0000000085200000|  0%| F|  |TAMS 0x0000000085100000, 0x0000000085100000| Untracked 
|  82|0x0000000085200000, 0x0000000085200000, 0x0000000085300000|  0%| F|  |TAMS 0x0000000085200000, 0x0000000085200000| Untracked 
|  83|0x0000000085300000, 0x0000000085300000, 0x0000000085400000|  0%| F|  |TAMS 0x0000000085300000, 0x0000000085300000| Untracked 
|  84|0x0000000085400000, 0x0000000085400000, 0x0000000085500000|  0%| F|  |TAMS 0x0000000085400000, 0x0000000085400000| Untracked 
|  85|0x0000000085500000, 0x0000000085500000, 0x0000000085600000|  0%| F|  |TAMS 0x0000000085500000, 0x0000000085500000| Untracked 
|  86|0x0000000085600000, 0x0000000085600000, 0x0000000085700000|  0%| F|  |TAMS 0x0000000085600000, 0x0000000085600000| Untracked 
|  87|0x0000000085700000, 0x0000000085700000, 0x0000000085800000|  0%| F|  |TAMS 0x0000000085700000, 0x0000000085700000| Untracked 
|  88|0x0000000085800000, 0x0000000085800000, 0x0000000085900000|  0%| F|  |TAMS 0x0000000085800000, 0x0000000085800000| Untracked 
|  89|0x0000000085900000, 0x0000000085900000, 0x0000000085a00000|  0%| F|  |TAMS 0x0000000085900000, 0x0000000085900000| Untracked 
|  90|0x0000000085a00000, 0x0000000085a00000, 0x0000000085b00000|  0%| F|  |TAMS 0x0000000085a00000, 0x0000000085a00000| Untracked 
|  91|0x0000000085b00000, 0x0000000085b00000, 0x0000000085c00000|  0%| F|  |TAMS 0x0000000085b00000, 0x0000000085b00000| Untracked 
|  92|0x0000000085c00000, 0x0000000085c00000, 0x0000000085d00000|  0%| F|  |TAMS 0x0000000085c00000, 0x0000000085c00000| Untracked 
|  93|0x0000000085d00000, 0x0000000085d00000, 0x0000000085e00000|  0%| F|  |TAMS 0x0000000085d00000, 0x0000000085d00000| Untracked 
|  94|0x0000000085e00000, 0x0000000085e00000, 0x0000000085f00000|  0%| F|  |TAMS 0x0000000085e00000, 0x0000000085e00000| Untracked 
|  95|0x0000000085f00000, 0x0000000086000000, 0x0000000086000000|100%| S|CS|TAMS 0x0000000085f00000, 0x0000000085f00000| Complete 
|  96|0x0000000086000000, 0x0000000086100000, 0x0000000086100000|100%| S|CS|TAMS 0x0000000086000000, 0x0000000086000000| Complete 
|  97|0x0000000086100000, 0x0000000086200000, 0x0000000086200000|100%| S|CS|TAMS 0x0000000086100000, 0x0000000086100000| Complete 
|  98|0x0000000086200000, 0x0000000086300000, 0x0000000086300000|100%| S|CS|TAMS 0x0000000086200000, 0x0000000086200000| Complete 
|  99|0x0000000086300000, 0x0000000086400000, 0x0000000086400000|100%| S|CS|TAMS 0x0000000086300000, 0x0000000086300000| Complete 
| 100|0x0000000086400000, 0x0000000086500000, 0x0000000086500000|100%| S|CS|TAMS 0x0000000086400000, 0x0000000086400000| Complete 
| 101|0x0000000086500000, 0x0000000086500000, 0x0000000086600000|  0%| F|  |TAMS 0x0000000086500000, 0x0000000086500000| Untracked 
| 102|0x0000000086600000, 0x0000000086600000, 0x0000000086700000|  0%| F|  |TAMS 0x0000000086600000, 0x0000000086600000| Untracked 
| 103|0x0000000086700000, 0x0000000086700000, 0x0000000086800000|  0%| F|  |TAMS 0x0000000086700000, 0x0000000086700000| Untracked 
| 104|0x0000000086800000, 0x0000000086800000, 0x0000000086900000|  0%| F|  |TAMS 0x0000000086800000, 0x0000000086800000| Untracked 
| 105|0x0000000086900000, 0x0000000086a00000, 0x0000000086a00000|100%| S|CS|TAMS 0x0000000086900000, 0x0000000086900000| Complete 
| 106|0x0000000086a00000, 0x0000000086a00000, 0x0000000086b00000|  0%| F|  |TAMS 0x0000000086a00000, 0x0000000086a00000| Untracked 
| 107|0x0000000086b00000, 0x0000000086b00000, 0x0000000086c00000|  0%| F|  |TAMS 0x0000000086b00000, 0x0000000086b00000| Untracked 
| 108|0x0000000086c00000, 0x0000000086c00000, 0x0000000086d00000|  0%| F|  |TAMS 0x0000000086c00000, 0x0000000086c00000| Untracked 
| 109|0x0000000086d00000, 0x0000000086d00000, 0x0000000086e00000|  0%| F|  |TAMS 0x0000000086d00000, 0x0000000086d00000| Untracked 
| 110|0x0000000086e00000, 0x0000000086e00000, 0x0000000086f00000|  0%| F|  |TAMS 0x0000000086e00000, 0x0000000086e00000| Untracked 
| 111|0x0000000086f00000, 0x0000000086f00000, 0x0000000087000000|  0%| F|  |TAMS 0x0000000086f00000, 0x0000000086f00000| Untracked 
| 112|0x0000000087000000, 0x0000000087000000, 0x0000000087100000|  0%| F|  |TAMS 0x0000000087000000, 0x0000000087000000| Untracked 
| 113|0x0000000087100000, 0x0000000087100000, 0x0000000087200000|  0%| F|  |TAMS 0x0000000087100000, 0x0000000087100000| Untracked 
| 114|0x0000000087200000, 0x0000000087200000, 0x0000000087300000|  0%| F|  |TAMS 0x0000000087200000, 0x0000000087200000| Untracked 
| 115|0x0000000087300000, 0x0000000087300000, 0x0000000087400000|  0%| F|  |TAMS 0x0000000087300000, 0x0000000087300000| Untracked 
| 116|0x0000000087400000, 0x0000000087400000, 0x0000000087500000|  0%| F|  |TAMS 0x0000000087400000, 0x0000000087400000| Untracked 
| 117|0x0000000087500000, 0x0000000087500000, 0x0000000087600000|  0%| F|  |TAMS 0x0000000087500000, 0x0000000087500000| Untracked 
| 118|0x0000000087600000, 0x0000000087600000, 0x0000000087700000|  0%| F|  |TAMS 0x0000000087600000, 0x0000000087600000| Untracked 
| 119|0x0000000087700000, 0x0000000087700000, 0x0000000087800000|  0%| F|  |TAMS 0x0000000087700000, 0x0000000087700000| Untracked 
| 120|0x0000000087800000, 0x0000000087800000, 0x0000000087900000|  0%| F|  |TAMS 0x0000000087800000, 0x0000000087800000| Untracked 
| 121|0x0000000087900000, 0x0000000087900000, 0x0000000087a00000|  0%| F|  |TAMS 0x0000000087900000, 0x0000000087900000| Untracked 
| 122|0x0000000087a00000, 0x0000000087a00000, 0x0000000087b00000|  0%| F|  |TAMS 0x0000000087a00000, 0x0000000087a00000| Untracked 
| 123|0x0000000087b00000, 0x0000000087b00000, 0x0000000087c00000|  0%| F|  |TAMS 0x0000000087b00000, 0x0000000087b00000| Untracked 
| 124|0x0000000087c00000, 0x0000000087c00000, 0x0000000087d00000|  0%| F|  |TAMS 0x0000000087c00000, 0x0000000087c00000| Untracked 
| 125|0x0000000087d00000, 0x0000000087d00000, 0x0000000087e00000|  0%| F|  |TAMS 0x0000000087d00000, 0x0000000087d00000| Untracked 
| 126|0x0000000087e00000, 0x0000000087e00000, 0x0000000087f00000|  0%| F|  |TAMS 0x0000000087e00000, 0x0000000087e00000| Untracked 
| 127|0x0000000087f00000, 0x0000000087f00000, 0x0000000088000000|  0%| F|  |TAMS 0x0000000087f00000, 0x0000000087f00000| Untracked 
| 128|0x0000000088000000, 0x0000000088000000, 0x0000000088100000|  0%| F|  |TAMS 0x0000000088000000, 0x0000000088000000| Untracked 
| 129|0x0000000088100000, 0x0000000088100000, 0x0000000088200000|  0%| F|  |TAMS 0x0000000088100000, 0x0000000088100000| Untracked 
| 130|0x0000000088200000, 0x0000000088200000, 0x0000000088300000|  0%| F|  |TAMS 0x0000000088200000, 0x0000000088200000| Untracked 
| 131|0x0000000088300000, 0x0000000088300000, 0x0000000088400000|  0%| F|  |TAMS 0x0000000088300000, 0x0000000088300000| Untracked 
| 132|0x0000000088400000, 0x0000000088400000, 0x0000000088500000|  0%| F|  |TAMS 0x0000000088400000, 0x0000000088400000| Untracked 
| 133|0x0000000088500000, 0x0000000088500000, 0x0000000088600000|  0%| F|  |TAMS 0x0000000088500000, 0x0000000088500000| Untracked 
| 134|0x0000000088600000, 0x0000000088600000, 0x0000000088700000|  0%| F|  |TAMS 0x0000000088600000, 0x0000000088600000| Untracked 
| 135|0x0000000088700000, 0x0000000088700000, 0x0000000088800000|  0%| F|  |TAMS 0x0000000088700000, 0x0000000088700000| Untracked 
| 136|0x0000000088800000, 0x0000000088800000, 0x0000000088900000|  0%| F|  |TAMS 0x0000000088800000, 0x0000000088800000| Untracked 
| 137|0x0000000088900000, 0x0000000088900000, 0x0000000088a00000|  0%| F|  |TAMS 0x0000000088900000, 0x0000000088900000| Untracked 
| 138|0x0000000088a00000, 0x0000000088a00000, 0x0000000088b00000|  0%| F|  |TAMS 0x0000000088a00000, 0x0000000088a00000| Untracked 
| 139|0x0000000088b00000, 0x0000000088b00000, 0x0000000088c00000|  0%| F|  |TAMS 0x0000000088b00000, 0x0000000088b00000| Untracked 
| 140|0x0000000088c00000, 0x0000000088c00000, 0x0000000088d00000|  0%| F|  |TAMS 0x0000000088c00000, 0x0000000088c00000| Untracked 
| 141|0x0000000088d00000, 0x0000000088d00000, 0x0000000088e00000|  0%| F|  |TAMS 0x0000000088d00000, 0x0000000088d00000| Untracked 
| 142|0x0000000088e00000, 0x0000000088e00000, 0x0000000088f00000|  0%| F|  |TAMS 0x0000000088e00000, 0x0000000088e00000| Untracked 
| 143|0x0000000088f00000, 0x0000000088f00000, 0x0000000089000000|  0%| F|  |TAMS 0x0000000088f00000, 0x0000000088f00000| Untracked 
| 144|0x0000000089000000, 0x0000000089000000, 0x0000000089100000|  0%| F|  |TAMS 0x0000000089000000, 0x0000000089000000| Untracked 
| 145|0x0000000089100000, 0x0000000089100000, 0x0000000089200000|  0%| F|  |TAMS 0x0000000089100000, 0x0000000089100000| Untracked 
| 146|0x0000000089200000, 0x0000000089200000, 0x0000000089300000|  0%| F|  |TAMS 0x0000000089200000, 0x0000000089200000| Untracked 
| 147|0x0000000089300000, 0x0000000089300000, 0x0000000089400000|  0%| F|  |TAMS 0x0000000089300000, 0x0000000089300000| Untracked 
| 148|0x0000000089400000, 0x0000000089400000, 0x0000000089500000|  0%| F|  |TAMS 0x0000000089400000, 0x0000000089400000| Untracked 
| 149|0x0000000089500000, 0x0000000089500000, 0x0000000089600000|  0%| F|  |TAMS 0x0000000089500000, 0x0000000089500000| Untracked 
| 150|0x0000000089600000, 0x0000000089600000, 0x0000000089700000|  0%| F|  |TAMS 0x0000000089600000, 0x0000000089600000| Untracked 
| 151|0x0000000089700000, 0x0000000089700000, 0x0000000089800000|  0%| F|  |TAMS 0x0000000089700000, 0x0000000089700000| Untracked 
| 152|0x0000000089800000, 0x0000000089800000, 0x0000000089900000|  0%| F|  |TAMS 0x0000000089800000, 0x0000000089800000| Untracked 
| 153|0x0000000089900000, 0x0000000089900000, 0x0000000089a00000|  0%| F|  |TAMS 0x0000000089900000, 0x0000000089900000| Untracked 

Card table byte_map: [0x0000024a183b0000,0x0000024a187b0000] _byte_map_base: 0x0000024a17fb0000

Marking Bits (Prev, Next): (CMBitMap*) 0x0000024a0327d4e8, (CMBitMap*) 0x0000024a0327d520
 Prev Bits: [0x0000024a18bb0000, 0x0000024a1abb0000)
 Next Bits: [0x0000024a1abb0000, 0x0000024a1cbb0000)

Polling page: 0x0000024a03320000

Metaspace:

Usage:
  Non-class:     74.52 MB capacity,    73.09 MB ( 98%) used,     1.17 MB (  2%) free+waste,   265.06 KB ( <1%) overhead. 
      Class:     11.93 MB capacity,    11.07 MB ( 93%) used,   758.27 KB (  6%) free+waste,   122.44 KB (  1%) overhead. 
       Both:     86.45 MB capacity,    84.16 MB ( 97%) used,     1.91 MB (  2%) free+waste,   387.50 KB ( <1%) overhead. 

Virtual space:
  Non-class space:       76.00 MB reserved,      74.67 MB ( 98%) committed 
      Class space:        1.00 GB reserved,      11.95 MB (  1%) committed 
             Both:        1.07 GB reserved,      86.62 MB (  8%) committed 

Chunk freelists:
   Non-Class:  28.00 KB
       Class:  0 bytes
        Both:  28.00 KB

MaxMetaspaceSize: 17179869184.00 GB
CompressedClassSpaceSize: 1.00 GB
Initial GC threshold: 20.80 MB
Current GC threshold: 106.03 MB
CDS: off

CodeHeap 'non-profiled nmethods': size=120000Kb used=5907Kb max_used=5907Kb free=114092Kb
 bounds [0x0000024a10020000, 0x0000024a105f0000, 0x0000024a17550000]
CodeHeap 'profiled nmethods': size=120000Kb used=20900Kb max_used=20900Kb free=99099Kb
 bounds [0x0000024a08af0000, 0x0000024a09f60000, 0x0000024a10020000]
CodeHeap 'non-nmethods': size=5760Kb used=2365Kb max_used=2427Kb free=3394Kb
 bounds [0x0000024a08550000, 0x0000024a087c0000, 0x0000024a08af0000]
 total_blobs=10467 nmethods=9586 adapters=793
 compilation: enabled
              stopped_count=0, restarted_count=0
 full_count=0

Compilation events (20 events):
Event: 16.575 Thread 0x0000024a22655800 nmethod 9644 0x0000024a105e4310 code [0x0000024a105e44a0, 0x0000024a105e4538]
Event: 16.575 Thread 0x0000024a22655800 9225       4       java.util.Collections$UnmodifiableCollection::contains (11 bytes)
Event: 16.575 Thread 0x0000024a20024000 nmethod 9652 0x0000024a09f54c90 code [0x0000024a09f54e40, 0x0000024a09f55008]
Event: 16.575 Thread 0x0000024a20024000 9648       3       org.gradle.internal.snapshot.AbstractIncompleteFileSystemNode$2::lambda$createNodeFromChildren$1 (29 bytes)
Event: 16.576 Thread 0x0000024a22655800 nmethod 9225 0x0000024a105e4610 code [0x0000024a105e47a0, 0x0000024a105e4838]
Event: 16.576 Thread 0x0000024a22655800 9314   !   4       org.gradle.internal.serialize.kryo.KryoBackedDecoder::readBytes (23 bytes)
Event: 16.577 Thread 0x0000024a20024000 nmethod 9648 0x0000024a09f55110 code [0x0000024a09f55400, 0x0000024a09f56588]
Event: 16.577 Thread 0x0000024a20024000 9654       3       org.gradle.execution.plan.ValuedVfsHierarchy::<init> (20 bytes)
Event: 16.577 Thread 0x0000024a20024000 nmethod 9654 0x0000024a09f56b10 code [0x0000024a09f56cc0, 0x0000024a09f56f38]
Event: 16.578 Thread 0x0000024a20024000 9653       1       org.gradle.execution.plan.ValuedVfsHierarchy::access$300 (5 bytes)
Event: 16.578 Thread 0x0000024a20024000 nmethod 9653 0x0000024a105e4910 code [0x0000024a105e4ac0, 0x0000024a105e4b58]
Event: 16.578 Thread 0x0000024a20024000 9655       3       org.gradle.internal.snapshot.ChildMapFactory::childMap (43 bytes)
Event: 16.579 Thread 0x0000024a20024000 nmethod 9655 0x0000024a09f57010 code [0x0000024a09f572e0, 0x0000024a09f582c8]
Event: 16.579 Thread 0x0000024a20024000 9656       3       org.gradle.api.internal.file.DefaultFileCollectionFactory$ResolvingFileCollection::visitChildren (31 bytes)
Event: 16.579 Thread 0x0000024a20024000 nmethod 9656 0x0000024a09f58710 code [0x0000024a09f588e0, 0x0000024a09f58cc8]
Event: 16.580 Thread 0x0000024a20024000 9658       1       java.util.HashMap::loadFactor (5 bytes)
Event: 16.580 Thread 0x0000024a20024000 nmethod 9658 0x0000024a105e4c10 code [0x0000024a105e4dc0, 0x0000024a105e4e78]
Event: 16.580 Thread 0x0000024a20024000 9649       3       org.gradle.internal.snapshot.AbstractIncompleteFileSystemNode$2$$Lambda$385/0x0000000100534440::get$Lambda (9 bytes)
Event: 16.580 Thread 0x0000024a20024000 nmethod 9649 0x0000024a09f58e10 code [0x0000024a09f58fe0, 0x0000024a09f59238]
Event: 16.580 Thread 0x0000024a20024000 9650       3       org.gradle.internal.snapshot.AbstractIncompleteFileSystemNode$2$$Lambda$385/0x0000000100534440::<init> (10 bytes)

GC Heap History (20 events):
Event: 8.900 GC heap after
{Heap after GC invocations=10 (full 0):
 garbage-first heap   total 157696K, used 31641K [0x0000000080000000, 0x0000000100000000)
  region size 1024K, 6 young (6144K), 6 survivors (6144K)
 Metaspace       used 48317K, capacity 49487K, committed 49664K, reserved 1091584K
  class space    used 6191K, capacity 6619K, committed 6656K, reserved 1048576K
}
Event: 10.154 GC heap before
{Heap before GC invocations=10 (full 0):
 garbage-first heap   total 157696K, used 114585K [0x0000000080000000, 0x0000000100000000)
  region size 1024K, 79 young (80896K), 6 survivors (6144K)
 Metaspace       used 56659K, capacity 57995K, committed 58240K, reserved 1099776K
  class space    used 7219K, capacity 7733K, committed 7808K, reserved 1048576K
}
Event: 10.165 GC heap after
{Heap after GC invocations=11 (full 0):
 garbage-first heap   total 157696K, used 49602K [0x0000000080000000, 0x0000000100000000)
  region size 1024K, 10 young (10240K), 10 survivors (10240K)
 Metaspace       used 56659K, capacity 57995K, committed 58240K, reserved 1099776K
  class space    used 7219K, capacity 7733K, committed 7808K, reserved 1048576K
}
Event: 10.470 GC heap before
{Heap before GC invocations=11 (full 0):
 garbage-first heap   total 157696K, used 61890K [0x0000000080000000, 0x0000000100000000)
  region size 1024K, 23 young (23552K), 10 survivors (10240K)
 Metaspace       used 58415K, capacity 59840K, committed 59948K, reserved 1101824K
  class space    used 7456K, capacity 8025K, committed 8064K, reserved 1048576K
}
Event: 10.485 GC heap after
{Heap after GC invocations=12 (full 0):
 garbage-first heap   total 157696K, used 50620K [0x0000000080000000, 0x0000000100000000)
  region size 1024K, 1 young (1024K), 1 survivors (1024K)
 Metaspace       used 58415K, capacity 59840K, committed 59948K, reserved 1101824K
  class space    used 7456K, capacity 8025K, committed 8064K, reserved 1048576K
}
Event: 11.314 GC heap before
{Heap before GC invocations=13 (full 0):
 garbage-first heap   total 157696K, used 97724K [0x0000000080000000, 0x0000000100000000)
  region size 1024K, 47 young (48128K), 1 survivors (1024K)
 Metaspace       used 63224K, capacity 64672K, committed 64888K, reserved 1105920K
  class space    used 8040K, capacity 8585K, committed 8652K, reserved 1048576K
}
Event: 11.323 GC heap after
{Heap after GC invocations=14 (full 0):
 garbage-first heap   total 157696K, used 54411K [0x0000000080000000, 0x0000000100000000)
  region size 1024K, 5 young (5120K), 5 survivors (5120K)
 Metaspace       used 63224K, capacity 64672K, committed 64888K, reserved 1105920K
  class space    used 8040K, capacity 8585K, committed 8652K, reserved 1048576K
}
Event: 12.133 GC heap before
{Heap before GC invocations=15 (full 0):
 garbage-first heap   total 157696K, used 102539K [0x0000000080000000, 0x0000000100000000)
  region size 1024K, 52 young (53248K), 5 survivors (5120K)
 Metaspace       used 67447K, capacity 68968K, committed 69112K, reserved 1110016K
  class space    used 8590K, capacity 9175K, committed 9292K, reserved 1048576K
}
Event: 12.141 GC heap after
{Heap after GC invocations=16 (full 0):
 garbage-first heap   total 157696K, used 57074K [0x0000000080000000, 0x0000000100000000)
  region size 1024K, 3 young (3072K), 3 survivors (3072K)
 Metaspace       used 67447K, capacity 68968K, committed 69112K, reserved 1110016K
  class space    used 8590K, capacity 9175K, committed 9292K, reserved 1048576K
}
Event: 12.651 GC heap before
{Heap before GC invocations=16 (full 0):
 garbage-first heap   total 157696K, used 106226K [0x0000000080000000, 0x0000000100000000)
  region size 1024K, 51 young (52224K), 3 survivors (3072K)
 Metaspace       used 69256K, capacity 70768K, committed 71160K, reserved 1112064K
  class space    used 8826K, capacity 9411K, committed 9548K, reserved 1048576K
}
Event: 12.659 GC heap after
{Heap after GC invocations=17 (full 0):
 garbage-first heap   total 157696K, used 60849K [0x0000000080000000, 0x0000000100000000)
  region size 1024K, 7 young (7168K), 7 survivors (7168K)
 Metaspace       used 69256K, capacity 70768K, committed 71160K, reserved 1112064K
  class space    used 8826K, capacity 9411K, committed 9548K, reserved 1048576K
}
Event: 13.678 GC heap before
{Heap before GC invocations=17 (full 0):
 garbage-first heap   total 157696K, used 111025K [0x0000000080000000, 0x0000000100000000)
  region size 1024K, 56 young (57344K), 7 survivors (7168K)
 Metaspace       used 74748K, capacity 76408K, committed 76664K, reserved 1116160K
  class space    used 9723K, capacity 10385K, committed 10444K, reserved 1048576K
}
Event: 13.689 GC heap after
{Heap after GC invocations=18 (full 0):
 garbage-first heap   total 157696K, used 64279K [0x0000000080000000, 0x0000000100000000)
  region size 1024K, 4 young (4096K), 4 survivors (4096K)
 Metaspace       used 74748K, capacity 76408K, committed 76664K, reserved 1116160K
  class space    used 9723K, capacity 10385K, committed 10444K, reserved 1048576K
}
Event: 14.551 GC heap before
{Heap before GC invocations=18 (full 0):
 garbage-first heap   total 157696K, used 114455K [0x0000000080000000, 0x0000000100000000)
  region size 1024K, 53 young (54272K), 4 survivors (4096K)
 Metaspace       used 80124K, capacity 81869K, committed 82040K, reserved 1120256K
  class space    used 10490K, capacity 11157K, committed 11212K, reserved 1048576K
}
Event: 14.561 GC heap after
{Heap after GC invocations=19 (full 0):
 garbage-first heap   total 157696K, used 66813K [0x0000000080000000, 0x0000000100000000)
  region size 1024K, 6 young (6144K), 6 survivors (6144K)
 Metaspace       used 80124K, capacity 81869K, committed 82040K, reserved 1120256K
  class space    used 10490K, capacity 11157K, committed 11212K, reserved 1048576K
}
Event: 15.429 GC heap before
{Heap before GC invocations=19 (full 0):
 garbage-first heap   total 157696K, used 118013K [0x0000000080000000, 0x0000000100000000)
  region size 1024K, 56 young (57344K), 6 survivors (6144K)
 Metaspace       used 83989K, capacity 85953K, committed 86264K, reserved 1124352K
  class space    used 11038K, capacity 11788K, committed 11852K, reserved 1048576K
}
Event: 15.444 GC heap after
{Heap after GC invocations=20 (full 0):
 garbage-first heap   total 157696K, used 71022K [0x0000000080000000, 0x0000000100000000)
  region size 1024K, 7 young (7168K), 7 survivors (7168K)
 Metaspace       used 83989K, capacity 85953K, committed 86264K, reserved 1124352K
  class space    used 11038K, capacity 11788K, committed 11852K, reserved 1048576K
}
Event: 16.015 GC heap before
{Heap before GC invocations=20 (full 0):
 garbage-first heap   total 157696K, used 120174K [0x0000000080000000, 0x0000000100000000)
  region size 1024K, 56 young (57344K), 7 survivors (7168K)
 Metaspace       used 85557K, capacity 87832K, committed 87928K, reserved 1124352K
  class space    used 11288K, capacity 12193K, committed 12236K, reserved 1048576K
}
Event: 16.028 GC heap after
{Heap after GC invocations=21 (full 0):
 garbage-first heap   total 157696K, used 75041K [0x0000000080000000, 0x0000000100000000)
  region size 1024K, 4 young (4096K), 4 survivors (4096K)
 Metaspace       used 85557K, capacity 87832K, committed 87928K, reserved 1124352K
  class space    used 11288K, capacity 12193K, committed 12236K, reserved 1048576K
}
Event: 16.580 GC heap before
{Heap before GC invocations=21 (full 0):
 garbage-first heap   total 157696K, used 123169K [0x0000000080000000, 0x0000000100000000)
  region size 1024K, 52 young (53248K), 4 survivors (4096K)
 Metaspace       used 86180K, capacity 88522K, committed 88696K, reserved 1126400K
  class space    used 11337K, capacity 12218K, committed 12236K, reserved 1048576K
}

Deoptimization events (20 events):
Event: 16.386 Thread 0x0000024a22150000 Uncommon trap: trap_request=0xffffffc6 fr.pc=0x0000024a10462a9c relative=0x000000000000015c
Event: 16.386 Thread 0x0000024a22150000 Uncommon trap: reason=bimorphic_or_optimized_type_check action=maybe_recompile pc=0x0000024a10462a9c method=com.google.common.collect.RegularImmutableMap.get(Ljava/lang/Object;[Lcom/google/common/collect/ImmutableMapEntry;I)Ljava/lang/Object; @ 54 c2
Event: 16.386 Thread 0x0000024a22150000 DEOPT PACKING pc=0x0000024a10462a9c sp=0x0000005715ef8f50
Event: 16.386 Thread 0x0000024a22150000 DEOPT UNPACKING pc=0x0000024a0859a1af sp=0x0000005715ef8ee8 mode 2
Event: 16.386 Thread 0x0000024a22150000 Uncommon trap: trap_request=0xffffffc6 fr.pc=0x0000024a10462a9c relative=0x000000000000015c
Event: 16.386 Thread 0x0000024a22150000 Uncommon trap: reason=bimorphic_or_optimized_type_check action=maybe_recompile pc=0x0000024a10462a9c method=com.google.common.collect.RegularImmutableMap.get(Ljava/lang/Object;[Lcom/google/common/collect/ImmutableMapEntry;I)Ljava/lang/Object; @ 54 c2
Event: 16.386 Thread 0x0000024a22150000 DEOPT PACKING pc=0x0000024a10462a9c sp=0x0000005715ef8f50
Event: 16.386 Thread 0x0000024a22150000 DEOPT UNPACKING pc=0x0000024a0859a1af sp=0x0000005715ef8ee8 mode 2
Event: 16.386 Thread 0x0000024a22150000 Uncommon trap: trap_request=0xffffffc6 fr.pc=0x0000024a10462a9c relative=0x000000000000015c
Event: 16.386 Thread 0x0000024a22150000 Uncommon trap: reason=bimorphic_or_optimized_type_check action=maybe_recompile pc=0x0000024a10462a9c method=com.google.common.collect.RegularImmutableMap.get(Ljava/lang/Object;[Lcom/google/common/collect/ImmutableMapEntry;I)Ljava/lang/Object; @ 54 c2
Event: 16.386 Thread 0x0000024a22150000 DEOPT PACKING pc=0x0000024a10462a9c sp=0x0000005715ef8f50
Event: 16.386 Thread 0x0000024a22150000 DEOPT UNPACKING pc=0x0000024a0859a1af sp=0x0000005715ef8ee8 mode 2
Event: 16.402 Thread 0x0000024a22150000 Uncommon trap: trap_request=0xffffff4d fr.pc=0x0000024a105a20dc relative=0x00000000000005dc
Event: 16.402 Thread 0x0000024a22150000 Uncommon trap: reason=unstable_if action=reinterpret pc=0x0000024a105a20dc method=org.gradle.internal.snapshot.VfsRelativePath.lengthOfCommonPrefix(Ljava/lang/String;Lorg/gradle/internal/snapshot/CaseSensitivity;)I @ 107 c2
Event: 16.402 Thread 0x0000024a22150000 DEOPT PACKING pc=0x0000024a105a20dc sp=0x0000005715ef9220
Event: 16.402 Thread 0x0000024a22150000 DEOPT UNPACKING pc=0x0000024a0859a1af sp=0x0000005715ef91a8 mode 2
Event: 16.420 Thread 0x0000024a22150000 Uncommon trap: trap_request=0xffffff4d fr.pc=0x0000024a1057ca70 relative=0x00000000000005f0
Event: 16.420 Thread 0x0000024a22150000 Uncommon trap: reason=unstable_if action=reinterpret pc=0x0000024a1057ca70 method=sun.security.provider.DigestBase.engineUpdate([BII)V @ 1 c2
Event: 16.420 Thread 0x0000024a22150000 DEOPT PACKING pc=0x0000024a1057ca70 sp=0x0000005715ef6dd0
Event: 16.420 Thread 0x0000024a22150000 DEOPT UNPACKING pc=0x0000024a0859a1af sp=0x0000005715ef6d98 mode 2

Classes redefined (0 events):
No events

Internal exceptions (20 events):
Event: 15.273 Thread 0x0000024a2743f800 Exception <a 'java/lang/NoSuchMethodError'{0x0000000086e1f130}: <clinit>> (0x0000000086e1f130) thrown at [./src/hotspot/share/prims/jni.cpp, line 1365]
Event: 15.278 Thread 0x0000024a2743f800 Exception <a 'java/lang/NoSuchMethodError'{0x0000000086ec1858}: <clinit>> (0x0000000086ec1858) thrown at [./src/hotspot/share/prims/jni.cpp, line 1365]
Event: 15.280 Thread 0x0000024a2743f800 Exception <a 'java/lang/NoSuchMethodError'{0x0000000086ecc2c8}: 'void java.lang.invoke.DirectMethodHandle$Holder.invokeSpecial(java.lang.Object, java.lang.Object, java.lang.Object, int)'> (0x0000000086ecc2c8) thrown at [./src/hotspot/share/interpreter/linkResolver.cpp, line 773]
Event: 15.304 Thread 0x0000024a236dc000 Exception <a 'java/lang/NoSuchMethodError'{0x0000000086c8a790}: <clinit>> (0x0000000086c8a790) thrown at [./src/hotspot/share/prims/jni.cpp, line 1365]
Event: 15.304 Thread 0x0000024a22150000 Exception <a 'java/lang/NoSuchMethodError'{0x0000000086c1c6f8}: 'java.lang.Object java.lang.invoke.DirectMethodHandle$Holder.invokeInterface(java.lang.Object, java.lang.Object, int)'> (0x0000000086c1c6f8) thrown at [./src/hotspot/share/interpreter/linkResolver.cpp, line 773]
Event: 15.308 Thread 0x0000024a22150000 Exception <a 'java/lang/NoSuchMethodError'{0x0000000086c322f0}: 'void java.lang.invoke.DirectMethodHandle$Holder.invokeStatic(java.lang.Object, java.lang.Object, java.lang.Object, int)'> (0x0000000086c322f0) thrown at [./src/hotspot/share/interpreter/linkResolver.cpp, line 773]
Event: 15.349 Thread 0x0000024a22150000 Implicit null exception at 0x0000024a102ddc77 to 0x0000024a102dde1c
Event: 15.359 Thread 0x0000024a22150000 Exception <a 'java/lang/IncompatibleClassChangeError'{0x0000000086bfcca0}: Found class java.lang.Object, but interface was expected> (0x0000000086bfcca0) thrown at [./src/hotspot/share/interpreter/linkResolver.cpp, line 839]
Event: 15.617 Thread 0x0000024a22150000 Exception <a 'java/lang/NoSuchMethodError'{0x000000008928af70}: 'void java.lang.invoke.DirectMethodHandle$Holder.invokeStatic(java.lang.Object, java.lang.Object, java.lang.Object, java.lang.Object, int, java.lang.Object, java.lang.Object)'> (0x000000008928af70) thrown at [./src/hotspot/share/interpreter/linkResolver.cpp, line 773]
Event: 15.656 Thread 0x0000024a25ffb000 Exception <a 'java/lang/NoSuchMethodError'{0x0000000088bd90e8}: 'java.lang.Object java.lang.invoke.DirectMethodHandle$Holder.invokeSpecialIFC(java.lang.Object, java.lang.Object, java.lang.Object)'> (0x0000000088bd90e8) thrown at [./src/hotspot/share/interpreter/linkResolver.cpp, line 773]
Event: 15.656 Thread 0x0000024a26aca000 Exception <a 'java/lang/NoSuchMethodError'{0x0000000088be0040}: 'java.lang.Object java.lang.invoke.DirectMethodHandle$Holder.invokeSpecialIFC(java.lang.Object, java.lang.Object, java.lang.Object)'> (0x0000000088be0040) thrown at [./src/hotspot/share/interpreter/linkResolver.cpp, line 773]
Event: 15.656 Thread 0x0000024a25388800 Exception <a 'java/lang/NoSuchMethodError'{0x0000000088b9e450}: 'java.lang.Object java.lang.invoke.DirectMethodHandle$Holder.invokeSpecialIFC(java.lang.Object, java.lang.Object, java.lang.Object)'> (0x0000000088b9e450) thrown at [./src/hotspot/share/interpreter/linkResolver.cpp, line 773]
Event: 15.657 Thread 0x0000024a234b9800 Exception <a 'java/lang/NoSuchMethodError'{0x0000000088bb7110}: 'java.lang.Object java.lang.invoke.DirectMethodHandle$Holder.invokeSpecialIFC(java.lang.Object, java.lang.Object, java.lang.Object)'> (0x0000000088bb7110) thrown at [./src/hotspot/share/interpreter/linkResolver.cpp, line 773]
Event: 15.656 Thread 0x0000024a27438800 Exception <a 'java/lang/NoSuchMethodError'{0x0000000088bc4db0}: 'java.lang.Object java.lang.invoke.DirectMethodHandle$Holder.invokeSpecialIFC(java.lang.Object, java.lang.Object, java.lang.Object)'> (0x0000000088bc4db0) thrown at [./src/hotspot/share/interpreter/linkResolver.cpp, line 773]
Event: 15.656 Thread 0x0000024a25fff800 Exception <a 'java/lang/NoSuchMethodError'{0x0000000088b6cef8}: 'java.lang.Object java.lang.invoke.DirectMethodHandle$Holder.invokeSpecialIFC(java.lang.Object, java.lang.Object, java.lang.Object)'> (0x0000000088b6cef8) thrown at [./src/hotspot/share/interpreter/linkResolver.cpp, line 773]
Event: 15.657 Thread 0x0000024a2538a800 Exception <a 'java/lang/NoSuchMethodError'{0x0000000088b5d300}: 'java.lang.Object java.lang.invoke.DirectMethodHandle$Holder.invokeSpecialIFC(java.lang.Object, java.lang.Object, java.lang.Object)'> (0x0000000088b5d300) thrown at [./src/hotspot/share/interpreter/linkResolver.cpp, line 773]
Event: 15.657 Thread 0x0000024a26ac5000 Exception <a 'java/lang/NoSuchMethodError'{0x0000000088b7c300}: 'java.lang.Object java.lang.invoke.DirectMethodHandle$Holder.invokeSpecialIFC(java.lang.Object, java.lang.Object, java.lang.Object)'> (0x0000000088b7c300) thrown at [./src/hotspot/share/interpreter/linkResolver.cpp, line 773]
Event: 15.699 Thread 0x0000024a25ffb000 Exception <a 'java/lang/NoSuchMethodError'{0x0000000088619800}: 'int java.lang.invoke.DirectMethodHandle$Holder.invokeStaticInit(java.lang.Object, java.lang.Object, java.lang.Object, java.lang.Object, java.lang.Object)'> (0x0000000088619800) thrown at [./src/hotspot/share/interpreter/linkResolver.cpp, line 773]
Event: 15.766 Thread 0x0000024a2538f000 Implicit null exception at 0x0000024a105873db to 0x0000024a1058746c
Event: 15.766 Thread 0x0000024a2538f000 Implicit null exception at 0x0000024a10586124 to 0x0000024a105862c4

Events (20 events):
Event: 16.415 Executing VM operation: Deoptimize
Event: 16.416 Executing VM operation: Deoptimize done
Event: 16.417 loading class org/gradle/api/internal/artifacts/ivyservice/resolveengine/artifact/LocalFileDependencyBackedArtifactSet$TransformedLocalFileArtifactSet
Event: 16.417 loading class org/gradle/api/internal/artifacts/ivyservice/resolveengine/artifact/LocalFileDependencyBackedArtifactSet$TransformedLocalFileArtifactSet done
Event: 16.435 Loaded shared library C:\Program Files\Android\Android Studio\jre\bin\nio.dll
Event: 16.458 Executing VM operation: RevokeBias
Event: 16.458 Executing VM operation: RevokeBias done
Event: 16.501 loading class org/gradle/internal/snapshot/impl/ListValueSnapshot
Event: 16.501 loading class org/gradle/internal/snapshot/impl/ListValueSnapshot done
Event: 16.504 loading class com/android/build/gradle/internal/core/VariantDslInfoImpl$computeApplicationIdSuffix$2
Event: 16.504 loading class com/android/build/gradle/internal/core/VariantDslInfoImpl$computeApplicationIdSuffix$2 done
Event: 16.526 Executing VM operation: RevokeBias
Event: 16.527 Executing VM operation: RevokeBias done
Event: 16.544 Executing VM operation: RevokeBias
Event: 16.544 Executing VM operation: RevokeBias done
Event: 16.548 Executing VM operation: RevokeBias
Event: 16.548 Executing VM operation: RevokeBias done
Event: 16.569 Executing VM operation: RevokeBias
Event: 16.569 Executing VM operation: RevokeBias done
Event: 16.580 Executing VM operation: G1CollectForAllocation


Dynamic libraries:
0x00007ff784760000 - 0x00007ff78476a000 	C:\Program Files\Android\Android Studio\jre\bin\java.exe
0x00007ffe5eb70000 - 0x00007ffe5ed68000 	C:\WINDOWS\SYSTEM32\ntdll.dll
0x00007ffe5d0a0000 - 0x00007ffe5d15d000 	C:\WINDOWS\System32\KERNEL32.DLL
0x00007ffe5c2c0000 - 0x00007ffe5c58e000 	C:\WINDOWS\System32\KERNELBASE.dll
0x00007ffe5c630000 - 0x00007ffe5c730000 	C:\WINDOWS\System32\ucrtbase.dll
0x00007ffe51450000 - 0x00007ffe51469000 	C:\Program Files\Android\Android Studio\jre\bin\jli.dll
0x00007ffe51630000 - 0x00007ffe51647000 	C:\Program Files\Android\Android Studio\jre\bin\VCRUNTIME140.dll
0x00007ffe5cee0000 - 0x00007ffe5d080000 	C:\WINDOWS\System32\USER32.dll
0x00007ffe5c290000 - 0x00007ffe5c2b2000 	C:\WINDOWS\System32\win32u.dll
0x00007ffe4ddb0000 - 0x00007ffe4e04a000 	C:\WINDOWS\WinSxS\amd64_microsoft.windows.common-controls_6595b64144ccf1df_6.0.19041.1110_none_60b5254171f9507e\COMCTL32.dll
0x00007ffe5e660000 - 0x00007ffe5e68a000 	C:\WINDOWS\System32\GDI32.dll
0x00007ffe5cd90000 - 0x00007ffe5ce2e000 	C:\WINDOWS\System32\msvcrt.dll
0x00007ffe5c9c0000 - 0x00007ffe5cacb000 	C:\WINDOWS\System32\gdi32full.dll
0x00007ffe5c7c0000 - 0x00007ffe5c85d000 	C:\WINDOWS\System32\msvcp_win.dll
0x00007ffe5e630000 - 0x00007ffe5e660000 	C:\WINDOWS\System32\IMM32.DLL
0x00007ffe34ae0000 - 0x00007ffe34b7d000 	C:\Program Files\Android\Android Studio\jre\bin\msvcp140.dll
0x00007ffe2ea80000 - 0x00007ffe2f565000 	C:\Program Files\Android\Android Studio\jre\bin\server\jvm.dll
0x00007ffe5e400000 - 0x00007ffe5e4ae000 	C:\WINDOWS\System32\ADVAPI32.dll
0x00007ffe5d9e0000 - 0x00007ffe5da7c000 	C:\WINDOWS\System32\sechost.dll
0x00007ffe5d8b0000 - 0x00007ffe5d9d5000 	C:\WINDOWS\System32\RPCRT4.dll
0x00007ffe5ea40000 - 0x00007ffe5ea48000 	C:\WINDOWS\System32\PSAPI.DLL
0x00007ffe562f0000 - 0x00007ffe562f9000 	C:\WINDOWS\SYSTEM32\WSOCK32.dll
0x00007ffe42240000 - 0x00007ffe42267000 	C:\WINDOWS\SYSTEM32\WINMM.dll
0x00007ffe50070000 - 0x00007ffe5007a000 	C:\WINDOWS\SYSTEM32\VERSION.dll
0x00007ffe5e9d0000 - 0x00007ffe5ea3b000 	C:\WINDOWS\System32\WS2_32.dll
0x00007ffe5ab70000 - 0x00007ffe5ab82000 	C:\WINDOWS\SYSTEM32\kernel.appcore.dll
0x00007ffe51550000 - 0x00007ffe51561000 	C:\Program Files\Android\Android Studio\jre\bin\verify.dll
0x00007ffe56ee0000 - 0x00007ffe570c4000 	C:\WINDOWS\SYSTEM32\DBGHELP.DLL
0x00007ffe4fcf0000 - 0x00007ffe4fd1c000 	C:\WINDOWS\SYSTEM32\dbgcore.DLL
0x00007ffe5c730000 - 0x00007ffe5c7b2000 	C:\WINDOWS\System32\bcryptPrimitives.dll
0x00007ffe4bae0000 - 0x00007ffe4bb09000 	C:\Program Files\Android\Android Studio\jre\bin\java.dll
0x00007ffe53670000 - 0x00007ffe5367b000 	C:\Program Files\Android\Android Studio\jre\bin\jimage.dll
0x00007ffe51430000 - 0x00007ffe51448000 	C:\Program Files\Android\Android Studio\jre\bin\zip.dll
0x00007ffe5d160000 - 0x00007ffe5d8a4000 	C:\WINDOWS\System32\SHELL32.dll
0x00007ffe572f0000 - 0x00007ffe57a84000 	C:\WINDOWS\SYSTEM32\windows.storage.dll
0x00007ffe5da90000 - 0x00007ffe5dde4000 	C:\WINDOWS\System32\combase.dll
0x00007ffe5bc20000 - 0x00007ffe5bc50000 	C:\WINDOWS\SYSTEM32\Wldp.dll
0x00007ffe5cbd0000 - 0x00007ffe5cc7d000 	C:\WINDOWS\System32\SHCORE.dll
0x00007ffe5e7c0000 - 0x00007ffe5e815000 	C:\WINDOWS\System32\shlwapi.dll
0x00007ffe5c1d0000 - 0x00007ffe5c1ef000 	C:\WINDOWS\SYSTEM32\profapi.dll
0x00007ffe4bac0000 - 0x00007ffe4bada000 	C:\Program Files\Android\Android Studio\jre\bin\net.dll
0x00007ffe4d8d0000 - 0x00007ffe4d9da000 	C:\WINDOWS\SYSTEM32\WINHTTP.dll
0x00007ffe5b980000 - 0x00007ffe5b9ea000 	C:\WINDOWS\system32\mswsock.dll
0x00007ffe4baa0000 - 0x00007ffe4bab4000 	C:\Program Files\Android\Android Studio\jre\bin\nio.dll
0x00007ffe4bb30000 - 0x00007ffe4bb57000 	C:\Users\Rajesh\.gradle\native\e1d6ef7f7dcc3fd88c89a11ec53ec762bb8ba0a96d01ffa2cd45eb1d1d8dd5c5\windows-amd64\native-platform.dll
0x00007ffe2e710000 - 0x00007ffe2e854000 	C:\Users\Rajesh\.gradle\native\5664cfc778a61ccfe75a443a1ab52a65af34e5dc3c78e0209fed803814484fcb\windows-amd64\native-platform-file-events.dll
0x00007ffe51f80000 - 0x00007ffe51f8a000 	C:\Program Files\Android\Android Studio\jre\bin\management.dll
0x00007ffe51540000 - 0x00007ffe5154d000 	C:\Program Files\Android\Android Studio\jre\bin\management_ext.dll
0x00007ffe5bb70000 - 0x00007ffe5bb88000 	C:\WINDOWS\SYSTEM32\CRYPTSP.dll
0x00007ffe5b300000 - 0x00007ffe5b334000 	C:\WINDOWS\system32\rsaenh.dll
0x00007ffe5c600000 - 0x00007ffe5c627000 	C:\WINDOWS\System32\bcrypt.dll
0x00007ffe5c140000 - 0x00007ffe5c16e000 	C:\WINDOWS\SYSTEM32\USERENV.dll
0x00007ffe5bb90000 - 0x00007ffe5bb9c000 	C:\WINDOWS\SYSTEM32\CRYPTBASE.dll
0x00007ffe5b670000 - 0x00007ffe5b6ab000 	C:\WINDOWS\SYSTEM32\IPHLPAPI.DLL
0x00007ffe5e3f0000 - 0x00007ffe5e3f8000 	C:\WINDOWS\System32\NSI.dll
0x00007ffe51150000 - 0x00007ffe51167000 	C:\WINDOWS\SYSTEM32\dhcpcsvc6.DLL
0x00007ffe51db0000 - 0x00007ffe51dcd000 	C:\WINDOWS\SYSTEM32\dhcpcsvc.DLL
0x00007ffe5b6b0000 - 0x00007ffe5b77b000 	C:\WINDOWS\SYSTEM32\DNSAPI.dll

dbghelp: loaded successfully - version: 4.0.5 - missing functions: none
symbol engine: initialized successfully - sym options: 0x614 - pdb path: .;C:\Program Files\Android\Android Studio\jre\bin;C:\WINDOWS\SYSTEM32;C:\WINDOWS\WinSxS\amd64_microsoft.windows.common-controls_6595b64144ccf1df_6.0.19041.1110_none_60b5254171f9507e;C:\Program Files\Android\Android Studio\jre\bin\server;C:\Users\Rajesh\.gradle\native\e1d6ef7f7dcc3fd88c89a11ec53ec762bb8ba0a96d01ffa2cd45eb1d1d8dd5c5\windows-amd64;C:\Users\Rajesh\.gradle\native\5664cfc778a61ccfe75a443a1ab52a65af34e5dc3c78e0209fed803814484fcb\windows-amd64

VM Arguments:
jvm_args: --add-opens=java.base/java.util=ALL-UNNAMED --add-opens=java.base/java.lang=ALL-UNNAMED --add-opens=java.base/java.lang.invoke=ALL-UNNAMED --add-opens=java.base/java.util=ALL-UNNAMED --add-opens=java.prefs/java.util.prefs=ALL-UNNAMED --add-opens=java.prefs/java.util.prefs=ALL-UNNAMED --add-opens=java.base/java.nio.charset=ALL-UNNAMED --add-opens=java.base/java.net=ALL-UNNAMED --add-opens=java.base/java.util.concurrent.atomic=ALL-UNNAMED -Xmx2048m -Dfile.encoding=UTF-8 -Duser.country=US -Duser.language=en -Duser.variant 
java_command: org.gradle.launcher.daemon.bootstrap.GradleDaemon 7.3.3
java_class_path (initial): C:\Users\Rajesh\.gradle\wrapper\dists\gradle-7.3.3-bin\6a41zxkdtcxs8rphpq6y0069z\gradle-7.3.3\lib\gradle-launcher-7.3.3.jar
Launcher Type: SUN_STANDARD

[Global flags]
     intx CICompilerCount                          = 4                                         {product} {ergonomic}
     uint ConcGCThreads                            = 2                                         {product} {ergonomic}
     uint G1ConcRefinementThreads                  = 8                                         {product} {ergonomic}
   size_t G1HeapRegionSize                         = 1048576                                   {product} {ergonomic}
    uintx GCDrainStackTargetSize                   = 64                                        {product} {ergonomic}
   size_t InitialHeapSize                          = 134217728                                 {product} {ergonomic}
   size_t MarkStackSize                            = 4194304                                   {product} {ergonomic}
   size_t MaxHeapSize                              = 2147483648                                {product} {command line}
   size_t MaxNewSize                               = 1287651328                                {product} {ergonomic}
   size_t MinHeapDeltaBytes                        = 1048576                                   {product} {ergonomic}
    uintx NonNMethodCodeHeapSize                   = 5836300                                {pd product} {ergonomic}
    uintx NonProfiledCodeHeapSize                  = 122910970                              {pd product} {ergonomic}
    uintx ProfiledCodeHeapSize                     = 122910970                              {pd product} {ergonomic}
    uintx ReservedCodeCacheSize                    = 251658240                              {pd product} {ergonomic}
     bool SegmentedCodeCache                       = true                                      {product} {ergonomic}
     bool UseCompressedClassPointers               = true                                 {lp64_product} {ergonomic}
     bool UseCompressedOops                        = true                                 {lp64_product} {ergonomic}
     bool UseG1GC                                  = true                                      {product} {ergonomic}
     bool UseLargePagesIndividualAllocation        = false                                  {pd product} {ergonomic}

Logging:
Log output configuration:
 #0: stdout all=warning uptime,level,tags
 #1: stderr all=off uptime,level,tags

Environment Variables:
PATH=C:\Program Files\Common Files\Oracle\Java\javapath;C:\WINDOWS\system32;C:\WINDOWS;C:\WINDOWS\System32\Wbem;C:\WINDOWS\System32\WindowsPowerShell\v1.0\;C:\WINDOWS\System32\OpenSSH\;C:\Program Files\Git\cmd;C:\Program Files (x86)\NVIDIA Corporation\PhysX\Common;C:\Users\Rajesh\AppData\Local\Microsoft\WindowsApps;
USERNAME=Rajesh
OS=Windows_NT
PROCESSOR_IDENTIFIER=Intel64 Family 6 Model 142 Stepping 10, GenuineIntel



---------------  S Y S T E M  ---------------

OS: Windows 10 , 64 bit Build 19041 (10.0.19041.1806)
OS uptime: 1 days 3:59 hours

CPU:total 8 (initial active 8) (4 cores per cpu, 2 threads per core) family 6 model 142 stepping 10 microcode 0xb4, cmov, cx8, fxsr, mmx, sse, sse2, sse3, ssse3, sse4.1, sse4.2, popcnt, avx, avx2, aes, clmul, erms, 3dnowpref, lzcnt, ht, tsc, tscinvbit, bmi1, bmi2, adx, fma

Memory: 4k page, system-wide physical 8087M (630M free)
TotalPageFile size 22216M (AvailPageFile size 28M)
current process WorkingSet (physical memory assigned to process): 413M, peak: 434M
current process commit charge ("private bytes"): 449M, peak: 480M

vm_info: OpenJDK 64-Bit Server VM (11.0.12+7-b1504.28-7817840) for windows-amd64 JRE (11.0.12+7-b1504.28-7817840), built on Oct 13 2021 22:12:33 by "builder" with MS VC++ 14.0 (VS2015)

END.
