#
# There is insufficient memory for the Java Runtime Environment to continue.
# Native memory allocation (malloc) failed to allocate 1824656 bytes for Chunk::new
# Possible reasons:
#   The system is out of physical RAM or swap space
#   The process is running with CompressedOops enabled, and the Java Heap may be blocking the growth of the native heap
# Possible solutions:
#   Reduce memory load on the system
#   Increase physical memory or swap space
#   Check if swap backing store is full
#   Decrease Java heap size (-Xmx/-Xms)
#   Decrease number of Java threads
#   Decrease Java thread stack sizes (-Xss)
#   Set larger code cache with -XX:ReservedCodeCacheSize=
#   JVM is running with Unscaled Compressed Oops mode in which the Java heap is
#     placed in the first 4GB address space. The Java Heap base address is the
#     maximum limit for the native heap growth. Please use -XX:HeapBaseMinAddress
#     to set the Java Heap base and to place the Java Heap above 4GB virtual address.
# This output file may be truncated or incomplete.
#
#  Out of Memory Error (./src/hotspot/share/memory/arena.cpp:197), pid=1160, tid=4496
#
# JRE version: OpenJDK Runtime Environment (11.0.12+7) (build 11.0.12+7-b1504.28-7817840)
# Java VM: OpenJDK 64-Bit Server VM (11.0.12+7-b1504.28-7817840, mixed mode, tiered, compressed oops, g1 gc, windows-amd64)
# No core dump will be written. Minidumps are not enabled by default on client versions of Windows
#

---------------  S U M M A R Y ------------

Command Line: --add-opens=java.base/java.util=ALL-UNNAMED --add-opens=java.base/java.lang=ALL-UNNAMED --add-opens=java.base/java.lang.invoke=ALL-UNNAMED --add-opens=java.base/java.util=ALL-UNNAMED --add-opens=java.prefs/java.util.prefs=ALL-UNNAMED --add-opens=java.prefs/java.util.prefs=ALL-UNNAMED --add-opens=java.base/java.nio.charset=ALL-UNNAMED --add-opens=java.base/java.net=ALL-UNNAMED --add-opens=java.base/java.util.concurrent.atomic=ALL-UNNAMED -Xmx2048m -Dfile.encoding=UTF-8 -Duser.country=US -Duser.language=en -Duser.variant org.gradle.launcher.daemon.bootstrap.GradleDaemon 7.3.3

Host: Intel(R) Core(TM) i5-8250U CPU @ 1.60GHz, 8 cores, 7G,  Windows 10 , 64 bit Build 19041 (10.0.19041.1806)
Time: Fri Aug  5 15:53:34 2022 Bangladesh Standard Time elapsed time: 30.319351 seconds (0d 0h 0m 30s)

---------------  T H R E A D  ---------------

Current thread (0x000001ba58e44000):  JavaThread "C2 CompilerThread0" daemon [_thread_in_native, id=4496, stack(0x0000001745100000,0x0000001745200000)]


Current CompileTask:
C2:  30319 14984       4       org.gradle.api.internal.artifacts.transform.ConsumerProvidedVariantFinder::matchAttributes (68 bytes)

Stack: [0x0000001745100000,0x0000001745200000]
Native frames: (J=compiled Java code, j=interpreted, Vv=VM code, C=native code)
V  [jvm.dll+0x5fbcea]
V  [jvm.dll+0x731905]
V  [jvm.dll+0x732f1d]
V  [jvm.dll+0x7335d3]
V  [jvm.dll+0x247bf8]
V  [jvm.dll+0xc018c]
V  [jvm.dll+0xc06cc]
V  [jvm.dll+0x35b31d]
V  [jvm.dll+0x19cebc]
V  [jvm.dll+0x20070e]
V  [jvm.dll+0x1ff794]
V  [jvm.dll+0x18868c]
V  [jvm.dll+0x20e0d7]
V  [jvm.dll+0x20c901]
V  [jvm.dll+0x6f9b7f]
V  [jvm.dll+0x6f26a5]
V  [jvm.dll+0x5fabf6]
C  [ucrtbase.dll+0x21bb2]
C  [KERNEL32.DLL+0x17034]
C  [ntdll.dll+0x52651]


---------------  P R O C E S S  ---------------

Threads class SMR info:
_java_thread_list=0x000001ba66a984b0, length=140, elements={
0x000001ba3e99e800, 0x000001ba58e20000, 0x000001ba58e21000, 0x000001ba597a2800,
0x000001ba58e3d000, 0x000001ba58e3f000, 0x000001ba58e44000, 0x000001ba58e50800,
0x000001ba58e51800, 0x000001ba598f5800, 0x000001ba5be2b800, 0x000001ba59a1e000,
0x000001ba5ba08800, 0x000001ba5b86c000, 0x000001ba59b7e000, 0x000001ba5a858800,
0x000001ba5b9b6800, 0x000001ba5c46b800, 0x000001ba5c0d2000, 0x000001ba5cc9a800,
0x000001ba5cc96000, 0x000001ba5cc97000, 0x000001ba5cc98000, 0x000001ba5cc99800,
0x000001ba5cc98800, 0x000001ba5cc94800, 0x000001ba5cc9b000, 0x000001ba5cc95800,
0x000001ba59d6c000, 0x000001ba59d70800, 0x000001ba59d73000, 0x000001ba59d71000,
0x000001ba59d72000, 0x000001ba59d73800, 0x000001ba59d6e000, 0x000001ba59d74800,
0x000001ba59d75000, 0x000001ba59d6f800, 0x000001ba59d77000, 0x000001ba59d78800,
0x000001ba59d76000, 0x000001ba59d77800, 0x000001ba59d79800, 0x000001ba59d7a000,
0x000001ba59d7b000, 0x000001ba5c8e7000, 0x000001ba5c8e3000, 0x000001ba5c8e4800,
0x000001ba5c8e2800, 0x000001ba5c8e5800, 0x000001ba5c8e6800, 0x000001ba5c8e1800,
0x000001ba5c8e8000, 0x000001ba5c8e9000, 0x000001ba5c8e9800, 0x000001ba5c8e4000,
0x000001ba5c8eb000, 0x000001ba5c8ec000, 0x000001ba5c8ee800, 0x000001ba5c8ed000,
0x000001ba5c8ea800, 0x000001ba5c8f0000, 0x000001ba5c8ef800, 0x000001ba5c8ed800,
0x000001ba5d3ff000, 0x000001ba5d3fc800, 0x000001ba5d3fe800, 0x000001ba5d3fb000,
0x000001ba5d3fd800, 0x000001ba5d400000, 0x000001ba5d3fa000, 0x000001ba5d3fc000,
0x000001ba5d400800, 0x000001ba5d405800, 0x000001ba5d406800, 0x000001ba5d407800,
0x000001ba5d401800, 0x000001ba5d402800, 0x000001ba5d404000, 0x000001ba5d408000,
0x000001ba5d405000, 0x000001ba5d409000, 0x000001ba5d403000, 0x000001ba5fe09000,
0x000001ba5fe08800, 0x000001ba5fe04800, 0x000001ba5fe03800, 0x000001ba5fe06000,
0x000001ba5fe0a000, 0x000001ba5fe0b000, 0x000001ba5fe05000, 0x000001ba5fe0b800,
0x000001ba5fe0c800, 0x000001ba5fe07800, 0x000001ba5fe06800, 0x000001ba5fe10800,
0x000001ba5fe11800, 0x000001ba5fe12000, 0x000001ba5fe0d800, 0x000001ba5fe0f000,
0x000001ba5fe0e000, 0x000001ba5fe0f800, 0x000001ba5cfb6000, 0x000001ba5cfb4800,
0x000001ba5cfb8800, 0x000001ba5cfb3800, 0x000001ba5cfb9000, 0x000001ba5cfb7000,
0x000001ba5cfb5000, 0x000001ba5cfbd800, 0x000001ba5cfba000, 0x000001ba5cfbb800,
0x000001ba5cfb7800, 0x000001ba5cfbf000, 0x000001ba5cfbc800, 0x000001ba5cfbe000,
0x000001ba5cfbf800, 0x000001ba5cfc0800, 0x000001ba5cfbb000, 0x000001ba5cfc2000,
0x000001ba5cfc1800, 0x000001ba59f0f800, 0x000001ba59f0d000, 0x000001ba59f12000,
0x000001ba59f13000, 0x000001ba59f0f000, 0x000001ba59f10800, 0x000001ba59f14000,
0x000001ba59f0e000, 0x000001ba59f14800, 0x000001ba59f15800, 0x000001ba59f1c000,
0x000001ba59f18000, 0x000001ba59f19800, 0x000001ba59f1a800, 0x000001ba59f18800,
0x000001ba59f17000, 0x000001ba59f1b000, 0x000001ba64e7c800, 0x000001ba64e78000
}

Java Threads: ( => current thread )
  0x000001ba3e99e800 JavaThread "main" [_thread_blocked, id=4840, stack(0x0000001744500000,0x0000001744600000)]
  0x000001ba58e20000 JavaThread "Reference Handler" daemon [_thread_blocked, id=3144, stack(0x0000001744c00000,0x0000001744d00000)]
  0x000001ba58e21000 JavaThread "Finalizer" daemon [_thread_blocked, id=10528, stack(0x0000001744d00000,0x0000001744e00000)]
  0x000001ba597a2800 JavaThread "Signal Dispatcher" daemon [_thread_blocked, id=8776, stack(0x0000001744e00000,0x0000001744f00000)]
  0x000001ba58e3d000 JavaThread "Attach Listener" daemon [_thread_blocked, id=12396, stack(0x0000001744f00000,0x0000001745000000)]
  0x000001ba58e3f000 JavaThread "Service Thread" daemon [_thread_blocked, id=13020, stack(0x0000001745000000,0x0000001745100000)]
=>0x000001ba58e44000 JavaThread "C2 CompilerThread0" daemon [_thread_in_native, id=4496, stack(0x0000001745100000,0x0000001745200000)]
  0x000001ba58e50800 JavaThread "C1 CompilerThread0" daemon [_thread_in_native, id=6656, stack(0x0000001745200000,0x0000001745300000)]
  0x000001ba58e51800 JavaThread "Sweeper thread" daemon [_thread_blocked, id=3712, stack(0x0000001745300000,0x0000001745400000)]
  0x000001ba598f5800 JavaThread "Common-Cleaner" daemon [_thread_blocked, id=13816, stack(0x0000001745400000,0x0000001745500000)]
  0x000001ba5be2b800 JavaThread "Daemon health stats" [_thread_blocked, id=1920, stack(0x0000001745a00000,0x0000001745b00000)]
  0x000001ba59a1e000 JavaThread "Incoming local TCP Connector on port 63545" [_thread_in_native, id=11628, stack(0x0000001745600000,0x0000001745700000)]
  0x000001ba5ba08800 JavaThread "Daemon periodic checks" [_thread_blocked, id=424, stack(0x0000001745900000,0x0000001745a00000)]
  0x000001ba5b86c000 JavaThread "Daemon" [_thread_blocked, id=5756, stack(0x0000001745b00000,0x0000001745c00000)]
  0x000001ba59b7e000 JavaThread "Handler for socket connection from /127.0.0.1:63545 to /127.0.0.1:63546" [_thread_in_native, id=11896, stack(0x0000001745c00000,0x0000001745d00000)]
  0x000001ba5a858800 JavaThread "Cancel handler" [_thread_blocked, id=7304, stack(0x0000001745d00000,0x0000001745e00000)]
  0x000001ba5b9b6800 JavaThread "Daemon worker" [_thread_blocked, id=5792, stack(0x0000001745e00000,0x0000001745f00000)]
  0x000001ba5c46b800 JavaThread "Asynchronous log dispatcher for DefaultDaemonConnection: socket connection from /127.0.0.1:63545 to /127.0.0.1:63546" [_thread_blocked, id=9936, stack(0x0000001746000000,0x0000001746100000)]
  0x000001ba5c0d2000 JavaThread "Stdin handler" [_thread_blocked, id=13660, stack(0x0000001746100000,0x0000001746200000)]
  0x000001ba5cc9a800 JavaThread "Daemon client event forwarder" [_thread_blocked, id=13788, stack(0x0000001746200000,0x0000001746300000)]
  0x000001ba5cc96000 JavaThread "Cache worker for journal cache (C:\Users\Rajesh\.gradle\caches\journal-1)" [_thread_blocked, id=13268, stack(0x0000001746800000,0x0000001746900000)]
  0x000001ba5cc97000 JavaThread "File lock request listener" [_thread_in_native, id=11028, stack(0x0000001746900000,0x0000001746a00000)]
  0x000001ba5cc98000 JavaThread "Cache worker for file hash cache (C:\Users\Rajesh\.gradle\caches\7.3.3\fileHashes)" [_thread_blocked, id=13852, stack(0x0000001746a00000,0x0000001746b00000)]
  0x000001ba5cc99800 JavaThread "Cache worker for file hash cache (F:\AndroidStudioProjects\MovieApp\.gradle\7.3.3\fileHashes)" [_thread_blocked, id=13256, stack(0x0000001746c00000,0x0000001746d00000)]
  0x000001ba5cc98800 JavaThread "File watcher server" daemon [_thread_in_native, id=2288, stack(0x0000001746d00000,0x0000001746e00000)]
  0x000001ba5cc94800 JavaThread "File watcher consumer" daemon [_thread_blocked, id=620, stack(0x0000001746e00000,0x0000001746f00000)]
  0x000001ba5cc9b000 JavaThread "Cache worker for checksums cache (F:\AndroidStudioProjects\MovieApp\.gradle\7.3.3\checksums)" [_thread_blocked, id=4952, stack(0x0000001746f00000,0x0000001747000000)]
  0x000001ba5cc95800 JavaThread "Cache worker for cache directory md-supplier (C:\Users\Rajesh\.gradle\caches\7.3.3\md-supplier)" [_thread_blocked, id=2520, stack(0x0000001747000000,0x0000001747100000)]
  0x000001ba59d6c000 JavaThread "Cache worker for cache directory md-rule (C:\Users\Rajesh\.gradle\caches\7.3.3\md-rule)" [_thread_blocked, id=4012, stack(0x0000001747100000,0x0000001747200000)]
  0x000001ba59d70800 JavaThread "Cache worker for execution history cache (C:\Users\Rajesh\.gradle\caches\7.3.3\executionHistory)" [_thread_blocked, id=3472, stack(0x0000001747200000,0x0000001747300000)]
  0x000001ba59d73000 JavaThread "jar transforms" [_thread_blocked, id=10084, stack(0x0000001747400000,0x0000001747500000)]
  0x000001ba59d71000 JavaThread "Cache worker for file content cache (C:\Users\Rajesh\.gradle\caches\7.3.3\fileContent)" [_thread_blocked, id=944, stack(0x0000001747500000,0x0000001747600000)]
  0x000001ba59d72000 JavaThread "jar transforms Thread 2" [_thread_blocked, id=8524, stack(0x0000001747600000,0x0000001747700000)]
  0x000001ba59d73800 JavaThread "Cache worker for dependencies-accessors (F:\AndroidStudioProjects\MovieApp\.gradle\7.3.3\dependencies-accessors)" [_thread_blocked, id=13676, stack(0x0000001747700000,0x0000001747800000)]
  0x000001ba59d6e000 JavaThread "jar transforms Thread 3" [_thread_blocked, id=12808, stack(0x0000001747800000,0x0000001747900000)]
  0x000001ba59d74800 JavaThread "Cache worker for Build Output Cleanup Cache (F:\AndroidStudioProjects\MovieApp\.gradle\buildOutputCleanup)" [_thread_blocked, id=1588, stack(0x0000001747900000,0x0000001747a00000)]
  0x000001ba59d75000 JavaThread "Unconstrained build operations" [_thread_blocked, id=9036, stack(0x0000001747300000,0x0000001747400000)]
  0x000001ba59d6f800 JavaThread "Unconstrained build operations Thread 2" [_thread_blocked, id=13112, stack(0x0000001747a00000,0x0000001747b00000)]
  0x000001ba59d77000 JavaThread "Unconstrained build operations Thread 3" [_thread_blocked, id=10052, stack(0x0000001747b00000,0x0000001747c00000)]
  0x000001ba59d78800 JavaThread "Unconstrained build operations Thread 4" [_thread_blocked, id=10832, stack(0x0000001747c00000,0x0000001747d00000)]
  0x000001ba59d76000 JavaThread "Unconstrained build operations Thread 5" [_thread_blocked, id=11376, stack(0x0000001747d00000,0x0000001747e00000)]
  0x000001ba59d77800 JavaThread "Unconstrained build operations Thread 6" [_thread_blocked, id=6320, stack(0x0000001747e00000,0x0000001747f00000)]
  0x000001ba59d79800 JavaThread "Unconstrained build operations Thread 7" [_thread_blocked, id=4672, stack(0x0000001747f00000,0x0000001748000000)]
  0x000001ba59d7a000 JavaThread "Unconstrained build operations Thread 8" [_thread_blocked, id=504, stack(0x0000001748000000,0x0000001748100000)]
  0x000001ba59d7b000 JavaThread "Unconstrained build operations Thread 9" [_thread_blocked, id=7932, stack(0x0000001748100000,0x0000001748200000)]
  0x000001ba5c8e7000 JavaThread "Unconstrained build operations Thread 10" [_thread_blocked, id=3272, stack(0x0000001748200000,0x0000001748300000)]
  0x000001ba5c8e3000 JavaThread "Unconstrained build operations Thread 11" [_thread_blocked, id=2884, stack(0x0000001748300000,0x0000001748400000)]
  0x000001ba5c8e4800 JavaThread "Unconstrained build operations Thread 12" [_thread_blocked, id=4132, stack(0x0000001748400000,0x0000001748500000)]
  0x000001ba5c8e2800 JavaThread "Unconstrained build operations Thread 13" [_thread_blocked, id=11344, stack(0x0000001748500000,0x0000001748600000)]
  0x000001ba5c8e5800 JavaThread "Unconstrained build operations Thread 14" [_thread_blocked, id=12976, stack(0x0000001748600000,0x0000001748700000)]
  0x000001ba5c8e6800 JavaThread "Unconstrained build operations Thread 15" [_thread_blocked, id=5408, stack(0x0000001748700000,0x0000001748800000)]
  0x000001ba5c8e1800 JavaThread "Unconstrained build operations Thread 16" [_thread_blocked, id=6024, stack(0x0000001748800000,0x0000001748900000)]
  0x000001ba5c8e8000 JavaThread "Unconstrained build operations Thread 17" [_thread_in_Java, id=7460, stack(0x0000001748900000,0x0000001748a00000)]
  0x000001ba5c8e9000 JavaThread "Unconstrained build operations Thread 18" [_thread_blocked, id=12064, stack(0x0000001748a00000,0x0000001748b00000)]
  0x000001ba5c8e9800 JavaThread "Unconstrained build operations Thread 19" [_thread_blocked, id=8160, stack(0x0000001748b00000,0x0000001748c00000)]
  0x000001ba5c8e4000 JavaThread "Unconstrained build operations Thread 20" [_thread_blocked, id=11968, stack(0x0000001748c00000,0x0000001748d00000)]
  0x000001ba5c8eb000 JavaThread "Unconstrained build operations Thread 21" [_thread_blocked, id=8408, stack(0x0000001748d00000,0x0000001748e00000)]
  0x000001ba5c8ec000 JavaThread "Unconstrained build operations Thread 22" [_thread_blocked, id=8716, stack(0x0000001748e00000,0x0000001748f00000)]
  0x000001ba5c8ee800 JavaThread "Unconstrained build operations Thread 23" [_thread_blocked, id=10644, stack(0x0000001748f00000,0x0000001749000000)]
  0x000001ba5c8ed000 JavaThread "Unconstrained build operations Thread 24" [_thread_blocked, id=4964, stack(0x0000001749000000,0x0000001749100000)]
  0x000001ba5c8ea800 JavaThread "Unconstrained build operations Thread 25" [_thread_blocked, id=11492, stack(0x0000001749100000,0x0000001749200000)]
  0x000001ba5c8f0000 JavaThread "Unconstrained build operations Thread 26" [_thread_blocked, id=7504, stack(0x0000001749200000,0x0000001749300000)]
  0x000001ba5c8ef800 JavaThread "Unconstrained build operations Thread 27" [_thread_blocked, id=12392, stack(0x0000001749300000,0x0000001749400000)]
  0x000001ba5c8ed800 JavaThread "Unconstrained build operations Thread 28" [_thread_blocked, id=9164, stack(0x0000001749400000,0x0000001749500000)]
  0x000001ba5d3ff000 JavaThread "Unconstrained build operations Thread 29" [_thread_blocked, id=5740, stack(0x0000001749500000,0x0000001749600000)]
  0x000001ba5d3fc800 JavaThread "Unconstrained build operations Thread 30" [_thread_blocked, id=6136, stack(0x0000001749600000,0x0000001749700000)]
  0x000001ba5d3fe800 JavaThread "Unconstrained build operations Thread 31" [_thread_blocked, id=10804, stack(0x0000001749700000,0x0000001749800000)]
  0x000001ba5d3fb000 JavaThread "Unconstrained build operations Thread 32" [_thread_blocked, id=14156, stack(0x0000001749800000,0x0000001749900000)]
  0x000001ba5d3fd800 JavaThread "Unconstrained build operations Thread 33" [_thread_in_vm, id=6532, stack(0x0000001749900000,0x0000001749a00000)]
  0x000001ba5d400000 JavaThread "Unconstrained build operations Thread 34" [_thread_blocked, id=13328, stack(0x0000001749a00000,0x0000001749b00000)]
  0x000001ba5d3fa000 JavaThread "Unconstrained build operations Thread 35" [_thread_blocked, id=8384, stack(0x0000001749b00000,0x0000001749c00000)]
  0x000001ba5d3fc000 JavaThread "Unconstrained build operations Thread 36" [_thread_blocked, id=8988, stack(0x0000001749c00000,0x0000001749d00000)]
  0x000001ba5d400800 JavaThread "Unconstrained build operations Thread 37" [_thread_blocked, id=13576, stack(0x0000001749d00000,0x0000001749e00000)]
  0x000001ba5d405800 JavaThread "Unconstrained build operations Thread 38" [_thread_blocked, id=7948, stack(0x0000001749e00000,0x0000001749f00000)]
  0x000001ba5d406800 JavaThread "Unconstrained build operations Thread 39" [_thread_blocked, id=9364, stack(0x0000001749f00000,0x000000174a000000)]
  0x000001ba5d407800 JavaThread "Unconstrained build operations Thread 40" [_thread_blocked, id=11728, stack(0x000000174a000000,0x000000174a100000)]
  0x000001ba5d401800 JavaThread "Unconstrained build operations Thread 41" [_thread_blocked, id=12212, stack(0x000000174a100000,0x000000174a200000)]
  0x000001ba5d402800 JavaThread "Unconstrained build operations Thread 42" [_thread_blocked, id=1820, stack(0x000000174a200000,0x000000174a300000)]
  0x000001ba5d404000 JavaThread "Unconstrained build operations Thread 43" [_thread_blocked, id=3828, stack(0x000000174a300000,0x000000174a400000)]
  0x000001ba5d408000 JavaThread "Unconstrained build operations Thread 44" [_thread_blocked, id=4464, stack(0x000000174a400000,0x000000174a500000)]
  0x000001ba5d405000 JavaThread "Unconstrained build operations Thread 45" [_thread_blocked, id=11464, stack(0x000000174a500000,0x000000174a600000)]
  0x000001ba5d409000 JavaThread "Unconstrained build operations Thread 46" [_thread_in_Java, id=6820, stack(0x000000174a600000,0x000000174a700000)]
  0x000001ba5d403000 JavaThread "Unconstrained build operations Thread 47" [_thread_blocked, id=7996, stack(0x000000174a700000,0x000000174a800000)]
  0x000001ba5fe09000 JavaThread "Unconstrained build operations Thread 48" [_thread_blocked, id=11124, stack(0x000000174a800000,0x000000174a900000)]
  0x000001ba5fe08800 JavaThread "Unconstrained build operations Thread 49" [_thread_blocked, id=12548, stack(0x000000174a900000,0x000000174aa00000)]
  0x000001ba5fe04800 JavaThread "Unconstrained build operations Thread 50" [_thread_blocked, id=6228, stack(0x000000174aa00000,0x000000174ab00000)]
  0x000001ba5fe03800 JavaThread "Unconstrained build operations Thread 51" [_thread_blocked, id=14144, stack(0x000000174ab00000,0x000000174ac00000)]
  0x000001ba5fe06000 JavaThread "Unconstrained build operations Thread 52" [_thread_blocked, id=10108, stack(0x000000174ac00000,0x000000174ad00000)]
  0x000001ba5fe0a000 JavaThread "Unconstrained build operations Thread 53" [_thread_blocked, id=13024, stack(0x000000174ad00000,0x000000174ae00000)]
  0x000001ba5fe0b000 JavaThread "Unconstrained build operations Thread 54" [_thread_blocked, id=1632, stack(0x000000174ae00000,0x000000174af00000)]
  0x000001ba5fe05000 JavaThread "Unconstrained build operations Thread 55" [_thread_blocked, id=13888, stack(0x000000174af00000,0x000000174b000000)]
  0x000001ba5fe0b800 JavaThread "Unconstrained build operations Thread 56" [_thread_blocked, id=2024, stack(0x000000174b000000,0x000000174b100000)]
  0x000001ba5fe0c800 JavaThread "Unconstrained build operations Thread 57" [_thread_blocked, id=9520, stack(0x000000174b100000,0x000000174b200000)]
  0x000001ba5fe07800 JavaThread "Unconstrained build operations Thread 58" [_thread_blocked, id=1164, stack(0x000000174b200000,0x000000174b300000)]
  0x000001ba5fe06800 JavaThread "Unconstrained build operations Thread 59" [_thread_blocked, id=12020, stack(0x000000174b300000,0x000000174b400000)]
  0x000001ba5fe10800 JavaThread "Unconstrained build operations Thread 60" [_thread_blocked, id=12372, stack(0x000000174b400000,0x000000174b500000)]
  0x000001ba5fe11800 JavaThread "Unconstrained build operations Thread 61" [_thread_blocked, id=5800, stack(0x000000174b500000,0x000000174b600000)]
  0x000001ba5fe12000 JavaThread "Unconstrained build operations Thread 62" [_thread_blocked, id=14216, stack(0x000000174b600000,0x000000174b700000)]
  0x000001ba5fe0d800 JavaThread "Unconstrained build operations Thread 63" [_thread_blocked, id=2444, stack(0x000000174b700000,0x000000174b800000)]
  0x000001ba5fe0f000 JavaThread "Unconstrained build operations Thread 64" [_thread_blocked, id=7740, stack(0x000000174b800000,0x000000174b900000)]
  0x000001ba5fe0e000 JavaThread "Unconstrained build operations Thread 65" [_thread_blocked, id=11136, stack(0x000000174b900000,0x000000174ba00000)]
  0x000001ba5fe0f800 JavaThread "Unconstrained build operations Thread 66" [_thread_blocked, id=10572, stack(0x000000174ba00000,0x000000174bb00000)]
  0x000001ba5cfb6000 JavaThread "Unconstrained build operations Thread 67" [_thread_blocked, id=2108, stack(0x000000174bb00000,0x000000174bc00000)]
  0x000001ba5cfb4800 JavaThread "Unconstrained build operations Thread 68" [_thread_blocked, id=14016, stack(0x000000174bc00000,0x000000174bd00000)]
  0x000001ba5cfb8800 JavaThread "Unconstrained build operations Thread 69" [_thread_blocked, id=12964, stack(0x000000174bd00000,0x000000174be00000)]
  0x000001ba5cfb3800 JavaThread "Unconstrained build operations Thread 70" [_thread_blocked, id=8692, stack(0x000000174be00000,0x000000174bf00000)]
  0x000001ba5cfb9000 JavaThread "Unconstrained build operations Thread 71" [_thread_blocked, id=11596, stack(0x000000174bf00000,0x000000174c000000)]
  0x000001ba5cfb7000 JavaThread "Unconstrained build operations Thread 72" [_thread_in_vm, id=2196, stack(0x000000174c000000,0x000000174c100000)]
  0x000001ba5cfb5000 JavaThread "Unconstrained build operations Thread 73" [_thread_blocked, id=12744, stack(0x000000174c100000,0x000000174c200000)]
  0x000001ba5cfbd800 JavaThread "Unconstrained build operations Thread 74" [_thread_blocked, id=8636, stack(0x000000174c200000,0x000000174c300000)]
  0x000001ba5cfba000 JavaThread "Unconstrained build operations Thread 75" [_thread_blocked, id=7972, stack(0x000000174c300000,0x000000174c400000)]
  0x000001ba5cfbb800 JavaThread "Unconstrained build operations Thread 76" [_thread_blocked, id=12724, stack(0x000000174c400000,0x000000174c500000)]
  0x000001ba5cfb7800 JavaThread "Unconstrained build operations Thread 77" [_thread_blocked, id=7468, stack(0x000000174c500000,0x000000174c600000)]
  0x000001ba5cfbf000 JavaThread "Unconstrained build operations Thread 78" [_thread_blocked, id=10680, stack(0x000000174c600000,0x000000174c700000)]
  0x000001ba5cfbc800 JavaThread "Unconstrained build operations Thread 79" [_thread_blocked, id=7164, stack(0x000000174c700000,0x000000174c800000)]
  0x000001ba5cfbe000 JavaThread "Unconstrained build operations Thread 80" [_thread_in_Java, id=13864, stack(0x000000174c800000,0x000000174c900000)]
  0x000001ba5cfbf800 JavaThread "jar transforms Thread 4" [_thread_blocked, id=596, stack(0x000000174c900000,0x000000174ca00000)]
  0x000001ba5cfc0800 JavaThread "jar transforms Thread 5" [_thread_blocked, id=14252, stack(0x000000174ca00000,0x000000174cb00000)]
  0x000001ba5cfbb000 JavaThread "jar transforms Thread 6" [_thread_blocked, id=7544, stack(0x000000174cb00000,0x000000174cc00000)]
  0x000001ba5cfc2000 JavaThread "jar transforms Thread 7" [_thread_blocked, id=11236, stack(0x000000174cc00000,0x000000174cd00000)]
  0x000001ba5cfc1800 JavaThread "jar transforms Thread 8" [_thread_blocked, id=6232, stack(0x000000174cd00000,0x000000174ce00000)]
  0x000001ba59f0f800 JavaThread "Memory manager" [_thread_blocked, id=11696, stack(0x000000174cf00000,0x000000174d000000)]
  0x000001ba59f0d000 JavaThread "build event listener" [_thread_blocked, id=5036, stack(0x000000174d000000,0x000000174d100000)]
  0x000001ba59f12000 JavaThread "Execution worker for ':'" [_thread_blocked, id=9556, stack(0x000000174d100000,0x000000174d200000)]
  0x000001ba59f13000 JavaThread "Execution worker for ':' Thread 2" [_thread_blocked, id=4140, stack(0x000000174d200000,0x000000174d300000)]
  0x000001ba59f0f000 JavaThread "Execution worker for ':' Thread 3" [_thread_blocked, id=2312, stack(0x000000174d300000,0x000000174d400000)]
  0x000001ba59f10800 JavaThread "Execution worker for ':' Thread 4" [_thread_blocked, id=2124, stack(0x000000174d400000,0x000000174d500000)]
  0x000001ba59f14000 JavaThread "Execution worker for ':' Thread 5" [_thread_blocked, id=5084, stack(0x000000174d500000,0x000000174d600000)]
  0x000001ba59f0e000 JavaThread "Execution worker for ':' Thread 6" [_thread_blocked, id=4820, stack(0x000000174d600000,0x000000174d700000)]
  0x000001ba59f14800 JavaThread "Execution worker for ':' Thread 7" [_thread_blocked, id=12160, stack(0x000000174d700000,0x000000174d800000)]
  0x000001ba59f15800 JavaThread "Cache worker for execution history cache (F:\AndroidStudioProjects\MovieApp\.gradle\7.3.3\executionHistory)" [_thread_blocked, id=2840, stack(0x000000174d800000,0x000000174d900000)]
  0x000001ba59f1c000 JavaThread "WorkerExecutor Queue" [_thread_blocked, id=6512, stack(0x000000174d900000,0x000000174da00000)]
  0x000001ba59f18000 JavaThread "C2 CompilerThread1" daemon [_thread_in_native, id=9424, stack(0x0000001745f00000,0x0000001746000000)]
  0x000001ba59f19800 JavaThread "WorkerExecutor Queue Thread 2" [_thread_blocked, id=2956, stack(0x000000174de00000,0x000000174df00000)]
  0x000001ba59f1a800 JavaThread "WorkerExecutor Queue Thread 3" [_thread_blocked, id=2452, stack(0x000000174df00000,0x000000174e000000)]
  0x000001ba59f18800 JavaThread "WorkerExecutor Queue Thread 4" [_thread_blocked, id=9264, stack(0x000000174e000000,0x000000174e100000)]
  0x000001ba59f17000 JavaThread "WorkerExecutor Queue Thread 5" [_thread_blocked, id=9124, stack(0x000000174e100000,0x000000174e200000)]
  0x000001ba59f1b000 JavaThread "WorkerExecutor Queue Thread 6" [_thread_blocked, id=3456, stack(0x000000174e200000,0x000000174e300000)]
  0x000001ba64e7c800 JavaThread "WorkerExecutor Queue Thread 7" [_thread_blocked, id=4356, stack(0x000000174e300000,0x000000174e400000)]
  0x000001ba64e78000 JavaThread "WorkerExecutor Queue Thread 8" [_thread_blocked, id=5484, stack(0x000000174e400000,0x000000174e500000)]

Other Threads:
  0x000001ba58e1e000 VMThread "VM Thread" [stack: 0x0000001744b00000,0x0000001744c00000] [id=8740]
  0x000001ba598fe800 WatcherThread [stack: 0x0000001745500000,0x0000001745600000] [id=2628]
  0x000001ba3e9b4000 GCTaskThread "GC Thread#0" [stack: 0x0000001744600000,0x0000001744700000] [id=3600]
  0x000001ba5a430000 GCTaskThread "GC Thread#1" [stack: 0x0000001745700000,0x0000001745800000] [id=1732]
  0x000001ba5adba800 GCTaskThread "GC Thread#2" [stack: 0x0000001745800000,0x0000001745900000] [id=7900]
  0x000001ba5b87f000 GCTaskThread "GC Thread#3" [stack: 0x0000001746300000,0x0000001746400000] [id=2148]
  0x000001ba5b321000 GCTaskThread "GC Thread#4" [stack: 0x0000001746400000,0x0000001746500000] [id=2692]
  0x000001ba5bb53000 GCTaskThread "GC Thread#5" [stack: 0x0000001746500000,0x0000001746600000] [id=2252]
  0x000001ba5bb53800 GCTaskThread "GC Thread#6" [stack: 0x0000001746600000,0x0000001746700000] [id=10676]
  0x000001ba5a796800 GCTaskThread "GC Thread#7" [stack: 0x0000001746700000,0x0000001746800000] [id=13520]
  0x000001ba3e9e5000 ConcurrentGCThread "G1 Main Marker" [stack: 0x0000001744700000,0x0000001744800000] [id=7828]
  0x000001ba3e9e6800 ConcurrentGCThread "G1 Conc#0" [stack: 0x0000001744800000,0x0000001744900000] [id=3484]
  0x000001ba5a41c800 ConcurrentGCThread "G1 Conc#1" [stack: 0x0000001746b00000,0x0000001746c00000] [id=4184]
  0x000001ba58c70800 ConcurrentGCThread "G1 Refine#0" [stack: 0x0000001744900000,0x0000001744a00000] [id=4924]
  0x000001ba5f495000 ConcurrentGCThread "G1 Refine#1" [stack: 0x000000174da00000,0x000000174db00000] [id=13488]
  0x000001ba5f496800 ConcurrentGCThread "G1 Refine#2" [stack: 0x000000174db00000,0x000000174dc00000] [id=6760]
  0x000001ba5f498000 ConcurrentGCThread "G1 Refine#3" [stack: 0x000000174dc00000,0x000000174dd00000] [id=4880]
  0x000001ba5f497000 ConcurrentGCThread "G1 Refine#4" [stack: 0x000000174dd00000,0x000000174de00000] [id=7664]
  0x000001ba58c71800 ConcurrentGCThread "G1 Young RemSet Sampling" [stack: 0x0000001744a00000,0x0000001744b00000] [id=780]

Threads with active compile tasks:
C2 CompilerThread0  30393 14984       4       org.gradle.api.internal.artifacts.transform.ConsumerProvidedVariantFinder::matchAttributes (68 bytes)
C1 CompilerThread0  30394 15375       2       com.android.tools.r8.graph.V0::c (8 bytes)
C2 CompilerThread1  30394 15154       4       sun.net.util.URLUtil::urlNoFragString (114 bytes)

VM state:not at safepoint (normal execution)

VM Mutex/Monitor currently owned by a thread: None

Heap address: 0x0000000080000000, size: 2048 MB, Compressed Oops mode: 32-bit
Narrow klass base: 0x0000000000000000, Narrow klass shift: 3
Compressed class space size: 1073741824 Address: 0x0000000100000000

Heap:
 garbage-first heap   total 227328K, used 158378K [0x0000000080000000, 0x0000000100000000)
  region size 1024K, 60 young (61440K), 9 survivors (9216K)
 Metaspace       used 109500K, capacity 112035K, committed 112264K, reserved 1146880K
  class space    used 13770K, capacity 14766K, committed 14800K, reserved 1048576K
Heap Regions: E=young(eden), S=young(survivor), O=old, HS=humongous(starts), HC=humongous(continues), CS=collection set, F=free, A=archive, TAMS=top-at-mark-start (previous, next)
|   0|0x0000000080000000, 0x0000000080100000, 0x0000000080100000|100%| O|  |TAMS 0x0000000080100000, 0x0000000080000000| Untracked 
|   1|0x0000000080100000, 0x0000000080200000, 0x0000000080200000|100%| O|  |TAMS 0x0000000080200000, 0x0000000080100000| Untracked 
|   2|0x0000000080200000, 0x0000000080300000, 0x0000000080300000|100%| O|  |TAMS 0x0000000080300000, 0x0000000080200000| Untracked 
|   3|0x0000000080300000, 0x0000000080400000, 0x0000000080400000|100%|HS|  |TAMS 0x0000000080400000, 0x0000000080300000| Complete 
|   4|0x0000000080400000, 0x0000000080500000, 0x0000000080500000|100%|HC|  |TAMS 0x0000000080500000, 0x0000000080400000| Complete 
|   5|0x0000000080500000, 0x0000000080600000, 0x0000000080600000|100%|HC|  |TAMS 0x0000000080600000, 0x0000000080500000| Complete 
|   6|0x0000000080600000, 0x0000000080700000, 0x0000000080700000|100%| O|  |TAMS 0x0000000080700000, 0x0000000080600000| Untracked 
|   7|0x0000000080700000, 0x0000000080800000, 0x0000000080800000|100%| O|  |TAMS 0x0000000080800000, 0x0000000080700000| Untracked 
|   8|0x0000000080800000, 0x0000000080900000, 0x0000000080900000|100%| O|  |TAMS 0x0000000080900000, 0x0000000080800000| Untracked 
|   9|0x0000000080900000, 0x0000000080a00000, 0x0000000080a00000|100%| O|  |TAMS 0x0000000080a00000, 0x0000000080900000| Untracked 
|  10|0x0000000080a00000, 0x0000000080b00000, 0x0000000080b00000|100%| O|  |TAMS 0x0000000080b00000, 0x0000000080a00000| Untracked 
|  11|0x0000000080b00000, 0x0000000080c00000, 0x0000000080c00000|100%| O|  |TAMS 0x0000000080c00000, 0x0000000080b00000| Untracked 
|  12|0x0000000080c00000, 0x0000000080d00000, 0x0000000080d00000|100%| O|  |TAMS 0x0000000080d00000, 0x0000000080c00000| Untracked 
|  13|0x0000000080d00000, 0x0000000080e00000, 0x0000000080e00000|100%| O|  |TAMS 0x0000000080e00000, 0x0000000080d00000| Untracked 
|  14|0x0000000080e00000, 0x0000000080f00000, 0x0000000080f00000|100%| O|  |TAMS 0x0000000080f00000, 0x0000000080e00000| Untracked 
|  15|0x0000000080f00000, 0x0000000081000000, 0x0000000081000000|100%| O|  |TAMS 0x0000000081000000, 0x0000000080f00000| Untracked 
|  16|0x0000000081000000, 0x0000000081100000, 0x0000000081100000|100%| O|  |TAMS 0x0000000081100000, 0x0000000081000000| Untracked 
|  17|0x0000000081100000, 0x0000000081200000, 0x0000000081200000|100%| O|  |TAMS 0x0000000081200000, 0x0000000081100000| Untracked 
|  18|0x0000000081200000, 0x0000000081300000, 0x0000000081300000|100%| O|  |TAMS 0x0000000081300000, 0x0000000081200000| Untracked 
|  19|0x0000000081300000, 0x0000000081400000, 0x0000000081400000|100%| O|  |TAMS 0x0000000081400000, 0x0000000081300000| Untracked 
|  20|0x0000000081400000, 0x0000000081500000, 0x0000000081500000|100%|HS|  |TAMS 0x0000000081500000, 0x0000000081400000| Complete 
|  21|0x0000000081500000, 0x0000000081600000, 0x0000000081600000|100%| O|  |TAMS 0x0000000081600000, 0x0000000081500000| Untracked 
|  22|0x0000000081600000, 0x0000000081700000, 0x0000000081700000|100%| O|  |TAMS 0x0000000081700000, 0x0000000081600000| Untracked 
|  23|0x0000000081700000, 0x0000000081800000, 0x0000000081800000|100%| O|  |TAMS 0x0000000081800000, 0x0000000081700000| Untracked 
|  24|0x0000000081800000, 0x0000000081900000, 0x0000000081900000|100%|HS|  |TAMS 0x0000000081900000, 0x0000000081800000| Complete 
|  25|0x0000000081900000, 0x0000000081a00000, 0x0000000081a00000|100%|HS|  |TAMS 0x0000000081a00000, 0x0000000081900000| Complete 
|  26|0x0000000081a00000, 0x0000000081b00000, 0x0000000081b00000|100%| O|  |TAMS 0x0000000081b00000, 0x0000000081a00000| Untracked 
|  27|0x0000000081b00000, 0x0000000081c00000, 0x0000000081c00000|100%| O|  |TAMS 0x0000000081c00000, 0x0000000081b00000| Untracked 
|  28|0x0000000081c00000, 0x0000000081d00000, 0x0000000081d00000|100%| O|  |TAMS 0x0000000081d00000, 0x0000000081c00000| Untracked 
|  29|0x0000000081d00000, 0x0000000081e00000, 0x0000000081e00000|100%| O|  |TAMS 0x0000000081e00000, 0x0000000081d00000| Untracked 
|  30|0x0000000081e00000, 0x0000000081f00000, 0x0000000081f00000|100%|HS|  |TAMS 0x0000000081f00000, 0x0000000081e00000| Complete 
|  31|0x0000000081f00000, 0x0000000082000000, 0x0000000082000000|100%|HC|  |TAMS 0x0000000082000000, 0x0000000081f00000| Complete 
|  32|0x0000000082000000, 0x0000000082100000, 0x0000000082100000|100%|HC|  |TAMS 0x0000000082100000, 0x0000000082000000| Complete 
|  33|0x0000000082100000, 0x0000000082200000, 0x0000000082200000|100%|HS|  |TAMS 0x0000000082200000, 0x0000000082100000| Complete 
|  34|0x0000000082200000, 0x0000000082300000, 0x0000000082300000|100%|HC|  |TAMS 0x0000000082300000, 0x0000000082200000| Complete 
|  35|0x0000000082300000, 0x0000000082400000, 0x0000000082400000|100%| O|  |TAMS 0x0000000082400000, 0x0000000082300000| Untracked 
|  36|0x0000000082400000, 0x0000000082500000, 0x0000000082500000|100%| O|  |TAMS 0x0000000082500000, 0x0000000082400000| Untracked 
|  37|0x0000000082500000, 0x0000000082600000, 0x0000000082600000|100%| O|  |TAMS 0x0000000082600000, 0x0000000082500000| Untracked 
|  38|0x0000000082600000, 0x0000000082700000, 0x0000000082700000|100%| O|  |TAMS 0x0000000082700000, 0x0000000082600000| Untracked 
|  39|0x0000000082700000, 0x0000000082800000, 0x0000000082800000|100%| O|  |TAMS 0x0000000082800000, 0x0000000082700000| Untracked 
|  40|0x0000000082800000, 0x0000000082900000, 0x0000000082900000|100%| O|  |TAMS 0x0000000082900000, 0x0000000082800000| Untracked 
|  41|0x0000000082900000, 0x0000000082a00000, 0x0000000082a00000|100%| O|  |TAMS 0x0000000082a00000, 0x0000000082900000| Untracked 
|  42|0x0000000082a00000, 0x0000000082b00000, 0x0000000082b00000|100%| O|  |TAMS 0x0000000082b00000, 0x0000000082a00000| Untracked 
|  43|0x0000000082b00000, 0x0000000082c00000, 0x0000000082c00000|100%| O|  |TAMS 0x0000000082c00000, 0x0000000082b00000| Untracked 
|  44|0x0000000082c00000, 0x0000000082d00000, 0x0000000082d00000|100%| O|  |TAMS 0x0000000082d00000, 0x0000000082c00000| Untracked 
|  45|0x0000000082d00000, 0x0000000082e00000, 0x0000000082e00000|100%| O|  |TAMS 0x0000000082e00000, 0x0000000082d00000| Untracked 
|  46|0x0000000082e00000, 0x0000000082f00000, 0x0000000082f00000|100%| O|  |TAMS 0x0000000082f00000, 0x0000000082e00000| Untracked 
|  47|0x0000000082f00000, 0x0000000083000000, 0x0000000083000000|100%| O|  |TAMS 0x0000000083000000, 0x0000000082f00000| Untracked 
|  48|0x0000000083000000, 0x0000000083100000, 0x0000000083100000|100%| O|  |TAMS 0x0000000083100000, 0x0000000083000000| Untracked 
|  49|0x0000000083100000, 0x0000000083200000, 0x0000000083200000|100%| O|  |TAMS 0x0000000083200000, 0x0000000083100000| Untracked 
|  50|0x0000000083200000, 0x0000000083300000, 0x0000000083300000|100%| O|  |TAMS 0x0000000083300000, 0x0000000083200000| Untracked 
|  51|0x0000000083300000, 0x0000000083400000, 0x0000000083400000|100%| O|  |TAMS 0x0000000083400000, 0x0000000083300000| Untracked 
|  52|0x0000000083400000, 0x0000000083500000, 0x0000000083500000|100%| O|  |TAMS 0x0000000083500000, 0x0000000083400000| Untracked 
|  53|0x0000000083500000, 0x0000000083600000, 0x0000000083600000|100%| O|  |TAMS 0x0000000083600000, 0x0000000083500000| Untracked 
|  54|0x0000000083600000, 0x0000000083700000, 0x0000000083700000|100%| O|  |TAMS 0x0000000083700000, 0x0000000083600000| Untracked 
|  55|0x0000000083700000, 0x0000000083800000, 0x0000000083800000|100%| O|  |TAMS 0x0000000083800000, 0x0000000083700000| Untracked 
|  56|0x0000000083800000, 0x0000000083900000, 0x0000000083900000|100%| O|  |TAMS 0x0000000083900000, 0x0000000083800000| Untracked 
|  57|0x0000000083900000, 0x0000000083a00000, 0x0000000083a00000|100%| O|  |TAMS 0x0000000083a00000, 0x0000000083900000| Untracked 
|  58|0x0000000083a00000, 0x0000000083b00000, 0x0000000083b00000|100%| O|  |TAMS 0x0000000083b00000, 0x0000000083a00000| Untracked 
|  59|0x0000000083b00000, 0x0000000083c00000, 0x0000000083c00000|100%| O|  |TAMS 0x0000000083c00000, 0x0000000083b00000| Untracked 
|  60|0x0000000083c00000, 0x0000000083d00000, 0x0000000083d00000|100%| O|  |TAMS 0x0000000083d00000, 0x0000000083c00000| Untracked 
|  61|0x0000000083d00000, 0x0000000083e00000, 0x0000000083e00000|100%| O|  |TAMS 0x0000000083e00000, 0x0000000083d00000| Untracked 
|  62|0x0000000083e00000, 0x0000000083f00000, 0x0000000083f00000|100%| O|  |TAMS 0x0000000083f00000, 0x0000000083e00000| Untracked 
|  63|0x0000000083f00000, 0x0000000084000000, 0x0000000084000000|100%| O|  |TAMS 0x0000000084000000, 0x0000000083f00000| Untracked 
|  64|0x0000000084000000, 0x0000000084100000, 0x0000000084100000|100%| O|  |TAMS 0x0000000084100000, 0x0000000084000000| Untracked 
|  65|0x0000000084100000, 0x0000000084200000, 0x0000000084200000|100%| O|  |TAMS 0x0000000084200000, 0x0000000084100000| Untracked 
|  66|0x0000000084200000, 0x0000000084300000, 0x0000000084300000|100%| O|  |TAMS 0x0000000084300000, 0x0000000084200000| Untracked 
|  67|0x0000000084300000, 0x0000000084400000, 0x0000000084400000|100%| O|  |TAMS 0x0000000084400000, 0x0000000084300000| Untracked 
|  68|0x0000000084400000, 0x0000000084500000, 0x0000000084500000|100%| O|  |TAMS 0x0000000084500000, 0x0000000084400000| Untracked 
|  69|0x0000000084500000, 0x0000000084600000, 0x0000000084600000|100%| O|  |TAMS 0x0000000084600000, 0x0000000084500000| Untracked 
|  70|0x0000000084600000, 0x0000000084700000, 0x0000000084700000|100%| O|  |TAMS 0x0000000084700000, 0x0000000084600000| Untracked 
|  71|0x0000000084700000, 0x0000000084800000, 0x0000000084800000|100%| O|  |TAMS 0x0000000084800000, 0x0000000084700000| Untracked 
|  72|0x0000000084800000, 0x00000000848aaa00, 0x0000000084900000| 66%| O|  |TAMS 0x0000000084800000, 0x0000000084800000| Untracked 
|  73|0x0000000084900000, 0x0000000084a00000, 0x0000000084a00000|100%| O|  |TAMS 0x0000000084a00000, 0x0000000084900000| Untracked 
|  74|0x0000000084a00000, 0x0000000084b00000, 0x0000000084b00000|100%| O|  |TAMS 0x0000000084b00000, 0x0000000084a00000| Untracked 
|  75|0x0000000084b00000, 0x0000000084c00000, 0x0000000084c00000|100%| O|  |TAMS 0x0000000084c00000, 0x0000000084b00000| Untracked 
|  76|0x0000000084c00000, 0x0000000084d00000, 0x0000000084d00000|100%| O|  |TAMS 0x0000000084d00000, 0x0000000084c00000| Untracked 
|  77|0x0000000084d00000, 0x0000000084e00000, 0x0000000084e00000|100%| O|  |TAMS 0x0000000084d00000, 0x0000000084d00000| Untracked 
|  78|0x0000000084e00000, 0x0000000084f00000, 0x0000000084f00000|100%| O|  |TAMS 0x0000000084f00000, 0x0000000084e00000| Untracked 
|  79|0x0000000084f00000, 0x0000000084f00000, 0x0000000085000000|  0%| F|  |TAMS 0x0000000084f00000, 0x0000000084f00000| Untracked 
|  80|0x0000000085000000, 0x0000000085000000, 0x0000000085100000|  0%| F|  |TAMS 0x0000000085000000, 0x0000000085000000| Untracked 
|  81|0x0000000085100000, 0x0000000085200000, 0x0000000085200000|100%| O|  |TAMS 0x0000000085200000, 0x0000000085100000| Untracked 
|  82|0x0000000085200000, 0x0000000085200000, 0x0000000085300000|  0%| F|  |TAMS 0x0000000085200000, 0x0000000085200000| Untracked 
|  83|0x0000000085300000, 0x0000000085400000, 0x0000000085400000|100%| O|  |TAMS 0x0000000085300000, 0x0000000085300000| Untracked 
|  84|0x0000000085400000, 0x0000000085500000, 0x0000000085500000|100%| O|  |TAMS 0x0000000085400000, 0x0000000085400000| Untracked 
|  85|0x0000000085500000, 0x0000000085600000, 0x0000000085600000|100%| O|  |TAMS 0x0000000085500000, 0x0000000085500000| Untracked 
|  86|0x0000000085600000, 0x0000000085700000, 0x0000000085700000|100%| O|  |TAMS 0x0000000085600000, 0x0000000085600000| Untracked 
|  87|0x0000000085700000, 0x0000000085800000, 0x0000000085800000|100%| O|  |TAMS 0x0000000085800000, 0x0000000085700000| Untracked 
|  88|0x0000000085800000, 0x0000000085900000, 0x0000000085900000|100%| O|  |TAMS 0x0000000085900000, 0x0000000085800000| Untracked 
|  89|0x0000000085900000, 0x0000000085a00000, 0x0000000085a00000|100%| O|  |TAMS 0x0000000085a00000, 0x0000000085900000| Untracked 
|  90|0x0000000085a00000, 0x0000000085b00000, 0x0000000085b00000|100%| O|  |TAMS 0x0000000085b00000, 0x0000000085a00000| Untracked 
|  91|0x0000000085b00000, 0x0000000085c00000, 0x0000000085c00000|100%| O|  |TAMS 0x0000000085c00000, 0x0000000085b00000| Untracked 
|  92|0x0000000085c00000, 0x0000000085c00000, 0x0000000085d00000|  0%| F|  |TAMS 0x0000000085c00000, 0x0000000085c00000| Untracked 
|  93|0x0000000085d00000, 0x0000000085e00000, 0x0000000085e00000|100%| O|  |TAMS 0x0000000085e00000, 0x0000000085d00000| Untracked 
|  94|0x0000000085e00000, 0x0000000085f00000, 0x0000000085f00000|100%| O|  |TAMS 0x0000000085f00000, 0x0000000085e00000| Untracked 
|  95|0x0000000085f00000, 0x0000000086000000, 0x0000000086000000|100%| O|  |TAMS 0x0000000086000000, 0x0000000085f00000| Untracked 
|  96|0x0000000086000000, 0x0000000086100000, 0x0000000086100000|100%| O|  |TAMS 0x0000000086100000, 0x0000000086000000| Untracked 
|  97|0x0000000086100000, 0x0000000086200000, 0x0000000086200000|100%| O|  |TAMS 0x0000000086200000, 0x0000000086100000| Untracked 
|  98|0x0000000086200000, 0x0000000086300000, 0x0000000086300000|100%| O|  |TAMS 0x0000000086300000, 0x0000000086200000| Untracked 
|  99|0x0000000086300000, 0x0000000086300000, 0x0000000086400000|  0%| F|  |TAMS 0x0000000086300000, 0x0000000086300000| Untracked 
| 100|0x0000000086400000, 0x0000000086500000, 0x0000000086500000|100%| O|  |TAMS 0x0000000086500000, 0x0000000086400000| Untracked 
| 101|0x0000000086500000, 0x0000000086600000, 0x0000000086600000|100%| O|  |TAMS 0x000000008655ca00, 0x0000000086500000| Untracked 
| 102|0x0000000086600000, 0x0000000086600000, 0x0000000086700000|  0%| F|  |TAMS 0x0000000086600000, 0x0000000086600000| Untracked 
| 103|0x0000000086700000, 0x0000000086700000, 0x0000000086800000|  0%| F|  |TAMS 0x0000000086700000, 0x0000000086700000| Untracked 
| 104|0x0000000086800000, 0x0000000086800000, 0x0000000086900000|  0%| F|  |TAMS 0x0000000086800000, 0x0000000086800000| Untracked 
| 105|0x0000000086900000, 0x0000000086900000, 0x0000000086a00000|  0%| F|  |TAMS 0x0000000086900000, 0x0000000086900000| Untracked 
| 106|0x0000000086a00000, 0x0000000086a00000, 0x0000000086b00000|  0%| F|  |TAMS 0x0000000086a00000, 0x0000000086a00000| Untracked 
| 107|0x0000000086b00000, 0x0000000086b00000, 0x0000000086c00000|  0%| F|  |TAMS 0x0000000086b00000, 0x0000000086b00000| Untracked 
| 108|0x0000000086c00000, 0x0000000086c00000, 0x0000000086d00000|  0%| F|  |TAMS 0x0000000086c00000, 0x0000000086c00000| Untracked 
| 109|0x0000000086d00000, 0x0000000086d00000, 0x0000000086e00000|  0%| F|  |TAMS 0x0000000086d00000, 0x0000000086d00000| Untracked 
| 110|0x0000000086e00000, 0x0000000086e00000, 0x0000000086f00000|  0%| F|  |TAMS 0x0000000086e00000, 0x0000000086e00000| Untracked 
| 111|0x0000000086f00000, 0x0000000086f00000, 0x0000000087000000|  0%| F|  |TAMS 0x0000000086f00000, 0x0000000086f00000| Untracked 
| 112|0x0000000087000000, 0x0000000087000000, 0x0000000087100000|  0%| F|  |TAMS 0x0000000087000000, 0x0000000087000000| Untracked 
| 113|0x0000000087100000, 0x0000000087100000, 0x0000000087200000|  0%| F|  |TAMS 0x0000000087100000, 0x0000000087100000| Untracked 
| 114|0x0000000087200000, 0x0000000087200000, 0x0000000087300000|  0%| F|  |TAMS 0x0000000087200000, 0x0000000087200000| Untracked 
| 115|0x0000000087300000, 0x0000000087300000, 0x0000000087400000|  0%| F|  |TAMS 0x0000000087300000, 0x0000000087300000| Untracked 
| 116|0x0000000087400000, 0x0000000087400000, 0x0000000087500000|  0%| F|  |TAMS 0x0000000087400000, 0x0000000087400000| Untracked 
| 117|0x0000000087500000, 0x0000000087500000, 0x0000000087600000|  0%| F|  |TAMS 0x0000000087500000, 0x0000000087500000| Untracked 
| 118|0x0000000087600000, 0x0000000087600000, 0x0000000087700000|  0%| F|  |TAMS 0x0000000087600000, 0x0000000087600000| Untracked 
| 119|0x0000000087700000, 0x0000000087700000, 0x0000000087800000|  0%| F|  |TAMS 0x0000000087700000, 0x0000000087700000| Untracked 
| 120|0x0000000087800000, 0x0000000087800000, 0x0000000087900000|  0%| F|  |TAMS 0x0000000087800000, 0x0000000087800000| Untracked 
| 121|0x0000000087900000, 0x0000000087900000, 0x0000000087a00000|  0%| F|  |TAMS 0x0000000087900000, 0x0000000087900000| Untracked 
| 122|0x0000000087a00000, 0x0000000087a00000, 0x0000000087b00000|  0%| F|  |TAMS 0x0000000087a00000, 0x0000000087a00000| Untracked 
| 123|0x0000000087b00000, 0x0000000087b00000, 0x0000000087c00000|  0%| F|  |TAMS 0x0000000087b00000, 0x0000000087b00000| Untracked 
| 124|0x0000000087c00000, 0x0000000087c00000, 0x0000000087d00000|  0%| F|  |TAMS 0x0000000087c00000, 0x0000000087c00000| Untracked 
| 125|0x0000000087d00000, 0x0000000087d00000, 0x0000000087e00000|  0%| F|  |TAMS 0x0000000087d00000, 0x0000000087d00000| Untracked 
| 126|0x0000000087e00000, 0x0000000087e00000, 0x0000000087f00000|  0%| F|  |TAMS 0x0000000087e00000, 0x0000000087e00000| Untracked 
| 127|0x0000000087f00000, 0x0000000087f00000, 0x0000000088000000|  0%| F|  |TAMS 0x0000000087f00000, 0x0000000087f00000| Untracked 
| 128|0x0000000088000000, 0x0000000088000000, 0x0000000088100000|  0%| F|  |TAMS 0x0000000088000000, 0x0000000088000000| Untracked 
| 129|0x0000000088100000, 0x0000000088100000, 0x0000000088200000|  0%| F|  |TAMS 0x0000000088100000, 0x0000000088100000| Untracked 
| 130|0x0000000088200000, 0x0000000088200000, 0x0000000088300000|  0%| F|  |TAMS 0x0000000088200000, 0x0000000088200000| Untracked 
| 131|0x0000000088300000, 0x0000000088300000, 0x0000000088400000|  0%| F|  |TAMS 0x0000000088300000, 0x0000000088300000| Untracked 
| 132|0x0000000088400000, 0x0000000088400000, 0x0000000088500000|  0%| F|  |TAMS 0x0000000088400000, 0x0000000088400000| Untracked 
| 133|0x0000000088500000, 0x0000000088500000, 0x0000000088600000|  0%| F|  |TAMS 0x0000000088500000, 0x0000000088500000| Untracked 
| 134|0x0000000088600000, 0x0000000088600000, 0x0000000088700000|  0%| F|  |TAMS 0x0000000088600000, 0x0000000088600000| Untracked 
| 135|0x0000000088700000, 0x0000000088700000, 0x0000000088800000|  0%| F|  |TAMS 0x0000000088700000, 0x0000000088700000| Untracked 
| 136|0x0000000088800000, 0x0000000088800000, 0x0000000088900000|  0%| F|  |TAMS 0x0000000088800000, 0x0000000088800000| Untracked 
| 137|0x0000000088900000, 0x0000000088900000, 0x0000000088a00000|  0%| F|  |TAMS 0x0000000088900000, 0x0000000088900000| Untracked 
| 138|0x0000000088a00000, 0x0000000088a00000, 0x0000000088b00000|  0%| F|  |TAMS 0x0000000088a00000, 0x0000000088a00000| Untracked 
| 139|0x0000000088b00000, 0x0000000088b00000, 0x0000000088c00000|  0%| F|  |TAMS 0x0000000088b00000, 0x0000000088b00000| Untracked 
| 140|0x0000000088c00000, 0x0000000088c00000, 0x0000000088d00000|  0%| F|  |TAMS 0x0000000088c00000, 0x0000000088c00000| Untracked 
| 141|0x0000000088d00000, 0x0000000088d00000, 0x0000000088e00000|  0%| F|  |TAMS 0x0000000088d00000, 0x0000000088d00000| Untracked 
| 142|0x0000000088e00000, 0x0000000088e00000, 0x0000000088f00000|  0%| F|  |TAMS 0x0000000088e00000, 0x0000000088e00000| Untracked 
| 143|0x0000000088f00000, 0x0000000088f00000, 0x0000000089000000|  0%| F|  |TAMS 0x0000000088f00000, 0x0000000088f00000| Untracked 
| 144|0x0000000089000000, 0x0000000089000000, 0x0000000089100000|  0%| F|  |TAMS 0x0000000089000000, 0x0000000089000000| Untracked 
| 145|0x0000000089100000, 0x0000000089100000, 0x0000000089200000|  0%| F|  |TAMS 0x0000000089100000, 0x0000000089100000| Untracked 
| 146|0x0000000089200000, 0x0000000089200000, 0x0000000089300000|  0%| F|  |TAMS 0x0000000089200000, 0x0000000089200000| Untracked 
| 147|0x0000000089300000, 0x0000000089300000, 0x0000000089400000|  0%| F|  |TAMS 0x0000000089300000, 0x0000000089300000| Untracked 
| 148|0x0000000089400000, 0x0000000089500000, 0x0000000089500000|100%| S|CS|TAMS 0x0000000089400000, 0x0000000089400000| Complete 
| 149|0x0000000089500000, 0x0000000089600000, 0x0000000089600000|100%| S|CS|TAMS 0x0000000089500000, 0x0000000089500000| Complete 
| 150|0x0000000089600000, 0x0000000089700000, 0x0000000089700000|100%| S|CS|TAMS 0x0000000089600000, 0x0000000089600000| Complete 
| 151|0x0000000089700000, 0x0000000089800000, 0x0000000089800000|100%| S|CS|TAMS 0x0000000089700000, 0x0000000089700000| Complete 
| 152|0x0000000089800000, 0x0000000089900000, 0x0000000089900000|100%| S|CS|TAMS 0x0000000089800000, 0x0000000089800000| Complete 
| 153|0x0000000089900000, 0x0000000089a00000, 0x0000000089a00000|100%| S|CS|TAMS 0x0000000089900000, 0x0000000089900000| Complete 
| 154|0x0000000089a00000, 0x0000000089b00000, 0x0000000089b00000|100%| S|CS|TAMS 0x0000000089a00000, 0x0000000089a00000| Complete 
| 155|0x0000000089b00000, 0x0000000089c00000, 0x0000000089c00000|100%| S|CS|TAMS 0x0000000089b00000, 0x0000000089b00000| Complete 
| 156|0x0000000089c00000, 0x0000000089d00000, 0x0000000089d00000|100%| S|CS|TAMS 0x0000000089c00000, 0x0000000089c00000| Complete 
| 157|0x0000000089d00000, 0x0000000089d00000, 0x0000000089e00000|  0%| F|  |TAMS 0x0000000089d00000, 0x0000000089d00000| Untracked 
| 158|0x0000000089e00000, 0x0000000089e00000, 0x0000000089f00000|  0%| F|  |TAMS 0x0000000089e00000, 0x0000000089e00000| Untracked 
| 159|0x0000000089f00000, 0x0000000089f00000, 0x000000008a000000|  0%| F|  |TAMS 0x0000000089f00000, 0x0000000089f00000| Untracked 
| 160|0x000000008a000000, 0x000000008a000000, 0x000000008a100000|  0%| F|  |TAMS 0x000000008a000000, 0x000000008a000000| Untracked 
| 161|0x000000008a100000, 0x000000008a100000, 0x000000008a200000|  0%| F|  |TAMS 0x000000008a100000, 0x000000008a100000| Untracked 
| 162|0x000000008a200000, 0x000000008a200000, 0x000000008a300000|  0%| F|  |TAMS 0x000000008a200000, 0x000000008a200000| Untracked 
| 163|0x000000008a300000, 0x000000008a300000, 0x000000008a400000|  0%| F|  |TAMS 0x000000008a300000, 0x000000008a300000| Untracked 
| 164|0x000000008a400000, 0x000000008a400000, 0x000000008a500000|  0%| F|  |TAMS 0x000000008a400000, 0x000000008a400000| Untracked 
| 165|0x000000008a500000, 0x000000008a500000, 0x000000008a600000|  0%| F|  |TAMS 0x000000008a500000, 0x000000008a500000| Untracked 
| 166|0x000000008a600000, 0x000000008a600000, 0x000000008a700000|  0%| F|  |TAMS 0x000000008a600000, 0x000000008a600000| Untracked 
| 167|0x000000008a700000, 0x000000008a700000, 0x000000008a800000|  0%| F|  |TAMS 0x000000008a700000, 0x000000008a700000| Untracked 
| 168|0x000000008a800000, 0x000000008a800000, 0x000000008a900000|  0%| F|  |TAMS 0x000000008a800000, 0x000000008a800000| Untracked 
| 169|0x000000008a900000, 0x000000008a900000, 0x000000008aa00000|  0%| F|  |TAMS 0x000000008a900000, 0x000000008a900000| Untracked 
| 170|0x000000008aa00000, 0x000000008aaa1208, 0x000000008ab00000| 62%| E|  |TAMS 0x000000008aa00000, 0x000000008aa00000| Complete 
| 171|0x000000008ab00000, 0x000000008ac00000, 0x000000008ac00000|100%| E|CS|TAMS 0x000000008ab00000, 0x000000008ab00000| Complete 
| 172|0x000000008ac00000, 0x000000008ad00000, 0x000000008ad00000|100%| E|CS|TAMS 0x000000008ac00000, 0x000000008ac00000| Complete 
| 173|0x000000008ad00000, 0x000000008ae00000, 0x000000008ae00000|100%| E|CS|TAMS 0x000000008ad00000, 0x000000008ad00000| Complete 
| 174|0x000000008ae00000, 0x000000008af00000, 0x000000008af00000|100%| E|CS|TAMS 0x000000008ae00000, 0x000000008ae00000| Complete 
| 175|0x000000008af00000, 0x000000008b000000, 0x000000008b000000|100%| E|CS|TAMS 0x000000008af00000, 0x000000008af00000| Complete 
| 176|0x000000008b000000, 0x000000008b100000, 0x000000008b100000|100%| E|CS|TAMS 0x000000008b000000, 0x000000008b000000| Complete 
| 177|0x000000008b100000, 0x000000008b200000, 0x000000008b200000|100%| E|CS|TAMS 0x000000008b100000, 0x000000008b100000| Complete 
| 178|0x000000008b200000, 0x000000008b300000, 0x000000008b300000|100%| E|CS|TAMS 0x000000008b200000, 0x000000008b200000| Complete 
| 179|0x000000008b300000, 0x000000008b400000, 0x000000008b400000|100%| E|CS|TAMS 0x000000008b300000, 0x000000008b300000| Complete 
| 180|0x000000008b400000, 0x000000008b500000, 0x000000008b500000|100%| E|CS|TAMS 0x000000008b400000, 0x000000008b400000| Complete 
| 181|0x000000008b500000, 0x000000008b600000, 0x000000008b600000|100%| E|CS|TAMS 0x000000008b500000, 0x000000008b500000| Complete 
| 182|0x000000008b600000, 0x000000008b700000, 0x000000008b700000|100%| E|CS|TAMS 0x000000008b600000, 0x000000008b600000| Complete 
| 183|0x000000008b700000, 0x000000008b800000, 0x000000008b800000|100%| E|CS|TAMS 0x000000008b700000, 0x000000008b700000| Complete 
| 184|0x000000008b800000, 0x000000008b900000, 0x000000008b900000|100%| E|CS|TAMS 0x000000008b800000, 0x000000008b800000| Complete 
| 185|0x000000008b900000, 0x000000008ba00000, 0x000000008ba00000|100%| E|CS|TAMS 0x000000008b900000, 0x000000008b900000| Complete 
| 186|0x000000008ba00000, 0x000000008bb00000, 0x000000008bb00000|100%| E|CS|TAMS 0x000000008ba00000, 0x000000008ba00000| Complete 
| 187|0x000000008bb00000, 0x000000008bc00000, 0x000000008bc00000|100%| E|  |TAMS 0x000000008bb00000, 0x000000008bb00000| Complete 
| 188|0x000000008bc00000, 0x000000008bd00000, 0x000000008bd00000|100%| E|CS|TAMS 0x000000008bc00000, 0x000000008bc00000| Complete 
| 189|0x000000008bd00000, 0x000000008be00000, 0x000000008be00000|100%| E|CS|TAMS 0x000000008bd00000, 0x000000008bd00000| Complete 
| 190|0x000000008be00000, 0x000000008bf00000, 0x000000008bf00000|100%| E|CS|TAMS 0x000000008be00000, 0x000000008be00000| Complete 
| 191|0x000000008bf00000, 0x000000008c000000, 0x000000008c000000|100%| E|CS|TAMS 0x000000008bf00000, 0x000000008bf00000| Complete 
| 192|0x000000008c000000, 0x000000008c100000, 0x000000008c100000|100%| E|CS|TAMS 0x000000008c000000, 0x000000008c000000| Complete 
| 193|0x000000008c100000, 0x000000008c200000, 0x000000008c200000|100%| E|CS|TAMS 0x000000008c100000, 0x000000008c100000| Complete 
| 194|0x000000008c200000, 0x000000008c300000, 0x000000008c300000|100%| E|CS|TAMS 0x000000008c200000, 0x000000008c200000| Complete 
| 195|0x000000008c300000, 0x000000008c400000, 0x000000008c400000|100%| E|CS|TAMS 0x000000008c300000, 0x000000008c300000| Complete 
| 196|0x000000008c400000, 0x000000008c500000, 0x000000008c500000|100%| E|CS|TAMS 0x000000008c400000, 0x000000008c400000| Complete 
| 197|0x000000008c500000, 0x000000008c600000, 0x000000008c600000|100%| E|CS|TAMS 0x000000008c500000, 0x000000008c500000| Complete 
| 198|0x000000008c600000, 0x000000008c700000, 0x000000008c700000|100%| E|CS|TAMS 0x000000008c600000, 0x000000008c600000| Complete 
| 199|0x000000008c700000, 0x000000008c800000, 0x000000008c800000|100%| E|CS|TAMS 0x000000008c700000, 0x000000008c700000| Complete 
| 200|0x000000008c800000, 0x000000008c900000, 0x000000008c900000|100%| E|CS|TAMS 0x000000008c800000, 0x000000008c800000| Complete 
| 201|0x000000008c900000, 0x000000008ca00000, 0x000000008ca00000|100%| E|CS|TAMS 0x000000008c900000, 0x000000008c900000| Complete 
| 202|0x000000008ca00000, 0x000000008cb00000, 0x000000008cb00000|100%| E|CS|TAMS 0x000000008ca00000, 0x000000008ca00000| Complete 
| 203|0x000000008cb00000, 0x000000008cc00000, 0x000000008cc00000|100%| E|CS|TAMS 0x000000008cb00000, 0x000000008cb00000| Complete 
| 204|0x000000008cc00000, 0x000000008cd00000, 0x000000008cd00000|100%| E|CS|TAMS 0x000000008cc00000, 0x000000008cc00000| Complete 
| 205|0x000000008cd00000, 0x000000008ce00000, 0x000000008ce00000|100%| E|CS|TAMS 0x000000008cd00000, 0x000000008cd00000| Complete 
| 206|0x000000008ce00000, 0x000000008cf00000, 0x000000008cf00000|100%| E|CS|TAMS 0x000000008ce00000, 0x000000008ce00000| Complete 
| 207|0x000000008cf00000, 0x000000008d000000, 0x000000008d000000|100%| E|CS|TAMS 0x000000008cf00000, 0x000000008cf00000| Complete 
| 208|0x000000008d000000, 0x000000008d100000, 0x000000008d100000|100%| E|CS|TAMS 0x000000008d000000, 0x000000008d000000| Complete 
| 209|0x000000008d100000, 0x000000008d200000, 0x000000008d200000|100%| E|CS|TAMS 0x000000008d100000, 0x000000008d100000| Complete 
| 210|0x000000008d200000, 0x000000008d300000, 0x000000008d300000|100%| E|CS|TAMS 0x000000008d200000, 0x000000008d200000| Complete 
| 211|0x000000008d300000, 0x000000008d400000, 0x000000008d400000|100%| E|CS|TAMS 0x000000008d300000, 0x000000008d300000| Complete 
| 212|0x000000008d400000, 0x000000008d500000, 0x000000008d500000|100%| E|CS|TAMS 0x000000008d400000, 0x000000008d400000| Complete 
| 213|0x000000008d500000, 0x000000008d600000, 0x000000008d600000|100%| E|CS|TAMS 0x000000008d500000, 0x000000008d500000| Complete 
| 214|0x000000008d600000, 0x000000008d700000, 0x000000008d700000|100%| E|CS|TAMS 0x000000008d600000, 0x000000008d600000| Complete 
| 215|0x000000008d700000, 0x000000008d800000, 0x000000008d800000|100%| E|CS|TAMS 0x000000008d700000, 0x000000008d700000| Complete 
| 216|0x000000008d800000, 0x000000008d900000, 0x000000008d900000|100%| E|CS|TAMS 0x000000008d800000, 0x000000008d800000| Complete 
| 217|0x000000008d900000, 0x000000008da00000, 0x000000008da00000|100%| E|CS|TAMS 0x000000008d900000, 0x000000008d900000| Complete 
| 218|0x000000008da00000, 0x000000008db00000, 0x000000008db00000|100%| E|CS|TAMS 0x000000008da00000, 0x000000008da00000| Complete 
| 219|0x000000008db00000, 0x000000008dc00000, 0x000000008dc00000|100%| E|CS|TAMS 0x000000008db00000, 0x000000008db00000| Complete 
| 220|0x000000008dc00000, 0x000000008dd00000, 0x000000008dd00000|100%| E|CS|TAMS 0x000000008dc00000, 0x000000008dc00000| Complete 
| 221|0x000000008dd00000, 0x000000008de00000, 0x000000008de00000|100%| E|CS|TAMS 0x000000008dd00000, 0x000000008dd00000| Complete 

Card table byte_map: [0x000001ba51be0000,0x000001ba51fe0000] _byte_map_base: 0x000001ba517e0000

Marking Bits (Prev, Next): (CMBitMap*) 0x000001ba3e9dc498, (CMBitMap*) 0x000001ba3e9dc4d0
 Prev Bits: [0x000001ba523e0000, 0x000001ba543e0000)
 Next Bits: [0x000001ba543e0000, 0x000001ba563e0000)

Polling page: 0x000001ba3e180000

Metaspace:

Usage:
  Non-class:     95.06 MB capacity,    93.58 MB ( 98%) used,     1.17 MB (  1%) free+waste,   318.44 KB ( <1%) overhead. 
      Class:     14.42 MB capacity,    13.46 MB ( 93%) used,   842.91 KB (  6%) free+waste,   142.50 KB ( <1%) overhead. 
       Both:    109.48 MB capacity,   107.04 MB ( 98%) used,     1.99 MB (  2%) free+waste,   460.94 KB ( <1%) overhead. 

Virtual space:
  Non-class space:       96.00 MB reserved,      95.18 MB (>99%) committed 
      Class space:        1.00 GB reserved,      14.45 MB (  1%) committed 
             Both:        1.09 GB reserved,     109.63 MB ( 10%) committed 

Chunk freelists:
   Non-Class:  0 bytes
       Class:  10.00 KB
        Both:  10.00 KB

MaxMetaspaceSize: 17179869184.00 GB
CompressedClassSpaceSize: 1.00 GB
Initial GC threshold: 20.80 MB
Current GC threshold: 174.60 MB
CDS: off

CodeHeap 'non-profiled nmethods': size=120000Kb used=9695Kb max_used=9695Kb free=110304Kb
 bounds [0x000001ba49f80000, 0x000001ba4a900000, 0x000001ba514b0000]
CodeHeap 'profiled nmethods': size=120000Kb used=33392Kb max_used=33392Kb free=86607Kb
 bounds [0x000001ba42a50000, 0x000001ba44af0000, 0x000001ba49f80000]
CodeHeap 'non-nmethods': size=5760Kb used=2422Kb max_used=2460Kb free=3337Kb
 bounds [0x000001ba424b0000, 0x000001ba42730000, 0x000001ba42a50000]
 total_blobs=16054 nmethods=15108 adapters=858
 compilation: enabled
              stopped_count=0, restarted_count=0
 full_count=0

Compilation events (20 events):
Event: 30.313 Thread 0x000001ba58e50800 nmethod 15232 0x000001ba44aa6090 code [0x000001ba44aa6260, 0x000001ba44aa64d8]
Event: 30.313 Thread 0x000001ba58e50800 15199       1       com.android.tools.r8.graph.w0::h (5 bytes)
Event: 30.313 Thread 0x000001ba58e50800 nmethod 15199 0x000001ba4a8f3c90 code [0x000001ba4a8f3e40, 0x000001ba4a8f3ef8]
Event: 30.313 Thread 0x000001ba58e50800 15201       3       java.util.IdentityHashMap::init (11 bytes)
Event: 30.313 Thread 0x000001ba58e50800 nmethod 15201 0x000001ba44aa6610 code [0x000001ba44aa67c0, 0x000001ba44aa69b8]
Event: 30.313 Thread 0x000001ba58e50800 15202       1       com.android.tools.r8.internal.ss::i0 (5 bytes)
Event: 30.313 Thread 0x000001ba58e50800 nmethod 15202 0x000001ba4a8f3f90 code [0x000001ba4a8f4140, 0x000001ba4a8f41f8]
Event: 30.313 Thread 0x000001ba58e50800 15205       1       com.android.tools.r8.graph.o2::h (5 bytes)
Event: 30.313 Thread 0x000001ba58e50800 nmethod 15205 0x000001ba4a8f4290 code [0x000001ba4a8f4440, 0x000001ba4a8f44d8]
Event: 30.313 Thread 0x000001ba58e50800 15213       1       com.android.tools.r8.graph.o2::b (5 bytes)
Event: 30.313 Thread 0x000001ba58e50800 nmethod 15213 0x000001ba4a8f4590 code [0x000001ba4a8f4740, 0x000001ba4a8f47d8]
Event: 30.313 Thread 0x000001ba58e50800 15215       1       com.android.tools.r8.graph.o2::c (5 bytes)
Event: 30.314 Thread 0x000001ba58e50800 nmethod 15215 0x000001ba4a8f4890 code [0x000001ba4a8f4a40, 0x000001ba4a8f4ad8]
Event: 30.314 Thread 0x000001ba58e50800 15214       1       com.android.tools.r8.internal.AI::e (2 bytes)
Event: 30.314 Thread 0x000001ba58e50800 nmethod 15214 0x000001ba4a8f4b90 code [0x000001ba4a8f4d40, 0x000001ba4a8f4df8]
Event: 30.314 Thread 0x000001ba58e50800 15238       3       com.android.tools.r8.graph.D1$e::<init> (10 bytes)
Event: 30.314 Thread 0x000001ba58e50800 nmethod 15238 0x000001ba44aa6a90 code [0x000001ba44aa6c40, 0x000001ba44aa6e58]
Event: 30.314 Thread 0x000001ba58e50800 15237       3       com.android.tools.r8.internal.oy::b (4 bytes)
Event: 30.315 Thread 0x000001ba58e50800 nmethod 15237 0x000001ba44aa6f90 code [0x000001ba44aa7140, 0x000001ba44aa7238]
Event: 30.315 Thread 0x000001ba58e50800 15244       3       com.android.tools.r8.internal.le::e (297 bytes)

GC Heap History (20 events):
Event: 24.066 GC heap before
{Heap before GC invocations=29 (full 0):
 garbage-first heap   total 189440K, used 156864K [0x0000000080000000, 0x0000000100000000)
  region size 1024K, 36 young (36864K), 5 survivors (5120K)
 Metaspace       used 92863K, capacity 95070K, committed 96264K, reserved 1132544K
  class space    used 11932K, capacity 12771K, committed 13136K, reserved 1048576K
}
Event: 24.081 GC heap after
{Heap after GC invocations=30 (full 0):
 garbage-first heap   total 189440K, used 115810K [0x0000000080000000, 0x0000000100000000)
  region size 1024K, 5 young (5120K), 5 survivors (5120K)
 Metaspace       used 92863K, capacity 95070K, committed 96264K, reserved 1132544K
  class space    used 11932K, capacity 12771K, committed 13136K, reserved 1048576K
}
Event: 24.511 GC heap before
{Heap before GC invocations=30 (full 0):
 garbage-first heap   total 189440K, used 145506K [0x0000000080000000, 0x0000000100000000)
  region size 1024K, 35 young (35840K), 5 survivors (5120K)
 Metaspace       used 95834K, capacity 98073K, committed 99336K, reserved 1134592K
  class space    used 12162K, capacity 12995K, committed 13392K, reserved 1048576K
}
Event: 24.521 GC heap after
{Heap after GC invocations=31 (full 0):
 garbage-first heap   total 227328K, used 119298K [0x0000000080000000, 0x0000000100000000)
  region size 1024K, 4 young (4096K), 4 survivors (4096K)
 Metaspace       used 95834K, capacity 98073K, committed 99336K, reserved 1134592K
  class space    used 12162K, capacity 12995K, committed 13392K, reserved 1048576K
}
Event: 25.056 GC heap before
{Heap before GC invocations=32 (full 0):
 garbage-first heap   total 227328K, used 148994K [0x0000000080000000, 0x0000000100000000)
  region size 1024K, 46 young (47104K), 4 survivors (4096K)
 Metaspace       used 96855K, capacity 99004K, committed 100104K, reserved 1136640K
  class space    used 12216K, capacity 13028K, committed 13392K, reserved 1048576K
}
Event: 25.063 GC heap after
{Heap after GC invocations=33 (full 0):
 garbage-first heap   total 227328K, used 108663K [0x0000000080000000, 0x0000000100000000)
  region size 1024K, 3 young (3072K), 3 survivors (3072K)
 Metaspace       used 96855K, capacity 99004K, committed 100104K, reserved 1136640K
  class space    used 12216K, capacity 13028K, committed 13392K, reserved 1048576K
}
Event: 25.108 GC heap before
{Heap before GC invocations=33 (full 0):
 garbage-first heap   total 227328K, used 116855K [0x0000000080000000, 0x0000000100000000)
  region size 1024K, 11 young (11264K), 3 survivors (3072K)
 Metaspace       used 96931K, capacity 99068K, committed 100104K, reserved 1136640K
  class space    used 12219K, capacity 13028K, committed 13392K, reserved 1048576K
}
Event: 25.116 GC heap after
{Heap after GC invocations=34 (full 0):
 garbage-first heap   total 227328K, used 100009K [0x0000000080000000, 0x0000000100000000)
  region size 1024K, 2 young (2048K), 2 survivors (2048K)
 Metaspace       used 96931K, capacity 99068K, committed 100104K, reserved 1136640K
  class space    used 12219K, capacity 13028K, committed 13392K, reserved 1048576K
}
Event: 25.973 GC heap before
{Heap before GC invocations=34 (full 0):
 garbage-first heap   total 227328K, used 154281K [0x0000000080000000, 0x0000000100000000)
  region size 1024K, 54 young (55296K), 2 survivors (2048K)
 Metaspace       used 98256K, capacity 100407K, committed 101512K, reserved 1136640K
  class space    used 12337K, capacity 13167K, committed 13520K, reserved 1048576K
}
Event: 25.982 GC heap after
{Heap after GC invocations=35 (full 0):
 garbage-first heap   total 227328K, used 104894K [0x0000000080000000, 0x0000000100000000)
  region size 1024K, 7 young (7168K), 7 survivors (7168K)
 Metaspace       used 98256K, capacity 100407K, committed 101512K, reserved 1136640K
  class space    used 12337K, capacity 13167K, committed 13520K, reserved 1048576K
}
Event: 27.028 GC heap before
{Heap before GC invocations=35 (full 0):
 garbage-first heap   total 227328K, used 158142K [0x0000000080000000, 0x0000000100000000)
  region size 1024K, 60 young (61440K), 7 survivors (7168K)
 Metaspace       used 100233K, capacity 102385K, committed 103560K, reserved 1138688K
  class space    used 12542K, capacity 13345K, committed 13776K, reserved 1048576K
}
Event: 27.040 GC heap after
{Heap after GC invocations=36 (full 0):
 garbage-first heap   total 227328K, used 110119K [0x0000000080000000, 0x0000000100000000)
  region size 1024K, 6 young (6144K), 6 survivors (6144K)
 Metaspace       used 100233K, capacity 102385K, committed 103560K, reserved 1138688K
  class space    used 12542K, capacity 13345K, committed 13776K, reserved 1048576K
}
Event: 27.767 GC heap before
{Heap before GC invocations=36 (full 0):
 garbage-first heap   total 227328K, used 163367K [0x0000000080000000, 0x0000000100000000)
  region size 1024K, 59 young (60416K), 6 survivors (6144K)
 Metaspace       used 103736K, capacity 105974K, committed 107016K, reserved 1142784K
  class space    used 13000K, capacity 13836K, committed 14160K, reserved 1048576K
}
Event: 27.778 GC heap after
{Heap after GC invocations=37 (full 0):
 garbage-first heap   total 227328K, used 110962K [0x0000000080000000, 0x0000000100000000)
  region size 1024K, 1 young (1024K), 1 survivors (1024K)
 Metaspace       used 103736K, capacity 105974K, committed 107016K, reserved 1142784K
  class space    used 13000K, capacity 13836K, committed 14160K, reserved 1048576K
}
Event: 28.986 GC heap before
{Heap before GC invocations=38 (full 0):
 garbage-first heap   total 227328K, used 162162K [0x0000000080000000, 0x0000000100000000)
  region size 1024K, 58 young (59392K), 1 survivors (1024K)
 Metaspace       used 104781K, capacity 107001K, committed 107912K, reserved 1142784K
  class space    used 13076K, capacity 13917K, committed 14288K, reserved 1048576K
}
Event: 28.995 GC heap after
{Heap after GC invocations=39 (full 0):
 garbage-first heap   total 227328K, used 107808K [0x0000000080000000, 0x0000000100000000)
  region size 1024K, 4 young (4096K), 4 survivors (4096K)
 Metaspace       used 104781K, capacity 107001K, committed 107912K, reserved 1142784K
  class space    used 13076K, capacity 13917K, committed 14288K, reserved 1048576K
}
Event: 29.265 GC heap before
{Heap before GC invocations=39 (full 0):
 garbage-first heap   total 227328K, used 113952K [0x0000000080000000, 0x0000000100000000)
  region size 1024K, 11 young (11264K), 4 survivors (4096K)
 Metaspace       used 104796K, capacity 107066K, committed 107912K, reserved 1142784K
  class space    used 13076K, capacity 13917K, committed 14288K, reserved 1048576K
}
Event: 29.273 GC heap after
{Heap after GC invocations=40 (full 0):
 garbage-first heap   total 227328K, used 98331K [0x0000000080000000, 0x0000000100000000)
  region size 1024K, 1 young (1024K), 1 survivors (1024K)
 Metaspace       used 104796K, capacity 107066K, committed 107912K, reserved 1142784K
  class space    used 13076K, capacity 13917K, committed 14288K, reserved 1048576K
}
Event: 29.889 GC heap before
{Heap before GC invocations=40 (full 0):
 garbage-first heap   total 227328K, used 162843K [0x0000000080000000, 0x0000000100000000)
  region size 1024K, 65 young (66560K), 1 survivors (1024K)
 Metaspace       used 106129K, capacity 108396K, committed 109064K, reserved 1144832K
  class space    used 13246K, capacity 14124K, committed 14416K, reserved 1048576K
}
Event: 29.896 GC heap after
{Heap after GC invocations=41 (full 0):
 garbage-first heap   total 227328K, used 108202K [0x0000000080000000, 0x0000000100000000)
  region size 1024K, 9 young (9216K), 9 survivors (9216K)
 Metaspace       used 106129K, capacity 108396K, committed 109064K, reserved 1144832K
  class space    used 13246K, capacity 14124K, committed 14416K, reserved 1048576K
}

Deoptimization events (20 events):
Event: 29.904 Thread 0x000001ba5c8ef800 Uncommon trap: trap_request=0xffffff4d fr.pc=0x000001ba4a4e9874 relative=0x0000000000000214
Event: 29.904 Thread 0x000001ba5c8ef800 Uncommon trap: reason=unstable_if action=reinterpret pc=0x000001ba4a4e9874 method=com.google.common.collect.MapMakerInternalMap$Segment.getEntry(Ljava/lang/Object;I)Lcom/google/common/collect/MapMakerInternalMap$InternalEntry; @ 63 c2
Event: 29.904 Thread 0x000001ba5c8ef800 DEOPT PACKING pc=0x000001ba4a4e9874 sp=0x00000017493f8af0
Event: 29.904 Thread 0x000001ba5c8ef800 DEOPT UNPACKING pc=0x000001ba424fa1af sp=0x00000017493f8aa8 mode 2
Event: 30.029 Thread 0x000001ba5cfb7000 Uncommon trap: trap_request=0xffffff4d fr.pc=0x000001ba4a4e92ac relative=0x000000000000038c
Event: 30.029 Thread 0x000001ba5c8e6800 Uncommon trap: trap_request=0xffffff4d fr.pc=0x000001ba4a4e92ac relative=0x000000000000038c
Event: 30.029 Thread 0x000001ba5cfb7000 Uncommon trap: reason=unstable_if action=reinterpret pc=0x000001ba4a4e92ac method=java.util.stream.StreamOpFlag.getMask(I)I @ 1 c2
Event: 30.029 Thread 0x000001ba5c8e6800 Uncommon trap: reason=unstable_if action=reinterpret pc=0x000001ba4a4e92ac method=java.util.stream.StreamOpFlag.getMask(I)I @ 1 c2
Event: 30.029 Thread 0x000001ba5cfb7000 DEOPT PACKING pc=0x000001ba4a4e92ac sp=0x000000174c0fa360
Event: 30.029 Thread 0x000001ba5cfb7000 DEOPT UNPACKING pc=0x000001ba424fa1af sp=0x000000174c0fa250 mode 2
Event: 30.029 Thread 0x000001ba5d3fd800 Uncommon trap: trap_request=0xffffff4d fr.pc=0x000001ba4a4e92ac relative=0x000000000000038c
Event: 30.029 Thread 0x000001ba5c8e6800 DEOPT PACKING pc=0x000001ba4a4e92ac sp=0x00000017487fa750
Event: 30.029 Thread 0x000001ba5c8e6800 DEOPT UNPACKING pc=0x000001ba424fa1af sp=0x00000017487fa640 mode 2
Event: 30.029 Thread 0x000001ba5d3fd800 Uncommon trap: reason=unstable_if action=reinterpret pc=0x000001ba4a4e92ac method=java.util.stream.StreamOpFlag.getMask(I)I @ 1 c2
Event: 30.029 Thread 0x000001ba5d3fd800 DEOPT PACKING pc=0x000001ba4a4e92ac sp=0x00000017499fa5a0
Event: 30.029 Thread 0x000001ba5d3fd800 DEOPT UNPACKING pc=0x000001ba424fa1af sp=0x00000017499fa490 mode 2
Event: 30.222 Thread 0x000001ba5d409000 Uncommon trap: trap_request=0xffffff4d fr.pc=0x000001ba4a8f040c relative=0x000000000000006c
Event: 30.222 Thread 0x000001ba5d409000 Uncommon trap: reason=unstable_if action=reinterpret pc=0x000001ba4a8f040c method=com.android.tools.r8.graph.d1.a(C[BI)I @ 1 c2
Event: 30.222 Thread 0x000001ba5d409000 DEOPT PACKING pc=0x000001ba4a8f040c sp=0x000000174a6f9b60
Event: 30.222 Thread 0x000001ba5d409000 DEOPT UNPACKING pc=0x000001ba424fa1af sp=0x000000174a6f9ae8 mode 2

Classes redefined (0 events):
No events

Internal exceptions (20 events):
Event: 30.192 Thread 0x000001ba5cfb7000 Exception <a 'java/lang/IncompatibleClassChangeError'{0x000000008be4b1f0}: Found class java.lang.Object, but interface was expected> (0x000000008be4b1f0) thrown at [./src/hotspot/share/interpreter/linkResolver.cpp, line 839]
Event: 30.192 Thread 0x000001ba5cfbe000 Exception <a 'java/lang/IncompatibleClassChangeError'{0x000000008bd50868}: Found class java.lang.Object, but interface was expected> (0x000000008bd50868) thrown at [./src/hotspot/share/interpreter/linkResolver.cpp, line 839]
Event: 30.192 Thread 0x000001ba5c8e6800 Exception <a 'java/lang/IncompatibleClassChangeError'{0x000000008bd30920}: Found class java.lang.Object, but interface was expected> (0x000000008bd30920) thrown at [./src/hotspot/share/interpreter/linkResolver.cpp, line 839]
Event: 30.192 Thread 0x000001ba5d409000 Exception <a 'java/lang/IncompatibleClassChangeError'{0x000000008bef1e18}: Found class java.lang.Object, but interface was expected> (0x000000008bef1e18) thrown at [./src/hotspot/share/interpreter/linkResolver.cpp, line 839]
Event: 30.192 Thread 0x000001ba5d3fa000 Exception <a 'java/lang/IncompatibleClassChangeError'{0x000000008bed1648}: Found class java.lang.Object, but interface was expected> (0x000000008bed1648) thrown at [./src/hotspot/share/interpreter/linkResolver.cpp, line 839]
Event: 30.192 Thread 0x000001ba5d3fd800 Exception <a 'java/lang/IncompatibleClassChangeError'{0x000000008bd2ecd8}: Found class java.lang.Object, but interface was expected> (0x000000008bd2ecd8) thrown at [./src/hotspot/share/interpreter/linkResolver.cpp, line 839]
Event: 30.213 Thread 0x000001ba5c8ef800 Exception <a 'java/lang/NoSuchMethodError'{0x000000008bc7e238}: 'void java.lang.invoke.DirectMethodHandle$Holder.invokeStatic(java.lang.Object, java.lang.Object, int, java.lang.Object, java.lang.Object, java.lang.Object, java.lang.Object)'> (0x000000008bc7e238) thrown at [./src/hotspot/share/interpreter/linkResolver.cpp, line 773]
Event: 30.213 Thread 0x000001ba5c8e8000 Exception <a 'java/lang/NoSuchMethodError'{0x000000008bd949d8}: 'void java.lang.invoke.DirectMethodHandle$Holder.invokeStatic(java.lang.Object, java.lang.Object, int, java.lang.Object, java.lang.Object, java.lang.Object, java.lang.Object)'> (0x000000008bd949d8) thrown at [./src/hotspot/share/interpreter/linkResolver.cpp, line 773]
Event: 30.266 Thread 0x000001ba5c8ef800 Exception <a 'java/lang/NoSuchMethodError'{0x000000008b92afe8}: 'java.lang.Object java.lang.invoke.DirectMethodHandle$Holder.invokeStatic(java.lang.Object, long)'> (0x000000008b92afe8) thrown at [./src/hotspot/share/interpreter/linkResolver.cpp, line 773]
Event: 30.266 Thread 0x000001ba5d409000 Exception <a 'java/lang/NoSuchMethodError'{0x000000008b93e1f8}: 'java.lang.Object java.lang.invoke.DirectMethodHandle$Holder.invokeStatic(java.lang.Object, long)'> (0x000000008b93e1f8) thrown at [./src/hotspot/share/interpreter/linkResolver.cpp, line 773]
Event: 30.266 Thread 0x000001ba5d3fd800 Exception <a 'java/lang/NoSuchMethodError'{0x000000008b933c00}: 'java.lang.Object java.lang.invoke.DirectMethodHandle$Holder.invokeStatic(java.lang.Object, long)'> (0x000000008b933c00) thrown at [./src/hotspot/share/interpreter/linkResolver.cpp, line 773]
Event: 30.267 Thread 0x000001ba5d409000 Exception <a 'java/lang/NoSuchMethodError'{0x000000008b954c80}: 'java.lang.Object java.lang.invoke.DirectMethodHandle$Holder.invokeSpecial(java.lang.Object, java.lang.Object, long)'> (0x000000008b954c80) thrown at [./src/hotspot/share/interpreter/linkResolver.cpp, line 773]
Event: 30.267 Thread 0x000001ba5c8e6800 Exception <a 'java/lang/NoSuchMethodError'{0x000000008b94bb50}: 'java.lang.Object java.lang.invoke.DirectMethodHandle$Holder.invokeSpecial(java.lang.Object, java.lang.Object, long)'> (0x000000008b94bb50) thrown at [./src/hotspot/share/interpreter/linkResolver.cpp, line 773]
Event: 30.267 Thread 0x000001ba5c8ef800 Exception <a 'java/lang/NoSuchMethodError'{0x000000008b95f360}: 'java.lang.Object java.lang.invoke.DirectMethodHandle$Holder.invokeSpecial(java.lang.Object, java.lang.Object, long)'> (0x000000008b95f360) thrown at [./src/hotspot/share/interpreter/linkResolver.cpp, line 773]
Event: 30.267 Thread 0x000001ba5c8e6800 Exception <a 'java/lang/NoSuchMethodError'{0x000000008b95a038}: 'java.lang.Object java.lang.invoke.Invokers$Holder.linkToTargetMethod(long, java.lang.Object)'> (0x000000008b95a038) thrown at [./src/hotspot/share/interpreter/linkResolver.cpp, line 773]
Event: 30.268 Thread 0x000001ba5c8ef800 Exception <a 'java/lang/NoSuchMethodError'{0x000000008b962b18}: 'java.lang.Object java.lang.invoke.Invokers$Holder.linkToTargetMethod(long, java.lang.Object)'> (0x000000008b962b18) thrown at [./src/hotspot/share/interpreter/linkResolver.cpp, line 773]
Event: 30.269 Thread 0x000001ba5d409000 Exception <a 'java/lang/NoSuchMethodError'{0x000000008b958438}: 'java.lang.Object java.lang.invoke.Invokers$Holder.linkToTargetMethod(long, java.lang.Object)'> (0x000000008b958438) thrown at [./src/hotspot/share/interpreter/linkResolver.cpp, line 773]
Event: 30.269 Thread 0x000001ba5d3fd800 Exception <a 'java/lang/NoSuchMethodError'{0x000000008b951ca0}: 'java.lang.Object java.lang.invoke.Invokers$Holder.linkToTargetMethod(long, java.lang.Object)'> (0x000000008b951ca0) thrown at [./src/hotspot/share/interpreter/linkResolver.cpp, line 773]
Event: 30.269 Thread 0x000001ba5cfb7000 Exception <a 'java/lang/NoSuchMethodError'{0x000000008b939750}: 'java.lang.Object java.lang.invoke.Invokers$Holder.linkToTargetMethod(long, java.lang.Object)'> (0x000000008b939750) thrown at [./src/hotspot/share/interpreter/linkResolver.cpp, line 773]
Event: 30.269 Thread 0x000001ba5c8e8000 Exception <a 'java/lang/NoSuchMethodError'{0x000000008bcd0ca0}: 'java.lang.Object java.lang.invoke.Invokers$Holder.linkToTargetMethod(long, java.lang.Object)'> (0x000000008bcd0ca0) thrown at [./src/hotspot/share/interpreter/linkResolver.cpp, line 773]

Events (20 events):
Event: 30.310 loading class com/android/tools/r8/synthesis/h
Event: 30.310 loading class com/android/tools/r8/synthesis/h done
Event: 30.310 loading class com/android/tools/r8/synthesis/k
Event: 30.310 loading class com/android/tools/r8/synthesis/k done
Event: 30.311 loading class com/android/tools/r8/synthesis/i
Event: 30.311 loading class com/android/tools/r8/synthesis/i done
Event: 30.311 loading class com/android/tools/r8/internal/NV
Event: 30.311 loading class com/android/tools/r8/internal/NV done
Event: 30.312 loading class com/android/tools/r8/synthesis/f
Event: 30.312 loading class com/android/tools/r8/synthesis/f done
Event: 30.312 loading class com/android/tools/r8/synthesis/w
Event: 30.312 loading class com/android/tools/r8/synthesis/w done
Event: 30.313 loading class com/android/tools/r8/internal/XV
Event: 30.313 loading class com/android/tools/r8/internal/XV done
Event: 30.313 loading class com/android/tools/r8/internal/cH
Event: 30.313 loading class com/android/tools/r8/internal/cH done
Event: 30.313 loading class com/android/tools/r8/synthesis/A
Event: 30.313 loading class com/android/tools/r8/synthesis/A done
Event: 30.315 loading class com/android/tools/r8/internal/N0
Event: 30.315 loading class com/android/tools/r8/internal/N0 done


Dynamic libraries:
0x00007ff784760000 - 0x00007ff78476a000 	C:\Program Files\Android\Android Studio\jre\bin\java.exe
0x00007ffe5eb70000 - 0x00007ffe5ed68000 	C:\WINDOWS\SYSTEM32\ntdll.dll
0x00007ffe5d0a0000 - 0x00007ffe5d15d000 	C:\WINDOWS\System32\KERNEL32.DLL
0x00007ffe5c2c0000 - 0x00007ffe5c58e000 	C:\WINDOWS\System32\KERNELBASE.dll
0x00007ffe5c630000 - 0x00007ffe5c730000 	C:\WINDOWS\System32\ucrtbase.dll
0x00007ffe51630000 - 0x00007ffe51647000 	C:\Program Files\Android\Android Studio\jre\bin\VCRUNTIME140.dll
0x00007ffe51450000 - 0x00007ffe51469000 	C:\Program Files\Android\Android Studio\jre\bin\jli.dll
0x00007ffe5cee0000 - 0x00007ffe5d080000 	C:\WINDOWS\System32\USER32.dll
0x00007ffe5c290000 - 0x00007ffe5c2b2000 	C:\WINDOWS\System32\win32u.dll
0x00007ffe4ddb0000 - 0x00007ffe4e04a000 	C:\WINDOWS\WinSxS\amd64_microsoft.windows.common-controls_6595b64144ccf1df_6.0.19041.1110_none_60b5254171f9507e\COMCTL32.dll
0x00007ffe5e660000 - 0x00007ffe5e68a000 	C:\WINDOWS\System32\GDI32.dll
0x00007ffe5cd90000 - 0x00007ffe5ce2e000 	C:\WINDOWS\System32\msvcrt.dll
0x00007ffe5c9c0000 - 0x00007ffe5cacb000 	C:\WINDOWS\System32\gdi32full.dll
0x00007ffe5c7c0000 - 0x00007ffe5c85d000 	C:\WINDOWS\System32\msvcp_win.dll
0x00007ffe5e630000 - 0x00007ffe5e660000 	C:\WINDOWS\System32\IMM32.DLL
0x00007ffe34ae0000 - 0x00007ffe34b7d000 	C:\Program Files\Android\Android Studio\jre\bin\msvcp140.dll
0x00007ffe2ea80000 - 0x00007ffe2f565000 	C:\Program Files\Android\Android Studio\jre\bin\server\jvm.dll
0x00007ffe5e400000 - 0x00007ffe5e4ae000 	C:\WINDOWS\System32\ADVAPI32.dll
0x00007ffe5d9e0000 - 0x00007ffe5da7c000 	C:\WINDOWS\System32\sechost.dll
0x00007ffe5d8b0000 - 0x00007ffe5d9d5000 	C:\WINDOWS\System32\RPCRT4.dll
0x00007ffe5ea40000 - 0x00007ffe5ea48000 	C:\WINDOWS\System32\PSAPI.DLL
0x00007ffe42240000 - 0x00007ffe42267000 	C:\WINDOWS\SYSTEM32\WINMM.dll
0x00007ffe562f0000 - 0x00007ffe562f9000 	C:\WINDOWS\SYSTEM32\WSOCK32.dll
0x00007ffe50070000 - 0x00007ffe5007a000 	C:\WINDOWS\SYSTEM32\VERSION.dll
0x00007ffe5e9d0000 - 0x00007ffe5ea3b000 	C:\WINDOWS\System32\WS2_32.dll
0x00007ffe5ab70000 - 0x00007ffe5ab82000 	C:\WINDOWS\SYSTEM32\kernel.appcore.dll
0x00007ffe51550000 - 0x00007ffe51561000 	C:\Program Files\Android\Android Studio\jre\bin\verify.dll
0x00007ffe56ee0000 - 0x00007ffe570c4000 	C:\WINDOWS\SYSTEM32\DBGHELP.DLL
0x00007ffe4fcf0000 - 0x00007ffe4fd1c000 	C:\WINDOWS\SYSTEM32\dbgcore.DLL
0x00007ffe5c730000 - 0x00007ffe5c7b2000 	C:\WINDOWS\System32\bcryptPrimitives.dll
0x00007ffe4bae0000 - 0x00007ffe4bb09000 	C:\Program Files\Android\Android Studio\jre\bin\java.dll
0x00007ffe53670000 - 0x00007ffe5367b000 	C:\Program Files\Android\Android Studio\jre\bin\jimage.dll
0x00007ffe51430000 - 0x00007ffe51448000 	C:\Program Files\Android\Android Studio\jre\bin\zip.dll
0x00007ffe5d160000 - 0x00007ffe5d8a4000 	C:\WINDOWS\System32\SHELL32.dll
0x00007ffe572f0000 - 0x00007ffe57a84000 	C:\WINDOWS\SYSTEM32\windows.storage.dll
0x00007ffe5da90000 - 0x00007ffe5dde4000 	C:\WINDOWS\System32\combase.dll
0x00007ffe5bc20000 - 0x00007ffe5bc50000 	C:\WINDOWS\SYSTEM32\Wldp.dll
0x00007ffe5cbd0000 - 0x00007ffe5cc7d000 	C:\WINDOWS\System32\SHCORE.dll
0x00007ffe5e7c0000 - 0x00007ffe5e815000 	C:\WINDOWS\System32\shlwapi.dll
0x00007ffe5c1d0000 - 0x00007ffe5c1ef000 	C:\WINDOWS\SYSTEM32\profapi.dll
0x00007ffe4bac0000 - 0x00007ffe4bada000 	C:\Program Files\Android\Android Studio\jre\bin\net.dll
0x00007ffe4d8d0000 - 0x00007ffe4d9da000 	C:\WINDOWS\SYSTEM32\WINHTTP.dll
0x00007ffe5b980000 - 0x00007ffe5b9ea000 	C:\WINDOWS\system32\mswsock.dll
0x00007ffe4baa0000 - 0x00007ffe4bab4000 	C:\Program Files\Android\Android Studio\jre\bin\nio.dll
0x00007ffe4bb30000 - 0x00007ffe4bb57000 	C:\Users\Rajesh\.gradle\native\e1d6ef7f7dcc3fd88c89a11ec53ec762bb8ba0a96d01ffa2cd45eb1d1d8dd5c5\windows-amd64\native-platform.dll
0x00007ffe2e2c0000 - 0x00007ffe2e404000 	C:\Users\Rajesh\.gradle\native\5664cfc778a61ccfe75a443a1ab52a65af34e5dc3c78e0209fed803814484fcb\windows-amd64\native-platform-file-events.dll
0x00007ffe51f80000 - 0x00007ffe51f8a000 	C:\Program Files\Android\Android Studio\jre\bin\management.dll
0x00007ffe51540000 - 0x00007ffe5154d000 	C:\Program Files\Android\Android Studio\jre\bin\management_ext.dll
0x00007ffe5bb70000 - 0x00007ffe5bb88000 	C:\WINDOWS\SYSTEM32\CRYPTSP.dll
0x00007ffe5b300000 - 0x00007ffe5b334000 	C:\WINDOWS\system32\rsaenh.dll
0x00007ffe5c600000 - 0x00007ffe5c627000 	C:\WINDOWS\System32\bcrypt.dll
0x00007ffe5c140000 - 0x00007ffe5c16e000 	C:\WINDOWS\SYSTEM32\USERENV.dll
0x00007ffe5bb90000 - 0x00007ffe5bb9c000 	C:\WINDOWS\SYSTEM32\CRYPTBASE.dll
0x00007ffe5b670000 - 0x00007ffe5b6ab000 	C:\WINDOWS\SYSTEM32\IPHLPAPI.DLL
0x00007ffe5e3f0000 - 0x00007ffe5e3f8000 	C:\WINDOWS\System32\NSI.dll
0x00007ffe51150000 - 0x00007ffe51167000 	C:\WINDOWS\SYSTEM32\dhcpcsvc6.DLL
0x00007ffe51db0000 - 0x00007ffe51dcd000 	C:\WINDOWS\SYSTEM32\dhcpcsvc.DLL
0x00007ffe5b6b0000 - 0x00007ffe5b77b000 	C:\WINDOWS\SYSTEM32\DNSAPI.dll
0x00007ffe5b050000 - 0x00007ffe5b083000 	C:\WINDOWS\SYSTEM32\ntmarta.dll

dbghelp: loaded successfully - version: 4.0.5 - missing functions: none
symbol engine: initialized successfully - sym options: 0x614 - pdb path: .;C:\Program Files\Android\Android Studio\jre\bin;C:\WINDOWS\SYSTEM32;C:\WINDOWS\WinSxS\amd64_microsoft.windows.common-controls_6595b64144ccf1df_6.0.19041.1110_none_60b5254171f9507e;C:\Program Files\Android\Android Studio\jre\bin\server;C:\Users\Rajesh\.gradle\native\e1d6ef7f7dcc3fd88c89a11ec53ec762bb8ba0a96d01ffa2cd45eb1d1d8dd5c5\windows-amd64;C:\Users\Rajesh\.gradle\native\5664cfc778a61ccfe75a443a1ab52a65af34e5dc3c78e0209fed803814484fcb\windows-amd64

VM Arguments:
jvm_args: --add-opens=java.base/java.util=ALL-UNNAMED --add-opens=java.base/java.lang=ALL-UNNAMED --add-opens=java.base/java.lang.invoke=ALL-UNNAMED --add-opens=java.base/java.util=ALL-UNNAMED --add-opens=java.prefs/java.util.prefs=ALL-UNNAMED --add-opens=java.prefs/java.util.prefs=ALL-UNNAMED --add-opens=java.base/java.nio.charset=ALL-UNNAMED --add-opens=java.base/java.net=ALL-UNNAMED --add-opens=java.base/java.util.concurrent.atomic=ALL-UNNAMED -Xmx2048m -Dfile.encoding=UTF-8 -Duser.country=US -Duser.language=en -Duser.variant 
java_command: org.gradle.launcher.daemon.bootstrap.GradleDaemon 7.3.3
java_class_path (initial): C:\Users\Rajesh\.gradle\wrapper\dists\gradle-7.3.3-bin\6a41zxkdtcxs8rphpq6y0069z\gradle-7.3.3\lib\gradle-launcher-7.3.3.jar
Launcher Type: SUN_STANDARD

[Global flags]
     intx CICompilerCount                          = 4                                         {product} {ergonomic}
     uint ConcGCThreads                            = 2                                         {product} {ergonomic}
     uint G1ConcRefinementThreads                  = 8                                         {product} {ergonomic}
   size_t G1HeapRegionSize                         = 1048576                                   {product} {ergonomic}
    uintx GCDrainStackTargetSize                   = 64                                        {product} {ergonomic}
   size_t InitialHeapSize                          = 134217728                                 {product} {ergonomic}
   size_t MarkStackSize                            = 4194304                                   {product} {ergonomic}
   size_t MaxHeapSize                              = 2147483648                                {product} {command line}
   size_t MaxNewSize                               = 1287651328                                {product} {ergonomic}
   size_t MinHeapDeltaBytes                        = 1048576                                   {product} {ergonomic}
    uintx NonNMethodCodeHeapSize                   = 5836300                                {pd product} {ergonomic}
    uintx NonProfiledCodeHeapSize                  = 122910970                              {pd product} {ergonomic}
    uintx ProfiledCodeHeapSize                     = 122910970                              {pd product} {ergonomic}
    uintx ReservedCodeCacheSize                    = 251658240                              {pd product} {ergonomic}
     bool SegmentedCodeCache                       = true                                      {product} {ergonomic}
     bool UseCompressedClassPointers               = true                                 {lp64_product} {ergonomic}
     bool UseCompressedOops                        = true                                 {lp64_product} {ergonomic}
     bool UseG1GC                                  = true                                      {product} {ergonomic}
     bool UseLargePagesIndividualAllocation        = false                                  {pd product} {ergonomic}

Logging:
Log output configuration:
 #0: stdout all=warning uptime,level,tags
 #1: stderr all=off uptime,level,tags

Environment Variables:
PATH=C:\Program Files\Common Files\Oracle\Java\javapath;C:\WINDOWS\system32;C:\WINDOWS;C:\WINDOWS\System32\Wbem;C:\WINDOWS\System32\WindowsPowerShell\v1.0\;C:\WINDOWS\System32\OpenSSH\;C:\Program Files\Git\cmd;C:\Program Files (x86)\NVIDIA Corporation\PhysX\Common;C:\Users\Rajesh\AppData\Local\Microsoft\WindowsApps;
USERNAME=Rajesh
OS=Windows_NT
PROCESSOR_IDENTIFIER=Intel64 Family 6 Model 142 Stepping 10, GenuineIntel



---------------  S Y S T E M  ---------------

OS: Windows 10 , 64 bit Build 19041 (10.0.19041.1806)
OS uptime: 1 days 3:51 hours

CPU:total 8 (initial active 8) (4 cores per cpu, 2 threads per core) family 6 model 142 stepping 10 microcode 0xb4, cmov, cx8, fxsr, mmx, sse, sse2, sse3, ssse3, sse4.1, sse4.2, popcnt, avx, avx2, aes, clmul, erms, 3dnowpref, lzcnt, ht, tsc, tscinvbit, bmi1, bmi2, adx, fma

Memory: 4k page, system-wide physical 8087M (475M free)
TotalPageFile size 22216M (AvailPageFile size 6M)
current process WorkingSet (physical memory assigned to process): 581M, peak: 582M
current process commit charge ("private bytes"): 637M, peak: 637M

vm_info: OpenJDK 64-Bit Server VM (11.0.12+7-b1504.28-7817840) for windows-amd64 JRE (11.0.12+7-b1504.28-7817840), built on Oct 13 2021 22:12:33 by "builder" with MS VC++ 14.0 (VS2015)

END.
